1576696232 1576696232980 691.2855
1576696234 1576696234607 309.0723
1576696235 1576696235684 221.7307
1576696235 1576696235820 282.5169
1576696235 1576696235906 307.0134
1576696236 1576696236451 280.4558
1576696237 1576696237165 311.1452
1576696237 1576696237994 344.4418
1576696240 1576696240136 298.458
1576696240 1576696240852 278.6892
1576696242 1576696242389 311.5005
1576696242 1576696242627 220.0265
1576696247 1576696247200 336.6241
1576696247 1576696247815 266.361
1576696249 1576696249555 327.9051
1576696251 1576696251194 257.8243
1576696251 1576696251706 310.9938
1576696253 1576696253235 304.6306
1576696255 1576696255796 261.22
1576696257 1576696257023 320.2184
1576696258 1576696258356 282.015
1576696260 1576696260506 367.4019
1576696260 1576696260827 212.5975
1576696262 1576696262758 322.527
1576696263 1576696263681 339.5175
1576696264 1576696264298 316.6939
1576696266 1576696266145 295.3566
1576696266 1576696266249 257.0342
1576696267 1576696267380 222.5301
1576696269 1576696269791 268.4971
1576696270 1576696270642 255.5267
1576696270 1576696270948 215.9506
1576696271 1576696271102 264.0146
1576696273 1576696273614 274.5427
1576696274 1576696274638 317.0936
1576696279 1576696279797 255.1727
1576696281 1576696281822 215.0352
1576696283 1576696283445 286.5494
1576696283 1576696283956 278.9323
1576696285 1576696285188 281.3528
1576696287 1576696287330 207.8556
1576696288 1576696288667 284.542
1576696289 1576696289587 281.5985
1576696290 1576696290407 323.4681
1576696290 1576696290679 212.1569
1576696292 1576696292762 247.5655
1576696294 1576696294436 464.1303
1576696294 1576696294497 283.0235
1576696295 1576696295548 213.2509
1576696297 1576696297064 391.7322
1576696297 1576696297067 326.4153
1576696297 1576696297474 216.4552
1576696299 1576696299114 293.877
1576696300 1576696300136 294.2246
1576696300 1576696300852 294.9092
1576696307 1576696307713 300.0377
1576696307 1576696307904 214.5314
1576696308 1576696308738 309.4193
1576696309 1576696309357 249.7838
1576696310 1576696310476 251.587
1576696310 1576696310737 213.734
1576696311 1576696311048 214.6944
1576696312 1576696312427 252.8741
1576696312 1576696312936 296.9793
1576696318 1576696318977 336.5931
1576696321 1576696321744 317.2941
1576696323 1576696323277 298.48
1576696323 1576696323423 250.0375
1576696326 1576696326349 268.2269
1576696327 1576696327082 274.0755
1576696328 1576696328603 297.432
1576696328 1576696328724 246.5923
1576696329 1576696329328 297.7006
1576696330 1576696330556 306.1268
1576696331 1576696331889 251.5022
1576696332 1576696332800 336.8979
1576696333 1576696333639 241.698
1576696334 1576696334339 262.7315
1576696336 1576696336387 267.3293
1576696338 1576696338218 355.4512
1576696338 1576696338237 398.7579
1576696338 1576696338391 329.9294
1576696339 1576696339558 257.8372
1576696340 1576696340278 259.652
1576696340 1576696340891 292.4773
1576696341 1576696341505 252.6724
1576696342 1576696342084 218.4786
1576696342 1576696342836 251.8128
1576696347 1576696347649 327.2721
1576696348 1576696348303 316.1017
1576696348 1576696348364 290.984
1576696348 1576696348503 306.5757
1576696349 1576696349953 211.1455
1576696352 1576696352073 328.0958
1576696352 1576696352982 317.5755
1576696357 1576696357278 460.2603
1576696358 1576696358203 285.4427
1576696361 1576696361172 338.4491
1576696361 1576696361350 250.5694
1576696361 1576696361586 216.3523
