# started on Wed Dec 18 20:10:29 2019

#           time             counts unit events
     1.000499106          6,586,024      cache-references                                            
     1.000499106          2,903,817      cache-misses              #   44.091 % of all cache refs    
     1.000499106              8,725      page-faults                                                 
     2.001019497            732,004      cache-references                                            
     2.001019497            391,763      cache-misses              #   10.707 % of all cache refs    
     2.001019497                  9      page-faults                                                 
     3.001443275            784,460      cache-references                                            
     3.001443275            431,054      cache-misses              #   15.960 % of all cache refs    
     3.001443275                487      page-faults                                                 
     4.001861911            617,383      cache-references                                            
     4.001861911            417,907      cache-misses              #   19.170 % of all cache refs    
     4.001861911                 38      page-faults                                                 
     5.002303434          1,350,219      cache-references                                            
     5.002303434            962,085      cache-misses              #   47.769 % of all cache refs    
     5.002303434                 62      page-faults                                                 
     6.002743071          1,247,355      cache-references                                            
     6.002743071            898,205      cache-misses              #   47.619 % of all cache refs    
     6.002743071                119      page-faults                                                 
     7.003158923          1,499,211      cache-references                                            
     7.003158923          1,014,106      cache-misses              #   55.387 % of all cache refs    
     7.003158923                 40      page-faults                                                 
     8.003571857          2,155,332      cache-references                                            
     8.003571857          1,689,161      cache-misses              #   90.257 % of all cache refs    
     8.003571857                  0      page-faults                                                 
     9.003988043          1,556,097      cache-references                                            
     9.003988043          1,090,082      cache-misses              #   59.358 % of all cache refs    
     9.003988043                157      page-faults                                                 
    10.004401748          1,120,172      cache-references                                            
    10.004401748            849,333      cache-misses              #   48.126 % of all cache refs    
    10.004401748                  0      page-faults                                                 
    11.004846012            567,244      cache-references                                            
    11.004846012            380,648      cache-misses              #   22.987 % of all cache refs    
    11.004846012                121      page-faults                                                 
    12.005195093          1,375,042      cache-references                                            
    12.005195093          1,044,112      cache-misses              #   63.956 % of all cache refs    
    12.005195093                  0      page-faults                                                 
    13.005615250            971,139      cache-references                                            
    13.005615250            756,554      cache-misses              #   47.833 % of all cache refs    
    13.005615250                  0      page-faults                                                 
    14.006031365          1,829,679      cache-references                                            
    14.006031365          1,424,903      cache-misses              #   89.091 % of all cache refs    
    14.006031365                  0      page-faults                                                 
    15.006470284            309,407      cache-references                                            
    15.006470284            208,586      cache-misses              #   13.783 % of all cache refs    
    15.006470284                  0      page-faults                                                 
    16.006893555            490,214      cache-references                                            
    16.006893555            300,190      cache-misses              #   20.711 % of all cache refs    
    16.006893555                121      page-faults                                                 
    17.007310729            361,749      cache-references                                            
    17.007310729            250,248      cache-misses              #   18.063 % of all cache refs    
    17.007310729                  0      page-faults                                                 
    18.007727746            329,220      cache-references                                            
    18.007727746            241,990      cache-misses              #   18.239 % of all cache refs    
    18.007727746                  0      page-faults                                                 
    19.008136402          1,345,628      cache-references                                            
    19.008136402          1,038,158      cache-misses              #   78.188 % of all cache refs    
    19.008136402                  0      page-faults                                                 
    20.008650031            757,345      cache-references                                            
    20.008650031            599,279      cache-misses              #   46.125 % of all cache refs    
    20.008650031                  0      page-faults                                                 
    21.009078554          4,848,857      cache-references                                            
    21.009078554          1,683,231      cache-misses              #  114.640 % of all cache refs    
    21.009078554                374      page-faults                                                 
    22.009498224            354,753      cache-references                                            
    22.009498224            239,220      cache-misses              #   16.874 % of all cache refs    
    22.009498224                  0      page-faults                                                 
    23.009909201          1,863,037      cache-references                                            
    23.009909201          1,431,850      cache-misses              #   99.640 % of all cache refs    
    23.009909201                  0      page-faults                                                 
    24.010325560            334,646      cache-references                                            
    24.010325560            243,599      cache-misses              #   17.511 % of all cache refs    
    24.010325560                  0      page-faults                                                 
    25.010739579          1,053,071      cache-references                                            
    25.010739579            813,868      cache-misses              #   59.080 % of all cache refs    
    25.010739579                  0      page-faults                                                 
#           time             counts unit events
    26.011157533            447,985      cache-references                                            
    26.011157533            296,848      cache-misses              #   22.123 % of all cache refs    
    26.011157533                122      page-faults                                                 
    27.011514633            764,684      cache-references                                            
    27.011514633            560,548      cache-misses              #   42.452 % of all cache refs    
    27.011514633                  0      page-faults                                                 
    28.011954136            650,304      cache-references                                            
    28.011954136            497,724      cache-misses              #   38.390 % of all cache refs    
    28.011954136                  0      page-faults                                                 
    29.012371321          1,072,318      cache-references                                            
    29.012371321            830,540      cache-misses              #   64.444 % of all cache refs    
    29.012371321                  0      page-faults                                                 
    30.012786149          1,084,736      cache-references                                            
    30.012786149            831,033      cache-misses              #   64.824 % of all cache refs    
    30.012786149                  0      page-faults                                                 
    31.013208291            670,413      cache-references                                            
    31.013208291            453,222      cache-misses              #   35.906 % of all cache refs    
    31.013208291                119      page-faults                                                 
    32.013529905          1,549,676      cache-references                                            
    32.013529905          1,147,762      cache-misses              #   90.287 % of all cache refs    
    32.013529905                  2      page-faults                                                 
    33.013949247            805,252      cache-references                                            
    33.013949247            634,058      cache-misses              #   50.438 % of all cache refs    
    33.013949247                  0      page-faults                                                 
    34.014316760            967,765      cache-references                                            
    34.014316760            728,568      cache-misses              #   58.351 % of all cache refs    
    34.014316760                  0      page-faults                                                 
    35.014744605          1,240,991      cache-references                                            
    35.014744605            932,707      cache-misses              #   74.713 % of all cache refs    
    35.014744605                  1      page-faults                                                 
    36.015189416          1,267,100      cache-references                                            
    36.015189416            957,958      cache-misses              #   76.704 % of all cache refs    
    36.015189416                120      page-faults                                                 
    37.015503236            560,677      cache-references                                            
    37.015503236            326,913      cache-misses              #   26.572 % of all cache refs    
    37.015503236                344      page-faults                                                 
    38.015945547          2,209,159      cache-references                                            
    38.015945547          1,581,100      cache-misses              #  125.878 % of all cache refs    
    38.015945547                311      page-faults                                                 
    39.016332179          1,718,834      cache-references                                            
    39.016332179          1,122,541      cache-misses              #   88.534 % of all cache refs    
    39.016332179                167      page-faults                                                 
    40.016759729            384,682      cache-references                                            
    40.016759729            267,799      cache-misses              #   21.495 % of all cache refs    
    40.016759729                  0      page-faults                                                 
    41.017165755          1,147,919      cache-references                                            
    41.017165755            820,578      cache-misses              #   65.992 % of all cache refs    
    41.017165755                118      page-faults                                                 
    42.017585760          1,642,240      cache-references                                            
    42.017585760          1,226,641      cache-misses              #   97.900 % of all cache refs    
    42.017585760                  3      page-faults                                                 
    43.018005605          1,794,042      cache-references                                            
    43.018005605          1,403,404      cache-misses              #  110.894 % of all cache refs    
    43.018005605                  0      page-faults                                                 
    44.018352526            375,764      cache-references                                            
    44.018352526            237,142      cache-misses              #   19.043 % of all cache refs    
    44.018352526                 30      page-faults                                                 
    45.018742959          1,104,645      cache-references                                            
    45.018742959            856,347      cache-misses              #   68.939 % of all cache refs    
    45.018742959                  0      page-faults                                                 
    46.019161197          1,184,695      cache-references                                            
    46.019161197            838,526      cache-misses              #   67.572 % of all cache refs    
    46.019161197                117      page-faults                                                 
    47.019581219            536,092      cache-references                                            
    47.019581219            352,355      cache-misses              #   28.742 % of all cache refs    
    47.019581219                  0      page-faults                                                 
    48.019999557            351,361      cache-references                                            
    48.019999557            252,134      cache-misses              #   20.877 % of all cache refs    
    48.019999557                  0      page-faults                                                 
    49.020346363            357,459      cache-references                                            
    49.020346363            224,848      cache-misses              #   18.889 % of all cache refs    
    49.020346363                  0      page-faults                                                 
    50.020735495            284,231      cache-references                                            
    50.020735495            200,077      cache-misses              #   17.068 % of all cache refs    
    50.020735495                  0      page-faults                                                 
#           time             counts unit events
    51.021084408          1,069,117      cache-references                                            
    51.021084408            715,110      cache-misses              #   61.109 % of all cache refs    
    51.021084408                119      page-faults                                                 
    52.021509473            642,525      cache-references                                            
    52.021509473            477,207      cache-misses              #   41.136 % of all cache refs    
    52.021509473                  0      page-faults                                                 
    53.021921174            685,735      cache-references                                            
    53.021921174            490,488      cache-misses              #   42.609 % of all cache refs    
    53.021921174                  0      page-faults                                                 
    54.022299127            792,112      cache-references                                            
    54.022299127            582,764      cache-misses              #   50.920 % of all cache refs    
    54.022299127                  0      page-faults                                                 
    55.022693951          1,037,199      cache-references                                            
    55.022693951            805,469      cache-misses              #   70.499 % of all cache refs    
    55.022693951                  0      page-faults                                                 
    56.023114512          1,354,133      cache-references                                            
    56.023114512            958,962      cache-misses              #   83.657 % of all cache refs    
    56.023114512                120      page-faults                                                 
    57.023533165          1,106,271      cache-references                                            
    57.023533165            854,943      cache-misses              #   74.628 % of all cache refs    
    57.023533165                  0      page-faults                                                 
    58.023950989            345,160      cache-references                                            
    58.023950989            247,490      cache-misses              #   21.867 % of all cache refs    
    58.023950989                  0      page-faults                                                 
    59.024368988          1,144,937      cache-references                                            
    59.024368988            833,392      cache-misses              #   73.620 % of all cache refs    
    59.024368988                  0      page-faults                                                 
    60.024788234          1,107,915      cache-references                                            
    60.024788234            849,005      cache-misses              #   75.025 % of all cache refs    
    60.024788234                  0      page-faults                                                 
    61.025248218          1,348,766      cache-references                                            
    61.025248218            972,939      cache-misses              #   85.708 % of all cache refs    
    61.025248218                122      page-faults                                                 
    62.025666535          1,933,681      cache-references                                            
    62.025666535          1,498,889      cache-misses              #  130.558 % of all cache refs    
    62.025666535                  0      page-faults                                                 
    63.026086425            630,168      cache-references                                            
    63.026086425            339,513      cache-misses              #   29.786 % of all cache refs    
    63.026086425                  6      page-faults                                                 
    64.026498392          1,032,828      cache-references                                            
    64.026498392            796,185      cache-misses              #   69.953 % of all cache refs    
    64.026498392                  0      page-faults                                                 
    65.026918162          1,071,098      cache-references                                            
    65.026918162            619,452      cache-misses              #   54.475 % of all cache refs    
    65.026918162                621      page-faults                                                 
    66.027338948          2,233,072      cache-references                                            
    66.027338948          1,640,441      cache-misses              #  142.184 % of all cache refs    
    66.027338948                151      page-faults                                                 
    67.027757431          1,208,162      cache-references                                            
    67.027757431            928,169      cache-misses              #   80.392 % of all cache refs    
    67.027757431                  0      page-faults                                                 
    68.028203819            590,639      cache-references                                            
    68.028203819            330,998      cache-misses              #   28.876 % of all cache refs    
    68.028203819                118      page-faults                                                 
    69.028666838          2,649,331      cache-references                                            
    69.028666838          1,945,455      cache-misses              #  166.556 % of all cache refs    
    69.028666838                 49      page-faults                                                 
    70.029043383            496,874      cache-references                                            
    70.029043383            318,967      cache-misses              #   27.534 % of all cache refs    
    70.029043383                  2      page-faults                                                 
    71.029498335          1,319,365      cache-references                                            
    71.029498335            947,110      cache-misses              #   81.596 % of all cache refs    
    71.029498335                121      page-faults                                                 
    72.029933082          1,421,574      cache-references                                            
    72.029933082          1,077,295      cache-misses              #   92.524 % of all cache refs    
    72.029933082                  0      page-faults                                                 
    73.030304094          1,018,790      cache-references                                            
    73.030304094            760,487      cache-misses              #   65.427 % of all cache refs    
    73.030304094                 30      page-faults                                                 
    74.030727067            296,695      cache-references                                            
    74.030727067            209,429      cache-misses              #   18.201 % of all cache refs    
    74.030727067                  0      page-faults                                                 
    75.031158596            409,864      cache-references                                            
    75.031158596            260,005      cache-misses              #   22.792 % of all cache refs    
    75.031158596                  0      page-faults                                                 
#           time             counts unit events
    76.031573345            537,464      cache-references                                            
    76.031573345            342,370      cache-misses              #   30.222 % of all cache refs    
    76.031573345                122      page-faults                                                 
    77.031982007            402,339      cache-references                                            
    77.031982007            274,847      cache-misses              #   24.467 % of all cache refs    
    77.031982007                  0      page-faults                                                 
    78.032382842            492,374      cache-references                                            
    78.032382842            320,293      cache-misses              #   28.719 % of all cache refs    
    78.032382842                  0      page-faults                                                 
    79.032741888          1,159,939      cache-references                                            
    79.032741888            876,034      cache-misses              #   78.510 % of all cache refs    
    79.032741888                  0      page-faults                                                 
    80.033096833          1,691,492      cache-references                                            
    80.033096833          1,343,758      cache-misses              #  119.655 % of all cache refs    
    80.033096833                  0      page-faults                                                 
    81.033537135          1,453,148      cache-references                                            
    81.033537135          1,047,520      cache-misses              #   92.939 % of all cache refs    
    81.033537135                121      page-faults                                                 
    82.033936491          1,924,757      cache-references                                            
    82.033936491          1,503,000      cache-misses              #  132.210 % of all cache refs    
    82.033936491                  0      page-faults                                                 
    83.034351243          1,250,261      cache-references                                            
    83.034351243            924,214      cache-misses              #   81.200 % of all cache refs    
    83.034351243                  0      page-faults                                                 
    84.034698356          1,117,935      cache-references                                            
    84.034698356            849,987      cache-misses              #   74.694 % of all cache refs    
    84.034698356                  0      page-faults                                                 
    85.034979972          1,094,599      cache-references                                            
    85.034979972            804,264      cache-misses              #   70.708 % of all cache refs    
    85.034979972                  1      page-faults                                                 
    86.035393568            497,144      cache-references                                            
    86.035393568            327,668      cache-misses              #   28.997 % of all cache refs    
    86.035393568                122      page-faults                                                 
    87.035810205            418,721      cache-references                                            
    87.035810205            293,577      cache-misses              #   26.170 % of all cache refs    
    87.035810205                  0      page-faults                                                 
    88.036229664            452,257      cache-references                                            
    88.036229664            280,675      cache-misses              #   25.190 % of all cache refs    
    88.036229664                  0      page-faults                                                 
    89.036645416            279,907      cache-references                                            
    89.036645416            199,940      cache-misses              #   18.097 % of all cache refs    
    89.036645416                  0      page-faults                                                 
    90.036997440            466,379      cache-references                                            
    90.036997440            298,899      cache-misses              #   27.228 % of all cache refs    
    90.036997440                  1      page-faults                                                 
    91.037410001          1,376,295      cache-references                                            
    91.037410001            991,452      cache-misses              #   90.066 % of all cache refs    
    91.037410001                123      page-faults                                                 
    92.037825215            386,089      cache-references                                            
    92.037825215            267,053      cache-misses              #   24.432 % of all cache refs    
    92.037825215                  0      page-faults                                                 
    93.038235542          1,205,318      cache-references                                            
    93.038235542            882,240      cache-misses              #   80.625 % of all cache refs    
    93.038235542                  1      page-faults                                                 
    94.038680338            444,499      cache-references                                            
    94.038680338            319,095      cache-misses              #   29.347 % of all cache refs    
    94.038680338                  0      page-faults                                                 
    95.039097765          1,899,306      cache-references                                            
    95.039097765          1,443,333      cache-misses              #  131.705 % of all cache refs    
    95.039097765                  0      page-faults                                                 
    96.039504901            866,054      cache-references                                            
    96.039504901            473,777      cache-misses              #   43.327 % of all cache refs    
    96.039504901                127      page-faults                                                 
    97.039921745            472,843      cache-references                                            
    97.039921745            328,137      cache-misses              #   30.185 % of all cache refs    
    97.039921745                  0      page-faults                                                 
    98.040335717          1,177,217      cache-references                                            
    98.040335717            901,209      cache-misses              #   82.831 % of all cache refs    
    98.040335717                  0      page-faults                                                 
    99.040751206          1,187,754      cache-references                                            
    99.040751206            899,736      cache-misses              #   82.619 % of all cache refs    
    99.040751206                  0      page-faults                                                 
   100.041101999          2,372,119      cache-references                                            
   100.041101999          1,593,190      cache-misses              #  144.593 % of all cache refs    
   100.041101999                647      page-faults                                                 
#           time             counts unit events
   101.041519270          1,827,247      cache-references                                            
   101.041519270          1,163,601      cache-misses              #  104.921 % of all cache refs    
   101.041519270                290      page-faults                                                 
   102.041937161          1,208,625      cache-references                                            
   102.041937161            911,727      cache-misses              #   82.137 % of all cache refs    
   102.041937161                  0      page-faults                                                 
   103.042348038            538,613      cache-references                                            
   103.042348038            392,765      cache-misses              #   35.562 % of all cache refs    
   103.042348038                  0      page-faults                                                 
   104.042736417          1,617,060      cache-references                                            
   104.042736417          1,199,105      cache-misses              #  108.087 % of all cache refs    
   104.042736417                  2      page-faults                                                 
   105.043178855          1,292,557      cache-references                                            
   105.043178855            996,945      cache-misses              #   89.724 % of all cache refs    
   105.043178855                  0      page-faults                                                 
   106.043634904          1,614,359      cache-references                                            
   106.043634904          1,100,986      cache-misses              #   98.666 % of all cache refs    
   106.043634904                125      page-faults                                                 
   107.044085311            363,184      cache-references                                            
   107.044085311            249,422      cache-misses              #   22.494 % of all cache refs    
   107.044085311                  0      page-faults                                                 
   108.044570307          1,144,071      cache-references                                            
   108.044570307            873,906      cache-misses              #   78.789 % of all cache refs    
   108.044570307                  0      page-faults                                                 
   109.045007828            327,246      cache-references                                            
   109.045007828            221,347      cache-misses              #   20.086 % of all cache refs    
   109.045007828                  0      page-faults                                                 
   110.045386975          2,422,682      cache-references                                            
   110.045386975          1,835,217      cache-misses              #  164.741 % of all cache refs    
   110.045386975                  0      page-faults                                                 
   111.045805229          1,328,399      cache-references                                            
   111.045805229          1,001,876      cache-misses              #   89.779 % of all cache refs    
   111.045805229                125      page-faults                                                 
   112.046215052          1,318,255      cache-references                                            
   112.046215052            999,165      cache-misses              #   89.392 % of all cache refs    
   112.046215052                  0      page-faults                                                 
   113.046629242          1,704,809      cache-references                                            
   113.046629242          1,333,224      cache-misses              #  118.727 % of all cache refs    
   113.046629242                  0      page-faults                                                 
   114.046988182          1,547,105      cache-references                                            
   114.046988182          1,184,354      cache-misses              #  105.121 % of all cache refs    
   114.046988182                  0      page-faults                                                 
   115.047407632            767,896      cache-references                                            
   115.047407632            590,801      cache-misses              #   52.584 % of all cache refs    
   115.047407632                  0      page-faults                                                 
   116.047833722            503,769      cache-references                                            
   116.047833722            322,917      cache-misses              #   28.878 % of all cache refs    
   116.047833722                117      page-faults                                                 
   117.048252704            349,799      cache-references                                            
   117.048252704            238,158      cache-misses              #   21.424 % of all cache refs    
   117.048252704                  0      page-faults                                                 
   118.048669537            307,587      cache-references                                            
   118.048669537            212,001      cache-misses              #   19.189 % of all cache refs    
   118.048669537                  0      page-faults                                                 
   119.049084669          1,149,385      cache-references                                            
   119.049084669            883,481      cache-misses              #   79.940 % of all cache refs    
   119.049084669                  0      page-faults                                                 
   120.049503654          2,559,497      cache-references                                            
   120.049503654          1,994,612      cache-misses              #  178.520 % of all cache refs    
   120.049503654                  0      page-faults                                                 
   121.049939768            655,223      cache-references                                            
   121.049939768            436,978      cache-misses              #   39.244 % of all cache refs    
   121.049939768                122      page-faults                                                 
   122.050359210          1,063,807      cache-references                                            
   122.050359210            786,492      cache-misses              #   70.659 % of all cache refs    
   122.050359210                  0      page-faults                                                 
   123.050779664            308,188      cache-references                                            
   123.050779664            219,730      cache-misses              #   19.857 % of all cache refs    
   123.050779664                  0      page-faults                                                 
   124.051197605          1,188,178      cache-references                                            
   124.051197605            903,549      cache-misses              #   81.607 % of all cache refs    
   124.051197605                  0      page-faults                                                 
   125.051615664          1,092,133      cache-references                                            
   125.051615664            824,458      cache-misses              #   74.472 % of all cache refs    
   125.051615664                  0      page-faults                                                 
#           time             counts unit events
   126.052034491          3,900,105      cache-references                                            
   126.052034491            421,619      cache-misses              #   37.337 % of all cache refs    
   126.052034491                122      page-faults                                                 
   127.052458456            381,246      cache-references                                            
   127.052458456            252,026      cache-misses              #   22.435 % of all cache refs    
   127.052458456                  0      page-faults                                                 
   128.052898346            342,307      cache-references                                            
   128.052898346            235,587      cache-misses              #   21.086 % of all cache refs    
   128.052898346                  0      page-faults                                                 
   129.053317112          1,143,855      cache-references                                            
   129.053317112            866,570      cache-misses              #   77.549 % of all cache refs    
   129.053317112                  0      page-faults                                                 
   130.053733850          1,149,109      cache-references                                            
   130.053733850            884,797      cache-misses              #   79.162 % of all cache refs    
   130.053733850                  0      page-faults                                                 
   131.054151149            637,463      cache-references                                            
   131.054151149            397,177      cache-misses              #   35.652 % of all cache refs    
   131.054151149                121      page-faults                                                 
   132.054573658            329,260      cache-references                                            
   132.054573658            225,370      cache-misses              #   20.339 % of all cache refs    
   132.054573658                  0      page-faults                                                 
   133.054991218          2,717,629      cache-references                                            
   133.054991218          2,102,531      cache-misses              #  187.694 % of all cache refs    
   133.054991218                  0      page-faults                                                 
   134.055437124            323,953      cache-references                                            
   134.055437124            223,533      cache-misses              #   20.061 % of all cache refs    
   134.055437124                  0      page-faults                                                 
   135.055860961            324,357      cache-references                                            
   135.055860961            233,510      cache-misses              #   21.067 % of all cache refs    
   135.055860961                  0      page-faults                                                 
   136.056273644            498,404      cache-references                                            
   136.056273644            319,402      cache-misses              #   28.934 % of all cache refs    
   136.056273644                123      page-faults                                                 
   136.439505783            221,918      cache-references                                            
   136.439505783            146,188      cache-misses              #   13.320 % of all cache refs    
   136.439505783                  1      page-faults                                                 
