Linux 4.19.0-6-amd64 (debian) 	12/18/2019 	_x86_64_	(4 CPU)

# Time        UID       PID  minflt/s  majflt/s     VSZ     RSS   %MEM   kB_rd/s   kB_wr/s kB_ccwr/s iodelay  Command
1576696231    117     30603      1.00      0.00 1713112   92152   2.44      0.00   2100.00      0.00       0  mysqld

# Time        UID       PID  minflt/s  majflt/s     VSZ     RSS   %MEM   kB_rd/s   kB_wr/s kB_ccwr/s iodelay  Command
1576696232    117     30603      0.00      0.00 1713112   92152   2.44      0.00      0.00      0.00       0  mysqld

# Time        UID       PID  minflt/s  majflt/s     VSZ     RSS   %MEM   kB_rd/s   kB_wr/s kB_ccwr/s iodelay  Command
1576696233    117     30603      0.00      0.00 1713112   92152   2.44      0.00      0.00      0.00       0  mysqld

# Time        UID       PID  minflt/s  majflt/s     VSZ     RSS   %MEM   kB_rd/s   kB_wr/s kB_ccwr/s iodelay  Command
1576696234    117     30603    100.00      0.00 1781148   93040   2.47      0.00      0.00      0.00       0  mysqld

# Time        UID       PID  minflt/s  majflt/s     VSZ     RSS   %MEM   kB_rd/s   kB_wr/s kB_ccwr/s iodelay  Command
1576696235    117     30603      0.00      0.00 1781148   93040   2.47      0.00      0.00      0.00       0  mysqld

# Time        UID       PID  minflt/s  majflt/s     VSZ     RSS   %MEM   kB_rd/s   kB_wr/s kB_ccwr/s iodelay  Command
1576696236    117     30603     13.00      0.00 1846984   93040   2.47      0.00      0.00      0.00       0  mysqld

# Time        UID       PID  minflt/s  majflt/s     VSZ     RSS   %MEM   kB_rd/s   kB_wr/s kB_ccwr/s iodelay  Command
1576696237    117     30603     27.00      0.00 1912820   93040   2.47      0.00      0.00      0.00       0  mysqld

# Time        UID       PID  minflt/s  majflt/s     VSZ     RSS   %MEM   kB_rd/s   kB_wr/s kB_ccwr/s iodelay  Command
1576696238    117     30603      0.00      0.00 1912820   93040   2.47      0.00      0.00      0.00       0  mysqld

# Time        UID       PID  minflt/s  majflt/s     VSZ     RSS   %MEM   kB_rd/s   kB_wr/s kB_ccwr/s iodelay  Command
1576696239    117     30603      0.00      0.00 1912820   93040   2.47      0.00      0.00      0.00       0  mysqld

# Time        UID       PID  minflt/s  majflt/s     VSZ     RSS   %MEM   kB_rd/s   kB_wr/s kB_ccwr/s iodelay  Command
1576696240    117     30603      0.00      0.00 1912820   93040   2.47      0.00      0.00      0.00       0  mysqld

# Time        UID       PID  minflt/s  majflt/s     VSZ     RSS   %MEM   kB_rd/s   kB_wr/s kB_ccwr/s iodelay  Command
1576696241    117     30603      0.00      0.00 1912820   93040   2.47      0.00      0.00      0.00       0  mysqld

# Time        UID       PID  minflt/s  majflt/s     VSZ     RSS   %MEM   kB_rd/s   kB_wr/s kB_ccwr/s iodelay  Command
1576696242    117     30603      0.00      0.00 1912820   93040   2.47      0.00      0.00      0.00       0  mysqld

# Time        UID       PID  minflt/s  majflt/s     VSZ     RSS   %MEM   kB_rd/s   kB_wr/s kB_ccwr/s iodelay  Command
1576696243    117     30603      0.00      0.00 1912820   93040   2.47      0.00      0.00      0.00       0  mysqld

# Time        UID       PID  minflt/s  majflt/s     VSZ     RSS   %MEM   kB_rd/s   kB_wr/s kB_ccwr/s iodelay  Command
1576696244    117     30603      0.00      0.00 1912820   93040   2.47      0.00      0.00      0.00       0  mysqld

# Time        UID       PID  minflt/s  majflt/s     VSZ     RSS   %MEM   kB_rd/s   kB_wr/s kB_ccwr/s iodelay  Command
1576696245    117     30603      0.00      0.00 1912820   93040   2.47      0.00      0.00      0.00       0  mysqld

# Time        UID       PID  minflt/s  majflt/s     VSZ     RSS   %MEM   kB_rd/s   kB_wr/s kB_ccwr/s iodelay  Command
1576696246    117     30603      0.00      0.00 1912820   93040   2.47      0.00      0.00      0.00       0  mysqld

# Time        UID       PID  minflt/s  majflt/s     VSZ     RSS   %MEM   kB_rd/s   kB_wr/s kB_ccwr/s iodelay  Command
1576696247    117     30603      0.00      0.00 1912820   93040   2.47      0.00      0.00      0.00       0  mysqld

# Time        UID       PID  minflt/s  majflt/s     VSZ     RSS   %MEM   kB_rd/s   kB_wr/s kB_ccwr/s iodelay  Command
1576696248    117     30603      0.00      0.00 1912820   93040   2.47      0.00      0.00      0.00       0  mysqld

# Time        UID       PID  minflt/s  majflt/s     VSZ     RSS   %MEM   kB_rd/s   kB_wr/s kB_ccwr/s iodelay  Command
1576696249    117     30603      0.00      0.00 1912820   93040   2.47      0.00      0.00      0.00       0  mysqld

# Time        UID       PID  minflt/s  majflt/s     VSZ     RSS   %MEM   kB_rd/s   kB_wr/s kB_ccwr/s iodelay  Command
1576696250    117     30603      0.00      0.00 1912820   93040   2.47      0.00      0.00      0.00       0  mysqld

# Time        UID       PID  minflt/s  majflt/s     VSZ     RSS   %MEM   kB_rd/s   kB_wr/s kB_ccwr/s iodelay  Command
1576696251    117     30603      0.00      0.00 1912820   93040   2.47      0.00      0.00      0.00       0  mysqld

# Time        UID       PID  minflt/s  majflt/s     VSZ     RSS   %MEM   kB_rd/s   kB_wr/s kB_ccwr/s iodelay  Command
1576696252    117     30603      0.00      0.00 1912820   93040   2.47      0.00      0.00      0.00       0  mysqld

# Time        UID       PID  minflt/s  majflt/s     VSZ     RSS   %MEM   kB_rd/s   kB_wr/s kB_ccwr/s iodelay  Command
1576696253    117     30603      0.00      0.00 1912820   93040   2.47      0.00      0.00      0.00       0  mysqld

# Time        UID       PID  minflt/s  majflt/s     VSZ     RSS   %MEM   kB_rd/s   kB_wr/s kB_ccwr/s iodelay  Command
1576696254    117     30603      0.00      0.00 1912820   93040   2.47      0.00      0.00      0.00       0  mysqld

# Time        UID       PID  minflt/s  majflt/s     VSZ     RSS   %MEM   kB_rd/s   kB_wr/s kB_ccwr/s iodelay  Command
1576696255    117     30603      0.00      0.00 1912820   93040   2.47      0.00      0.00      0.00       0  mysqld

# Time        UID       PID  minflt/s  majflt/s     VSZ     RSS   %MEM   kB_rd/s   kB_wr/s kB_ccwr/s iodelay  Command
1576696256    117     30603      0.00      0.00 1912820   93040   2.47      0.00      0.00      0.00       0  mysqld

# Time        UID       PID  minflt/s  majflt/s     VSZ     RSS   %MEM   kB_rd/s   kB_wr/s kB_ccwr/s iodelay  Command
1576696257    117     30603      0.00      0.00 1912820   93040   2.47      0.00      0.00      0.00       0  mysqld

# Time        UID       PID  minflt/s  majflt/s     VSZ     RSS   %MEM   kB_rd/s   kB_wr/s kB_ccwr/s iodelay  Command
1576696258    117     30603      0.00      0.00 1912820   93040   2.47      0.00      0.00      0.00       0  mysqld

# Time        UID       PID  minflt/s  majflt/s     VSZ     RSS   %MEM   kB_rd/s   kB_wr/s kB_ccwr/s iodelay  Command
1576696259    117     30603      0.00      0.00 1912820   93040   2.47      0.00      0.00      0.00       0  mysqld

# Time        UID       PID  minflt/s  majflt/s     VSZ     RSS   %MEM   kB_rd/s   kB_wr/s kB_ccwr/s iodelay  Command
1576696260    117     30603      0.00      0.00 1912820   93356   2.48      0.00      0.00      0.00       0  mysqld

# Time        UID       PID  minflt/s  majflt/s     VSZ     RSS   %MEM   kB_rd/s   kB_wr/s kB_ccwr/s iodelay  Command
1576696261    117     30603      0.00      0.00 1912820   93356   2.48      0.00      0.00      0.00       0  mysqld

# Time        UID       PID  minflt/s  majflt/s     VSZ     RSS   %MEM   kB_rd/s   kB_wr/s kB_ccwr/s iodelay  Command
1576696262    117     30603      0.00      0.00 1912820   93356   2.48      0.00      0.00      0.00       0  mysqld

# Time        UID       PID  minflt/s  majflt/s     VSZ     RSS   %MEM   kB_rd/s   kB_wr/s kB_ccwr/s iodelay  Command
1576696263    117     30603      0.00      0.00 1912820   93356   2.48      0.00      0.00      0.00       0  mysqld

# Time        UID       PID  minflt/s  majflt/s     VSZ     RSS   %MEM   kB_rd/s   kB_wr/s kB_ccwr/s iodelay  Command
1576696264    117     30603      1.00      0.00 1912820   93356   2.48      0.00      0.00      0.00       0  mysqld

# Time        UID       PID  minflt/s  majflt/s     VSZ     RSS   %MEM   kB_rd/s   kB_wr/s kB_ccwr/s iodelay  Command
1576696265    117     30603      1.00      0.00 1912820   93356   2.48      0.00      0.00      0.00       0  mysqld

# Time        UID       PID  minflt/s  majflt/s     VSZ     RSS   %MEM   kB_rd/s   kB_wr/s kB_ccwr/s iodelay  Command
1576696266    117     30603      0.00      0.00 1912820   93356   2.48      0.00      0.00      0.00       0  mysqld

# Time        UID       PID  minflt/s  majflt/s     VSZ     RSS   %MEM   kB_rd/s   kB_wr/s kB_ccwr/s iodelay  Command
1576696267    117     30603      0.00      0.00 1912820   93356   2.48      0.00      0.00      0.00       0  mysqld

# Time        UID       PID  minflt/s  majflt/s     VSZ     RSS   %MEM   kB_rd/s   kB_wr/s kB_ccwr/s iodelay  Command
1576696268    117     30603      0.00      0.00 1912820   93356   2.48      0.00      0.00      0.00       0  mysqld

# Time        UID       PID  minflt/s  majflt/s     VSZ     RSS   %MEM   kB_rd/s   kB_wr/s kB_ccwr/s iodelay  Command
1576696269    117     30603      0.00      0.00 1912820   93356   2.48      0.00      0.00      0.00       0  mysqld

# Time        UID       PID  minflt/s  majflt/s     VSZ     RSS   %MEM   kB_rd/s   kB_wr/s kB_ccwr/s iodelay  Command
1576696270    117     30603      0.00      0.00 1912820   95376   2.53      0.00      0.00      0.00       0  mysqld

# Time        UID       PID  minflt/s  majflt/s     VSZ     RSS   %MEM   kB_rd/s   kB_wr/s kB_ccwr/s iodelay  Command
1576696271    117     30603      0.00      0.00 1912820   95376   2.53      0.00      0.00      0.00       0  mysqld

# Time        UID       PID  minflt/s  majflt/s     VSZ     RSS   %MEM   kB_rd/s   kB_wr/s kB_ccwr/s iodelay  Command
1576696272    117     30603      0.00      0.00 1912820   95376   2.53      0.00      0.00      0.00       0  mysqld

# Time        UID       PID  minflt/s  majflt/s     VSZ     RSS   %MEM   kB_rd/s   kB_wr/s kB_ccwr/s iodelay  Command
1576696273    117     30603      0.00      0.00 1912820   95376   2.53      0.00      0.00      0.00       0  mysqld

# Time        UID       PID  minflt/s  majflt/s     VSZ     RSS   %MEM   kB_rd/s   kB_wr/s kB_ccwr/s iodelay  Command
1576696274    117     30603      0.00      0.00 1912820   95376   2.53      0.00      0.00      0.00       0  mysqld

# Time        UID       PID  minflt/s  majflt/s     VSZ     RSS   %MEM   kB_rd/s   kB_wr/s kB_ccwr/s iodelay  Command
1576696275    117     30603      0.00      0.00 1912820   95376   2.53      0.00      0.00      0.00       0  mysqld

# Time        UID       PID  minflt/s  majflt/s     VSZ     RSS   %MEM   kB_rd/s   kB_wr/s kB_ccwr/s iodelay  Command
1576696276    117     30603      0.00      0.00 1912820   95376   2.53      0.00      0.00      0.00       0  mysqld

# Time        UID       PID  minflt/s  majflt/s     VSZ     RSS   %MEM   kB_rd/s   kB_wr/s kB_ccwr/s iodelay  Command
1576696277    117     30603      0.00      0.00 1912820   95376   2.53      0.00      0.00      0.00       0  mysqld

# Time        UID       PID  minflt/s  majflt/s     VSZ     RSS   %MEM   kB_rd/s   kB_wr/s kB_ccwr/s iodelay  Command
1576696278    117     30603      0.00      0.00 1912820   95376   2.53      0.00      0.00      0.00       0  mysqld

# Time        UID       PID  minflt/s  majflt/s     VSZ     RSS   %MEM   kB_rd/s   kB_wr/s kB_ccwr/s iodelay  Command
1576696279    117     30603      0.00      0.00 1912820   95376   2.53      0.00      0.00      0.00       0  mysqld

# Time        UID       PID  minflt/s  majflt/s     VSZ     RSS   %MEM   kB_rd/s   kB_wr/s kB_ccwr/s iodelay  Command
1576696280    117     30603      0.00      0.00 1912820   95376   2.53      0.00      0.00      0.00       0  mysqld

# Time        UID       PID  minflt/s  majflt/s     VSZ     RSS   %MEM   kB_rd/s   kB_wr/s kB_ccwr/s iodelay  Command
1576696281    117     30603      0.00      0.00 1912820   95376   2.53      0.00      0.00      0.00       0  mysqld

# Time        UID       PID  minflt/s  majflt/s     VSZ     RSS   %MEM   kB_rd/s   kB_wr/s kB_ccwr/s iodelay  Command
1576696282    117     30603      0.00      0.00 1912820   95376   2.53      0.00      0.00      0.00       0  mysqld

# Time        UID       PID  minflt/s  majflt/s     VSZ     RSS   %MEM   kB_rd/s   kB_wr/s kB_ccwr/s iodelay  Command
1576696283    117     30603      0.00      0.00 1912820   95376   2.53      0.00      0.00      0.00       0  mysqld

# Time        UID       PID  minflt/s  majflt/s     VSZ     RSS   %MEM   kB_rd/s   kB_wr/s kB_ccwr/s iodelay  Command
1576696284    117     30603      0.00      0.00 1912820   95376   2.53      0.00      0.00      0.00       0  mysqld

# Time        UID       PID  minflt/s  majflt/s     VSZ     RSS   %MEM   kB_rd/s   kB_wr/s kB_ccwr/s iodelay  Command
1576696285    117     30603      0.00      0.00 1912820   95376   2.53      0.00      0.00      0.00       0  mysqld

# Time        UID       PID  minflt/s  majflt/s     VSZ     RSS   %MEM   kB_rd/s   kB_wr/s kB_ccwr/s iodelay  Command
1576696286    117     30603      0.00      0.00 1912820   95376   2.53      0.00      0.00      0.00       0  mysqld

# Time        UID       PID  minflt/s  majflt/s     VSZ     RSS   %MEM   kB_rd/s   kB_wr/s kB_ccwr/s iodelay  Command
1576696287    117     30603      0.00      0.00 1912820   95376   2.53      0.00      0.00      0.00       0  mysqld

# Time        UID       PID  minflt/s  majflt/s     VSZ     RSS   %MEM   kB_rd/s   kB_wr/s kB_ccwr/s iodelay  Command
1576696288    117     30603      0.00      0.00 1912820   95376   2.53      0.00      0.00      0.00       0  mysqld

# Time        UID       PID  minflt/s  majflt/s     VSZ     RSS   %MEM   kB_rd/s   kB_wr/s kB_ccwr/s iodelay  Command
1576696289    117     30603      0.00      0.00 1912820   95376   2.53      0.00      0.00      0.00       0  mysqld

# Time        UID       PID  minflt/s  majflt/s     VSZ     RSS   %MEM   kB_rd/s   kB_wr/s kB_ccwr/s iodelay  Command
1576696290    117     30603      0.00      0.00 1912820   95376   2.53      0.00      0.00      0.00       0  mysqld

# Time        UID       PID  minflt/s  majflt/s     VSZ     RSS   %MEM   kB_rd/s   kB_wr/s kB_ccwr/s iodelay  Command
1576696291    117     30603      0.00      0.00 1912820   95376   2.53      0.00      0.00      0.00       0  mysqld

# Time        UID       PID  minflt/s  majflt/s     VSZ     RSS   %MEM   kB_rd/s   kB_wr/s kB_ccwr/s iodelay  Command
1576696292    117     30603      0.00      0.00 1912820   95376   2.53      0.00      0.00      0.00       0  mysqld

# Time        UID       PID  minflt/s  majflt/s     VSZ     RSS   %MEM   kB_rd/s   kB_wr/s kB_ccwr/s iodelay  Command
1576696293    117     30603      0.00      0.00 1912820   95376   2.53      0.00      0.00      0.00       0  mysqld

# Time        UID       PID  minflt/s  majflt/s     VSZ     RSS   %MEM   kB_rd/s   kB_wr/s kB_ccwr/s iodelay  Command
1576696294    117     30603      0.00      0.00 1912820   95376   2.53      0.00      0.00      0.00       0  mysqld

# Time        UID       PID  minflt/s  majflt/s     VSZ     RSS   %MEM   kB_rd/s   kB_wr/s kB_ccwr/s iodelay  Command
1576696295    117     30603      8.00      0.00 1912820   95376   2.53      0.00      0.00      0.00       0  mysqld

# Time        UID       PID  minflt/s  majflt/s     VSZ     RSS   %MEM   kB_rd/s   kB_wr/s kB_ccwr/s iodelay  Command
1576696296    117     30603      0.00      0.00 1912820   95376   2.53      0.00      0.00      0.00       0  mysqld

# Time        UID       PID  minflt/s  majflt/s     VSZ     RSS   %MEM   kB_rd/s   kB_wr/s kB_ccwr/s iodelay  Command
1576696297    117     30603      0.00      0.00 1912820   95376   2.53      0.00      0.00      0.00       0  mysqld

# Time        UID       PID  minflt/s  majflt/s     VSZ     RSS   %MEM   kB_rd/s   kB_wr/s kB_ccwr/s iodelay  Command
1576696298    117     30603      0.00      0.00 1912820   95376   2.53      0.00      0.00      0.00       0  mysqld

# Time        UID       PID  minflt/s  majflt/s     VSZ     RSS   %MEM   kB_rd/s   kB_wr/s kB_ccwr/s iodelay  Command
1576696299    117     30603      0.00      0.00 1912820   95376   2.53      0.00      0.00      0.00       0  mysqld

# Time        UID       PID  minflt/s  majflt/s     VSZ     RSS   %MEM   kB_rd/s   kB_wr/s kB_ccwr/s iodelay  Command
1576696300    117     30603      0.00      0.00 1912820   95376   2.53      0.00      0.00      0.00       0  mysqld

# Time        UID       PID  minflt/s  majflt/s     VSZ     RSS   %MEM   kB_rd/s   kB_wr/s kB_ccwr/s iodelay  Command
1576696301    117     30603      0.00      0.00 1912820   95376   2.53      0.00      0.00      0.00       0  mysqld

# Time        UID       PID  minflt/s  majflt/s     VSZ     RSS   %MEM   kB_rd/s   kB_wr/s kB_ccwr/s iodelay  Command
1576696302    117     30603      0.00      0.00 1912820   95376   2.53      0.00      0.00      0.00       0  mysqld

# Time        UID       PID  minflt/s  majflt/s     VSZ     RSS   %MEM   kB_rd/s   kB_wr/s kB_ccwr/s iodelay  Command
1576696303    117     30603      0.00      0.00 1912820   95376   2.53      0.00      0.00      0.00       0  mysqld

# Time        UID       PID  minflt/s  majflt/s     VSZ     RSS   %MEM   kB_rd/s   kB_wr/s kB_ccwr/s iodelay  Command
1576696304    117     30603      0.00      0.00 1912820   95376   2.53      0.00      0.00      0.00       0  mysqld

# Time        UID       PID  minflt/s  majflt/s     VSZ     RSS   %MEM   kB_rd/s   kB_wr/s kB_ccwr/s iodelay  Command
1576696305    117     30603      0.00      0.00 1912820   95376   2.53      0.00      0.00      0.00       0  mysqld

# Time        UID       PID  minflt/s  majflt/s     VSZ     RSS   %MEM   kB_rd/s   kB_wr/s kB_ccwr/s iodelay  Command
1576696306    117     30603      0.00      0.00 1912820   95376   2.53      0.00      0.00      0.00       0  mysqld

# Time        UID       PID  minflt/s  majflt/s     VSZ     RSS   %MEM   kB_rd/s   kB_wr/s kB_ccwr/s iodelay  Command
1576696307    117     30603      0.00      0.00 1912820   95376   2.53      0.00      0.00      0.00       0  mysqld

# Time        UID       PID  minflt/s  majflt/s     VSZ     RSS   %MEM   kB_rd/s   kB_wr/s kB_ccwr/s iodelay  Command
1576696308    117     30603      0.00      0.00 1912820   95376   2.53      0.00      0.00      0.00       0  mysqld

# Time        UID       PID  minflt/s  majflt/s     VSZ     RSS   %MEM   kB_rd/s   kB_wr/s kB_ccwr/s iodelay  Command
1576696309    117     30603      0.00      0.00 1912820   95376   2.53      0.00      0.00      0.00       0  mysqld

# Time        UID       PID  minflt/s  majflt/s     VSZ     RSS   %MEM   kB_rd/s   kB_wr/s kB_ccwr/s iodelay  Command
1576696310    117     30603      0.00      0.00 1912820   95376   2.53      0.00      0.00      0.00       0  mysqld

# Time        UID       PID  minflt/s  majflt/s     VSZ     RSS   %MEM   kB_rd/s   kB_wr/s kB_ccwr/s iodelay  Command
1576696311    117     30603      0.00      0.00 1912820   95376   2.53      0.00      0.00      0.00       0  mysqld

# Time        UID       PID  minflt/s  majflt/s     VSZ     RSS   %MEM   kB_rd/s   kB_wr/s kB_ccwr/s iodelay  Command
1576696312    117     30603      0.00      0.00 1912820   95376   2.53      0.00      0.00      0.00       0  mysqld

# Time        UID       PID  minflt/s  majflt/s     VSZ     RSS   %MEM   kB_rd/s   kB_wr/s kB_ccwr/s iodelay  Command
1576696313    117     30603      0.00      0.00 1912820   95376   2.53      0.00      0.00      0.00       0  mysqld

# Time        UID       PID  minflt/s  majflt/s     VSZ     RSS   %MEM   kB_rd/s   kB_wr/s kB_ccwr/s iodelay  Command
1576696314    117     30603      0.00      0.00 1912820   95376   2.53      0.00      0.00      0.00       0  mysqld

# Time        UID       PID  minflt/s  majflt/s     VSZ     RSS   %MEM   kB_rd/s   kB_wr/s kB_ccwr/s iodelay  Command
1576696315    117     30603      0.00      0.00 1912820   95376   2.53      0.00      0.00      0.00       0  mysqld

# Time        UID       PID  minflt/s  majflt/s     VSZ     RSS   %MEM   kB_rd/s   kB_wr/s kB_ccwr/s iodelay  Command
1576696316    117     30603      0.00      0.00 1912820   95376   2.53      0.00      0.00      0.00       0  mysqld

# Time        UID       PID  minflt/s  majflt/s     VSZ     RSS   %MEM   kB_rd/s   kB_wr/s kB_ccwr/s iodelay  Command
1576696317    117     30603      0.00      0.00 1912820   95376   2.53      0.00      0.00      0.00       0  mysqld

# Time        UID       PID  minflt/s  majflt/s     VSZ     RSS   %MEM   kB_rd/s   kB_wr/s kB_ccwr/s iodelay  Command
1576696318    117     30603      0.00      0.00 1912820   95376   2.53      0.00      0.00      0.00       0  mysqld

# Time        UID       PID  minflt/s  majflt/s     VSZ     RSS   %MEM   kB_rd/s   kB_wr/s kB_ccwr/s iodelay  Command
1576696319    117     30603      0.00      0.00 1912820   95376   2.53      0.00      0.00      0.00       0  mysqld

# Time        UID       PID  minflt/s  majflt/s     VSZ     RSS   %MEM   kB_rd/s   kB_wr/s kB_ccwr/s iodelay  Command
1576696320    117     30603      0.00      0.00 1912820   95376   2.53      0.00      0.00      0.00       0  mysqld

# Time        UID       PID  minflt/s  majflt/s     VSZ     RSS   %MEM   kB_rd/s   kB_wr/s kB_ccwr/s iodelay  Command
1576696321    117     30603      0.00      0.00 1912820   95376   2.53      0.00      0.00      0.00       0  mysqld

# Time        UID       PID  minflt/s  majflt/s     VSZ     RSS   %MEM   kB_rd/s   kB_wr/s kB_ccwr/s iodelay  Command
1576696322    117     30603      0.00      0.00 1912820   95376   2.53      0.00      0.00      0.00       0  mysqld

# Time        UID       PID  minflt/s  majflt/s     VSZ     RSS   %MEM   kB_rd/s   kB_wr/s kB_ccwr/s iodelay  Command
1576696323    117     30603      0.00      0.00 1912820   95376   2.53      0.00      0.00      0.00       0  mysqld

# Time        UID       PID  minflt/s  majflt/s     VSZ     RSS   %MEM   kB_rd/s   kB_wr/s kB_ccwr/s iodelay  Command
1576696324    117     30603      0.00      0.00 1912820   95376   2.53      0.00      0.00      0.00       0  mysqld

# Time        UID       PID  minflt/s  majflt/s     VSZ     RSS   %MEM   kB_rd/s   kB_wr/s kB_ccwr/s iodelay  Command
1576696325    117     30603      0.00      0.00 1912820   95376   2.53      0.00      0.00      0.00       0  mysqld

# Time        UID       PID  minflt/s  majflt/s     VSZ     RSS   %MEM   kB_rd/s   kB_wr/s kB_ccwr/s iodelay  Command
1576696326    117     30603      0.00      0.00 1912820   95376   2.53      0.00      0.00      0.00       0  mysqld

# Time        UID       PID  minflt/s  majflt/s     VSZ     RSS   %MEM   kB_rd/s   kB_wr/s kB_ccwr/s iodelay  Command
1576696327    117     30603      0.00      0.00 1912820   95376   2.53      0.00      0.00      0.00       0  mysqld

# Time        UID       PID  minflt/s  majflt/s     VSZ     RSS   %MEM   kB_rd/s   kB_wr/s kB_ccwr/s iodelay  Command
1576696328    117     30603      0.00      0.00 1912820   95376   2.53      0.00      0.00      0.00       0  mysqld

# Time        UID       PID  minflt/s  majflt/s     VSZ     RSS   %MEM   kB_rd/s   kB_wr/s kB_ccwr/s iodelay  Command
1576696329    117     30603      0.00      0.00 1912820   95376   2.53      0.00      0.00      0.00       0  mysqld

# Time        UID       PID  minflt/s  majflt/s     VSZ     RSS   %MEM   kB_rd/s   kB_wr/s kB_ccwr/s iodelay  Command
1576696330    117     30603      0.00      0.00 1912820   95376   2.53      0.00      0.00      0.00       0  mysqld

# Time        UID       PID  minflt/s  majflt/s     VSZ     RSS   %MEM   kB_rd/s   kB_wr/s kB_ccwr/s iodelay  Command
1576696331    117     30603      0.00      0.00 1912820   95376   2.53      0.00      0.00      0.00       0  mysqld

# Time        UID       PID  minflt/s  majflt/s     VSZ     RSS   %MEM   kB_rd/s   kB_wr/s kB_ccwr/s iodelay  Command
1576696332    117     30603      0.00      0.00 1912820   95376   2.53      0.00      0.00      0.00       0  mysqld

# Time        UID       PID  minflt/s  majflt/s     VSZ     RSS   %MEM   kB_rd/s   kB_wr/s kB_ccwr/s iodelay  Command
1576696333    117     30603      0.00      0.00 1912820   95376   2.53      0.00      0.00      0.00       0  mysqld

# Time        UID       PID  minflt/s  majflt/s     VSZ     RSS   %MEM   kB_rd/s   kB_wr/s kB_ccwr/s iodelay  Command
1576696334    117     30603      0.00      0.00 1912820   95376   2.53      0.00      0.00      0.00       0  mysqld

# Time        UID       PID  minflt/s  majflt/s     VSZ     RSS   %MEM   kB_rd/s   kB_wr/s kB_ccwr/s iodelay  Command
1576696335    117     30603      0.00      0.00 1912820   95376   2.53      0.00      0.00      0.00       0  mysqld

# Time        UID       PID  minflt/s  majflt/s     VSZ     RSS   %MEM   kB_rd/s   kB_wr/s kB_ccwr/s iodelay  Command
1576696336    117     30603      0.00      0.00 1912820   95376   2.53      0.00      0.00      0.00       0  mysqld

# Time        UID       PID  minflt/s  majflt/s     VSZ     RSS   %MEM   kB_rd/s   kB_wr/s kB_ccwr/s iodelay  Command
1576696337    117     30603      0.00      0.00 1912820   95376   2.53      0.00      0.00      0.00       0  mysqld

# Time        UID       PID  minflt/s  majflt/s     VSZ     RSS   %MEM   kB_rd/s   kB_wr/s kB_ccwr/s iodelay  Command
1576696338    117     30603      0.00      0.00 1912820   95376   2.53      0.00      0.00      0.00       0  mysqld

# Time        UID       PID  minflt/s  majflt/s     VSZ     RSS   %MEM   kB_rd/s   kB_wr/s kB_ccwr/s iodelay  Command
1576696339    117     30603      0.00      0.00 1912820   95376   2.53      0.00      0.00      0.00       0  mysqld

# Time        UID       PID  minflt/s  majflt/s     VSZ     RSS   %MEM   kB_rd/s   kB_wr/s kB_ccwr/s iodelay  Command
1576696340    117     30603      0.00      0.00 1912820   95376   2.53      0.00      0.00      0.00       0  mysqld

# Time        UID       PID  minflt/s  majflt/s     VSZ     RSS   %MEM   kB_rd/s   kB_wr/s kB_ccwr/s iodelay  Command
1576696341    117     30603      0.00      0.00 1912820   95376   2.53      0.00      0.00      0.00       0  mysqld

# Time        UID       PID  minflt/s  majflt/s     VSZ     RSS   %MEM   kB_rd/s   kB_wr/s kB_ccwr/s iodelay  Command
1576696342    117     30603      0.00      0.00 1912820   95376   2.53      0.00      0.00      0.00       0  mysqld

# Time        UID       PID  minflt/s  majflt/s     VSZ     RSS   %MEM   kB_rd/s   kB_wr/s kB_ccwr/s iodelay  Command
1576696343    117     30603      0.00      0.00 1912820   95376   2.53      0.00      0.00      0.00       0  mysqld

# Time        UID       PID  minflt/s  majflt/s     VSZ     RSS   %MEM   kB_rd/s   kB_wr/s kB_ccwr/s iodelay  Command
1576696344    117     30603      0.00      0.00 1912820   95376   2.53      0.00      0.00      0.00       0  mysqld

# Time        UID       PID  minflt/s  majflt/s     VSZ     RSS   %MEM   kB_rd/s   kB_wr/s kB_ccwr/s iodelay  Command
1576696345    117     30603      0.00      0.00 1912820   95376   2.53      0.00      0.00      0.00       0  mysqld

# Time        UID       PID  minflt/s  majflt/s     VSZ     RSS   %MEM   kB_rd/s   kB_wr/s kB_ccwr/s iodelay  Command
1576696346    117     30603      0.00      0.00 1912820   95376   2.53      0.00      0.00      0.00       0  mysqld

# Time        UID       PID  minflt/s  majflt/s     VSZ     RSS   %MEM   kB_rd/s   kB_wr/s kB_ccwr/s iodelay  Command
1576696347    117     30603      0.00      0.00 1912820   95376   2.53      0.00      0.00      0.00       0  mysqld

# Time        UID       PID  minflt/s  majflt/s     VSZ     RSS   %MEM   kB_rd/s   kB_wr/s kB_ccwr/s iodelay  Command
1576696348    117     30603      0.00      0.00 1912820   95376   2.53      0.00      0.00      0.00       0  mysqld

# Time        UID       PID  minflt/s  majflt/s     VSZ     RSS   %MEM   kB_rd/s   kB_wr/s kB_ccwr/s iodelay  Command
1576696349    117     30603      0.00      0.00 1912820   95376   2.53      0.00      0.00      0.00       0  mysqld

# Time        UID       PID  minflt/s  majflt/s     VSZ     RSS   %MEM   kB_rd/s   kB_wr/s kB_ccwr/s iodelay  Command
1576696350    117     30603      0.00      0.00 1912820   95376   2.53      0.00      0.00      0.00       0  mysqld

# Time        UID       PID  minflt/s  majflt/s     VSZ     RSS   %MEM   kB_rd/s   kB_wr/s kB_ccwr/s iodelay  Command
1576696351    117     30603      0.00      0.00 1912820   95376   2.53      0.00      0.00      0.00       0  mysqld

# Time        UID       PID  minflt/s  majflt/s     VSZ     RSS   %MEM   kB_rd/s   kB_wr/s kB_ccwr/s iodelay  Command
1576696352    117     30603      0.00      0.00 1912820   95376   2.53      0.00      0.00      0.00       0  mysqld

# Time        UID       PID  minflt/s  majflt/s     VSZ     RSS   %MEM   kB_rd/s   kB_wr/s kB_ccwr/s iodelay  Command
1576696353    117     30603      0.00      0.00 1912820   95376   2.53      0.00      0.00      0.00       0  mysqld

# Time        UID       PID  minflt/s  majflt/s     VSZ     RSS   %MEM   kB_rd/s   kB_wr/s kB_ccwr/s iodelay  Command
1576696354    117     30603      0.00      0.00 1912820   95376   2.53      0.00      0.00      0.00       0  mysqld

# Time        UID       PID  minflt/s  majflt/s     VSZ     RSS   %MEM   kB_rd/s   kB_wr/s kB_ccwr/s iodelay  Command
1576696355    117     30603      0.00      0.00 1912820   95376   2.53      0.00      0.00      0.00       0  mysqld

# Time        UID       PID  minflt/s  majflt/s     VSZ     RSS   %MEM   kB_rd/s   kB_wr/s kB_ccwr/s iodelay  Command
1576696356    117     30603      0.00      0.00 1912820   95376   2.53      0.00      0.00      0.00       0  mysqld

# Time        UID       PID  minflt/s  majflt/s     VSZ     RSS   %MEM   kB_rd/s   kB_wr/s kB_ccwr/s iodelay  Command
1576696357    117     30603      0.00      0.00 1912820   95376   2.53      0.00      0.00      0.00       0  mysqld

# Time        UID       PID  minflt/s  majflt/s     VSZ     RSS   %MEM   kB_rd/s   kB_wr/s kB_ccwr/s iodelay  Command
1576696358    117     30603      0.00      0.00 1912820   95376   2.53      0.00      0.00      0.00       0  mysqld

# Time        UID       PID  minflt/s  majflt/s     VSZ     RSS   %MEM   kB_rd/s   kB_wr/s kB_ccwr/s iodelay  Command
1576696359    117     30603      0.00      0.00 1912820   95376   2.53      0.00      0.00      0.00       0  mysqld

# Time        UID       PID  minflt/s  majflt/s     VSZ     RSS   %MEM   kB_rd/s   kB_wr/s kB_ccwr/s iodelay  Command
1576696360    117     30603      0.00      0.00 1912820   95376   2.53      0.00      0.00      0.00       0  mysqld

# Time        UID       PID  minflt/s  majflt/s     VSZ     RSS   %MEM   kB_rd/s   kB_wr/s kB_ccwr/s iodelay  Command
1576696361    117     30603      0.00      0.00 1912820   95376   2.53      0.00      0.00      0.00       0  mysqld

# Time        UID       PID  minflt/s  majflt/s     VSZ     RSS   %MEM   kB_rd/s   kB_wr/s kB_ccwr/s iodelay  Command
1576696362    117     30603      0.00      0.00 1912820   95376   2.53      0.00      0.00      0.00       0  mysqld

# Time        UID       PID  minflt/s  majflt/s     VSZ     RSS   %MEM   kB_rd/s   kB_wr/s kB_ccwr/s iodelay  Command
1576696363    117     30603      0.00      0.00 1912820   95376   2.53      0.00      0.00      0.00       0  mysqld

# Time        UID       PID  minflt/s  majflt/s     VSZ     RSS   %MEM   kB_rd/s   kB_wr/s kB_ccwr/s iodelay  Command
1576696364    117     30603      0.00      0.00 1912820   95376   2.53      0.00      0.00      0.00       0  mysqld

# Time        UID       PID  minflt/s  majflt/s     VSZ     RSS   %MEM   kB_rd/s   kB_wr/s kB_ccwr/s iodelay  Command
1576696365    117     30603      0.00      0.00 1912820   95376   2.53      0.00      0.00      0.00       0  mysqld

