1576696954 1576696954477 513.4326
1576696955 1576696955363 481.7389
1576696958 1576696958126 434.499
1576696958 1576696958452 407.6781
1576696959 1576696959663 512.2701
1576696960 1576696960735 381.8965
1576696961 1576696961608 384.2156
1576696961 1576696961899 428.3018
1576696963 1576696963963 453.9108
1576696964 1576696964986 467.1953
1576696967 1576696967781 622.8999
1576696968 1576696968076 713.446
1576696968 1576696968180 728.615
1576696968 1576696968620 387.1706
1576696971 1576696971427 551.5425
1576696971 1576696971597 523.9585
1576696972 1576696972921 379.0707
1576696973 1576696973794 498.159
1576696974 1576696974115 411.4313
1576696975 1576696975535 493.2317
1576696979 1576696979543 443.3736
1576696979 1576696979794 432.946
1576696985 1576696985561 1185.474
1576696985 1576696985567 903.0699
1576696985 1576696985569 1062.3287
1576696987 1576696987316 493.0308
1576696988 1576696988129 483.1771
1576696989 1576696989870 475.9494
1576696990 1576696990998 485.8144
1576696992 1576696992055 506.9393
1576696992 1576696992240 519.8756
1576696992 1576696992948 382.1115
1576696993 1576696993397 403.3133
1576696994 1576696994889 420.3412
1576696995 1576696995358 383.6803
1576696997 1576696997244 448.832
1576696997 1576696997881 381.1796
1576696999 1576696999597 412.991
1576697000 1576697000044 380.2908
1576697001 1576697001350 373.3318
1576697004 1576697004619 511.6697
1576697006 1576697006258 450.104
1576697007 1576697007282 462.109
1576697008 1576697008809 594.2718
1576697008 1576697008979 516.5863
1576697011 1576697011479 461.1611
1576697012 1576697012297 468.3366
1576697014 1576697014140 421.2882
1576697016 1576697016597 441.5468
1576697017 1576697017622 413.9341
1576697018 1576697018961 511.7925
1576697020 1576697020288 460.6245
1576697020 1576697020558 433.4598
1576697021 1576697021043 383.4932
1576697021 1576697021717 461.8704
1576697022 1576697022032 414.8442
1576697022 1576697022447 381.837
1576697023 1576697023477 433.3767
1576697023 1576697023963 383.9888
1576697024 1576697024271 424.057
1576697025 1576697025232 744.647
1576697025 1576697025238 761.3209
1576697025 1576697025499 869.2561
1576697025 1576697025663 786.8722
1576697026 1576697026028 382.1016
1576697026 1576697026941 602.9763
1576697027 1576697027322 382.6666
1576697029 1576697029915 497.0345
1576697030 1576697030415 397.2898
1576697030 1576697030664 454.4988
1576697031 1576697031671 651.1118
1576697031 1576697031706 621.9331
1576697033 1576697033187 511.5694
1576697033 1576697033907 471.3423
1576697034 1576697034297 381.0082
1576697034 1576697034610 414.9526
1576697035 1576697035337 476.017
1576697035 1576697035686 383.0331
1576697036 1576697036712 367.2262
1576697037 1576697037427 368.7379
1576697038 1576697038461 427.223
1576697038 1576697038746 557.956
1576697038 1576697038931 542.572
1576697039 1576697039301 369.1722
1576697040 1576697040854 511.6928
1576697041 1576697041067 647.2321
1576697041 1576697041235 673.8358
1576697041 1576697041685 365.3668
1576697042 1576697042129 584.8624
1576697042 1576697042227 584.9438
1576697042 1576697042737 368.3938
1576697044 1576697044233 365.9055
1576697044 1576697044683 368.4126
1576697045 1576697045617 364.9944
1576697048 1576697048336 548.4595
1576697048 1576697048811 367.4476
1576697051 1576697051109 369.5992
1576697053 1576697053096 366.1043
1576697053 1576697053682 368.9776
1576697053 1576697053948 428.231
