# started on Wed Dec 18 20:22:32 2019

#           time             counts unit events
     1.000440829          6,509,526      cache-references                                            
     1.000440829          3,015,121      cache-misses              #   46.319 % of all cache refs    
     1.000440829              7,731      page-faults                                                 
     2.000921056            817,283      cache-references                                            
     2.000921056            413,365      cache-misses              #   11.284 % of all cache refs    
     2.000921056                  9      page-faults                                                 
     3.001339968          5,923,170      cache-references                                            
     3.001339968          1,996,786      cache-misses              #   45.210 % of all cache refs    
     3.001339968                 82      page-faults                                                 
     4.001752780          2,131,999      cache-references                                            
     4.001752780          1,683,409      cache-misses              #   43.776 % of all cache refs    
     4.001752780                  0      page-faults                                                 
     5.002166973            279,528      cache-references                                            
     5.002166973            185,170      cache-misses              #    5.912 % of all cache refs    
     5.002166973                  0      page-faults                                                 
     6.002585859            401,619      cache-references                                            
     6.002585859            250,181      cache-misses              #    9.345 % of all cache refs    
     6.002585859                123      page-faults                                                 
     7.003005185          3,754,347      cache-references                                            
     7.003005185          3,007,721      cache-misses              #  106.240 % of all cache refs    
     7.003005185                 20      page-faults                                                 
     8.003399727          1,597,110      cache-references                                            
     8.003399727          1,233,597      cache-misses              #   46.084 % of all cache refs    
     8.003399727                  0      page-faults                                                 
     9.003814141          2,084,924      cache-references                                            
     9.003814141          1,493,081      cache-misses              #   57.183 % of all cache refs    
     9.003814141                491      page-faults                                                 
    10.004216189          2,810,693      cache-references                                            
    10.004216189          2,248,267      cache-misses              #   85.452 % of all cache refs    
    10.004216189                  0      page-faults                                                 
    11.004637598          2,352,339      cache-references                                            
    11.004637598          1,827,618      cache-misses              #   70.140 % of all cache refs    
    11.004637598                122      page-faults                                                 
    12.005054255            338,405      cache-references                                            
    12.005054255            238,147      cache-misses              #    9.854 % of all cache refs    
    12.005054255                  0      page-faults                                                 
    13.005468670          2,084,618      cache-references                                            
    13.005468670          1,618,455      cache-misses              #   67.684 % of all cache refs    
    13.005468670                  0      page-faults                                                 
    14.005887935          2,008,906      cache-references                                            
    14.005887935          1,614,204      cache-misses              #   68.286 % of all cache refs    
    14.005887935                  0      page-faults                                                 
    15.006331293            381,687      cache-references                                            
    15.006331293            266,873      cache-misses              #   11.958 % of all cache refs    
    15.006331293                  0      page-faults                                                 
    16.006748687          1,871,908      cache-references                                            
    16.006748687          1,360,076      cache-misses              #   61.563 % of all cache refs    
    16.006748687                141      page-faults                                                 
    17.007143298          5,521,031      cache-references                                            
    17.007143298          4,411,600      cache-misses              #  183.506 % of all cache refs    
    17.007143298                  5      page-faults                                                 
    18.007565274            615,464      cache-references                                            
    18.007565274            463,429      cache-misses              #   20.108 % of all cache refs    
    18.007565274                  0      page-faults                                                 
    19.007984028            303,204      cache-references                                            
    19.007984028            215,352      cache-misses              #    9.792 % of all cache refs    
    19.007984028                  0      page-faults                                                 
    20.008403276          3,446,444      cache-references                                            
    20.008403276          2,764,205      cache-misses              #  122.217 % of all cache refs    
    20.008403276                  0      page-faults                                                 
    21.008821514            738,784      cache-references                                            
    21.008821514            519,692      cache-misses              #   23.739 % of all cache refs    
    21.008821514                123      page-faults                                                 
    22.009202212          2,482,421      cache-references                                            
    22.009202212          1,977,834      cache-misses              #   89.799 % of all cache refs    
    22.009202212                  0      page-faults                                                 
    23.009624714          3,308,345      cache-references                                            
    23.009624714          2,652,285      cache-misses              #  117.848 % of all cache refs    
    23.009624714                  0      page-faults                                                 
    24.010044418          2,007,744      cache-references                                            
    24.010044418          1,592,060      cache-misses              #   71.059 % of all cache refs    
    24.010044418                  0      page-faults                                                 
    25.010456135            350,358      cache-references                                            
    25.010456135            248,090      cache-misses              #   11.460 % of all cache refs    
    25.010456135                  0      page-faults                                                 
#           time             counts unit events
    26.010876385            510,162      cache-references                                            
    26.010876385            327,826      cache-misses              #   15.602 % of all cache refs    
    26.010876385                124      page-faults                                                 
    27.011297437            392,758      cache-references                                            
    27.011297437            270,512      cache-misses              #   13.274 % of all cache refs    
    27.011297437                  0      page-faults                                                 
    28.011674209          2,381,877      cache-references                                            
    28.011674209          1,878,516      cache-misses              #   91.624 % of all cache refs    
    28.011674209                  1      page-faults                                                 
    29.012147722          1,623,235      cache-references                                            
    29.012147722          1,299,932      cache-misses              #   63.863 % of all cache refs    
    29.012147722                  0      page-faults                                                 
    30.012601345            262,023      cache-references                                            
    30.012601345            183,573      cache-misses              #    9.288 % of all cache refs    
    30.012601345                  0      page-faults                                                 
    31.013050714            647,414      cache-references                                            
    31.013050714            431,644      cache-misses              #   22.324 % of all cache refs    
    31.013050714                122      page-faults                                                 
    32.013502710            524,290      cache-references                                            
    32.013502710            353,522      cache-misses              #   18.710 % of all cache refs    
    32.013502710                  0      page-faults                                                 
    33.013960857            315,692      cache-references                                            
    33.013960857            238,395      cache-misses              #   12.944 % of all cache refs    
    33.013960857                  0      page-faults                                                 
    34.014393225          5,731,982      cache-references                                            
    34.014393225          4,553,800      cache-misses              #  232.786 % of all cache refs    
    34.014393225                  0      page-faults                                                 
    35.014816933            346,245      cache-references                                            
    35.014816933            255,449      cache-misses              #   13.373 % of all cache refs    
    35.014816933                  0      page-faults                                                 
    36.015236112          2,236,910      cache-references                                            
    36.015236112          1,738,031      cache-misses              #   90.556 % of all cache refs    
    36.015236112                123      page-faults                                                 
    37.015659232          2,218,363      cache-references                                            
    37.015659232          1,702,738      cache-misses              #   88.345 % of all cache refs    
    37.015659232                  2      page-faults                                                 
    38.016078760            477,635      cache-references                                            
    38.016078760            355,122      cache-misses              #   18.797 % of all cache refs    
    38.016078760                  0      page-faults                                                 
    39.016499427          1,896,360      cache-references                                            
    39.016499427          1,541,172      cache-misses              #   81.569 % of all cache refs    
    39.016499427                  0      page-faults                                                 
    40.016923571          2,030,483      cache-references                                            
    40.016923571          1,611,550      cache-misses              #   85.135 % of all cache refs    
    40.016923571                  0      page-faults                                                 
    41.017370029          4,042,460      cache-references                                            
    41.017370029          3,162,906      cache-misses              #  162.587 % of all cache refs    
    41.017370029                125      page-faults                                                 
    42.017791981          3,769,356      cache-references                                            
    42.017791981          3,022,373      cache-misses              #  151.971 % of all cache refs    
    42.017791981                  1      page-faults                                                 
    43.018216941          4,396,759      cache-references                                            
    43.018216941          1,202,543      cache-misses              #   58.810 % of all cache refs    
    43.018216941                254      page-faults                                                 
    44.018637808          3,689,661      cache-references                                            
    44.018637808          2,977,312      cache-misses              #  142.991 % of all cache refs    
    44.018637808                  0      page-faults                                                 
    45.019060283            287,476      cache-references                                            
    45.019060283            210,243      cache-misses              #   10.294 % of all cache refs    
    45.019060283                  0      page-faults                                                 
    46.019478311          2,464,970      cache-references                                            
    46.019478311          1,907,314      cache-misses              #   92.973 % of all cache refs    
    46.019478311                125      page-faults                                                 
    47.019898582          1,930,075      cache-references                                            
    47.019898582          1,550,952      cache-misses              #   75.697 % of all cache refs    
    47.019898582                  0      page-faults                                                 
    48.020317099          1,885,870      cache-references                                            
    48.020317099          1,497,304      cache-misses              #   73.200 % of all cache refs    
    48.020317099                  0      page-faults                                                 
    49.020738910          2,146,993      cache-references                                            
    49.020738910          1,697,334      cache-misses              #   82.895 % of all cache refs    
    49.020738910                  0      page-faults                                                 
    50.021155989          2,028,620      cache-references                                            
    50.021155989          1,630,571      cache-misses              #   79.649 % of all cache refs    
    50.021155989                  0      page-faults                                                 
#           time             counts unit events
    51.021575591            539,185      cache-references                                            
    51.021575591            361,420      cache-misses              #   17.913 % of all cache refs    
    51.021575591                125      page-faults                                                 
    52.021994857            300,902      cache-references                                            
    52.021994857            209,822      cache-misses              #   10.572 % of all cache refs    
    52.021994857                  0      page-faults                                                 
    53.022354809          1,802,244      cache-references                                            
    53.022354809          1,420,134      cache-misses              #   71.682 % of all cache refs    
    53.022354809                  0      page-faults                                                 
    54.022803140            457,246      cache-references                                            
    54.022803140            347,060      cache-misses              #   17.771 % of all cache refs    
    54.022803140                  0      page-faults                                                 
    55.023214627          2,108,271      cache-references                                            
    55.023214627          1,690,183      cache-misses              #   86.420 % of all cache refs    
    55.023214627                  0      page-faults                                                 
    56.023629368          2,251,366      cache-references                                            
    56.023629368          1,766,175      cache-misses              #   90.063 % of all cache refs    
    56.023629368                128      page-faults                                                 
    57.024027380          1,543,993      cache-references                                            
    57.024027380          1,134,985      cache-misses              #   58.093 % of all cache refs    
    57.024027380                  0      page-faults                                                 
    58.024451067          2,525,209      cache-references                                            
    58.024451067          2,031,743      cache-misses              #  103.471 % of all cache refs    
    58.024451067                  0      page-faults                                                 
    59.024872440            321,990      cache-references                                            
    59.024872440            230,102      cache-misses              #   11.887 % of all cache refs    
    59.024872440                  0      page-faults                                                 
    60.025294707          2,028,165      cache-references                                            
    60.025294707          1,589,970      cache-misses              #   82.071 % of all cache refs    
    60.025294707                  0      page-faults                                                 
    61.025715003          2,272,565      cache-references                                            
    61.025715003          1,754,609      cache-misses              #   90.314 % of all cache refs    
    61.025715003                122      page-faults                                                 
    62.026167181            312,727      cache-references                                            
    62.026167181            225,148      cache-misses              #   11.748 % of all cache refs    
    62.026167181                  0      page-faults                                                 
    63.026613038          2,207,120      cache-references                                            
    63.026613038          1,767,146      cache-misses              #   91.985 % of all cache refs    
    63.026613038                  0      page-faults                                                 
    64.027060726            324,667      cache-references                                            
    64.027060726            243,606      cache-misses              #   12.847 % of all cache refs    
    64.027060726                  0      page-faults                                                 
    65.027497622          1,952,355      cache-references                                            
    65.027497622          1,557,465      cache-misses              #   82.100 % of all cache refs    
    65.027497622                  0      page-faults                                                 
    66.027932208          2,099,595      cache-references                                            
    66.027932208          1,603,820      cache-misses              #   84.407 % of all cache refs    
    66.027932208                130      page-faults                                                 
    67.028398328            574,009      cache-references                                            
    67.028398328            437,761      cache-misses              #   23.281 % of all cache refs    
    67.028398328                  0      page-faults                                                 
    68.028774077          2,165,727      cache-references                                            
    68.028774077          1,730,165      cache-misses              #   91.810 % of all cache refs    
    68.028774077                  0      page-faults                                                 
    69.029186862          3,682,994      cache-references                                            
    69.029186862          2,937,124      cache-misses              #  153.730 % of all cache refs    
    69.029186862                  0      page-faults                                                 
    70.029598712          3,018,687      cache-references                                            
    70.029598712          2,403,919      cache-misses              #  124.788 % of all cache refs    
    70.029598712                  0      page-faults                                                 
    71.030013346          4,716,906      cache-references                                            
    71.030013346          3,771,619      cache-misses              #  191.871 % of all cache refs    
    71.030013346                123      page-faults                                                 
    72.030426144          2,050,183      cache-references                                            
    72.030426144          1,625,496      cache-misses              #   82.643 % of all cache refs    
    72.030426144                  0      page-faults                                                 
    73.030839728          3,920,535      cache-references                                            
    73.030839728          3,113,813      cache-misses              #  156.187 % of all cache refs    
    73.030839728                  0      page-faults                                                 
    74.031222046          6,689,299      cache-references                                            
    74.031222046          5,257,199      cache-misses              #  255.563 % of all cache refs    
    74.031222046                 20      page-faults                                                 
    75.031640529          2,604,539      cache-references                                            
    75.031640529          2,061,869      cache-misses              #   99.877 % of all cache refs    
    75.031640529                  0      page-faults                                                 
#           time             counts unit events
    76.032038101          4,522,498      cache-references                                            
    76.032038101          3,500,216      cache-misses              #  166.936 % of all cache refs    
    76.032038101                126      page-faults                                                 
    77.032465587          1,251,469      cache-references                                            
    77.032465587            841,414      cache-misses              #   40.341 % of all cache refs    
    77.032465587                  0      page-faults                                                 
    78.032818021            934,858      cache-references                                            
    78.032818021            644,518      cache-misses              #   31.121 % of all cache refs    
    78.032818021                  0      page-faults                                                 
    79.033231108          5,117,720      cache-references                                            
    79.033231108          4,080,714      cache-misses              #  193.438 % of all cache refs    
    79.033231108                  0      page-faults                                                 
    80.033558344          3,614,401      cache-references                                            
    80.033558344          2,877,984      cache-misses              #  135.219 % of all cache refs    
    80.033558344                  0      page-faults                                                 
    81.033876587          1,238,570      cache-references                                            
    81.033876587            918,765      cache-misses              #   43.391 % of all cache refs    
    81.033876587                122      page-faults                                                 
    82.034296671          2,437,944      cache-references                                            
    82.034296671          1,909,858      cache-misses              #   90.032 % of all cache refs    
    82.034296671                  0      page-faults                                                 
    83.034716779          5,356,091      cache-references                                            
    83.034716779          4,276,997      cache-misses              #  197.983 % of all cache refs    
    83.034716779                  0      page-faults                                                 
    84.035076881          3,145,738      cache-references                                            
    84.035076881          2,553,691      cache-misses              #  117.572 % of all cache refs    
    84.035076881                  0      page-faults                                                 
    85.035388448          1,948,144      cache-references                                            
    85.035388448          1,527,828      cache-misses              #   70.427 % of all cache refs    
    85.035388448                  0      page-faults                                                 
    86.035804903          2,909,663      cache-references                                            
    86.035804903          2,276,250      cache-misses              #  104.512 % of all cache refs    
    86.035804903                124      page-faults                                                 
    87.036174780          3,249,125      cache-references                                            
    87.036174780          2,614,038      cache-misses              #  119.346 % of all cache refs    
    87.036174780                  0      page-faults                                                 
    88.036613816          3,582,066      cache-references                                            
    88.036613816          2,972,283      cache-misses              #  134.729 % of all cache refs    
    88.036613816                  0      page-faults                                                 
    89.037009929          1,551,776      cache-references                                            
    89.037009929          1,211,505      cache-misses              #   55.099 % of all cache refs    
    89.037009929                  0      page-faults                                                 
    90.037384217          4,778,874      cache-references                                            
    90.037384217          3,934,625      cache-misses              #  176.644 % of all cache refs    
    90.037384217                  0      page-faults                                                 
    91.037808652          4,696,808      cache-references                                            
    91.037808652          3,785,668      cache-misses              #  167.911 % of all cache refs    
    91.037808652                124      page-faults                                                 
    92.038225758          1,037,378      cache-references                                            
    92.038225758            824,612      cache-misses              #   36.791 % of all cache refs    
    92.038225758                  0      page-faults                                                 
    93.038611601          2,897,994      cache-references                                            
    93.038611601          2,380,952      cache-misses              #  105.895 % of all cache refs    
    93.038611601                  1      page-faults                                                 
    94.039049933          2,108,511      cache-references                                            
    94.039049933          1,746,456      cache-misses              #   77.727 % of all cache refs    
    94.039049933                  0      page-faults                                                 
    95.039473828            410,508      cache-references                                            
    95.039473828            305,847      cache-misses              #   13.730 % of all cache refs    
    95.039473828                  0      page-faults                                                 
    96.039916989            517,314      cache-references                                            
    96.039916989            337,804      cache-misses              #   15.287 % of all cache refs    
    96.039916989                123      page-faults                                                 
    97.040378212          2,268,553      cache-references                                            
    97.040378212          1,873,202      cache-misses              #   84.746 % of all cache refs    
    97.040378212                  0      page-faults                                                 
    98.040809482          1,323,725      cache-references                                            
    98.040809482          1,082,360      cache-misses              #   49.169 % of all cache refs    
    98.040809482                  0      page-faults                                                 
    99.041254712            389,643      cache-references                                            
    99.041254712            290,889      cache-misses              #   13.325 % of all cache refs    
    99.041254712                  0      page-faults                                                 
   100.041690310          1,859,039      cache-references                                            
   100.041690310          1,503,652      cache-misses              #   68.982 % of all cache refs    
   100.041690310                  0      page-faults                                                 
#           time             counts unit events
   101.042069032            542,275      cache-references                                            
   101.042069032            362,968      cache-misses              #   16.776 % of all cache refs    
   101.042069032                122      page-faults                                                 
   102.042500493          2,943,084      cache-references                                            
   102.042500493          2,430,705      cache-misses              #  111.951 % of all cache refs    
   102.042500493                  0      page-faults                                                 
   103.042919612          1,997,454      cache-references                                            
   103.042919612          1,650,615      cache-misses              #   76.082 % of all cache refs    
   103.042919612                  0      page-faults                                                 
   104.043332668            302,185      cache-references                                            
   104.043332668            223,984      cache-misses              #   10.410 % of all cache refs    
   104.043332668                  0      page-faults                                                 
   105.043753678            288,840      cache-references                                            
   105.043753678            207,743      cache-misses              #    9.736 % of all cache refs    
   105.043753678                  0      page-faults                                                 
   106.044176727            492,678      cache-references                                            
   106.044176727            328,761      cache-misses              #   15.520 % of all cache refs    
   106.044176727                123      page-faults                                                 
   106.234915308            207,954      cache-references                                            
   106.234915308            134,261      cache-misses              #    6.392 % of all cache refs    
   106.234915308                  1      page-faults                                                 
