# gnuplot dump (#col:description)
# networking interface: enp0s25
# sampling interval (t): 1000 ms
# 1:unixtime 2:rx-bytes-per-t 3:rx-pkts-per-t 4:rx-drops-per-t 5:rx-errors-per-t 6:rx-bytes 7:rx-pkts 8:rx-drops 9:rx-errors 10:tx-bytes-per-t 11:tx-pkts-per-t 12:tx-drops-per-t 13:tx-errors-per-t 14:tx-bytes 15:tx-pkts 16:tx-drops 17:tx-errors 18:context-switches-per-t 19:mem-free 20:mem-used 21:mem-total 22:swap-free 23:swap-used 24:swap-total 25:procs-total 26:procs-in-run 27:procs-in-iow 28:cpu0-usr-per-t 29:cpu0-nice-per-t 30:cpu0-sys-per-t 31:cpu0-idle-per-t 32:cpu0-iow-per-t 33:cpu0-net-irqs-per-t 34:cpu0-net-irqs 35:cpu0-net-rx-soft-irqs-per-t 36:cpu0-net-rx-soft-irqs 37:cpu0-net-tx-soft-irqs-per-t 38:cpu0-net-tx-soft-irqs 39:cpu1-usr-per-t 40:cpu1-nice-per-t 41:cpu1-sys-per-t 42:cpu1-idle-per-t 43:cpu1-iow-per-t 44:cpu1-net-irqs-per-t 45:cpu1-net-irqs 46:cpu1-net-rx-soft-irqs-per-t 47:cpu1-net-rx-soft-irqs 48:cpu1-net-tx-soft-irqs-per-t 49:cpu1-net-tx-soft-irqs 50:cpu2-usr-per-t 51:cpu2-nice-per-t 52:cpu2-sys-per-t 53:cpu2-idle-per-t 54:cpu2-iow-per-t 55:cpu2-net-irqs-per-t 56:cpu2-net-irqs 57:cpu2-net-rx-soft-irqs-per-t 58:cpu2-net-rx-soft-irqs 59:cpu2-net-tx-soft-irqs-per-t 60:cpu2-net-tx-soft-irqs 61:cpu3-usr-per-t 62:cpu3-nice-per-t 63:cpu3-sys-per-t 64:cpu3-idle-per-t 65:cpu3-iow-per-t 66:cpu3-net-irqs-per-t 67:cpu3-net-irqs 68:cpu3-net-rx-soft-irqs-per-t 69:cpu3-net-rx-soft-irqs 70:cpu3-net-tx-soft-irqs-per-t 71:cpu3-net-tx-soft-irqs 
# data:
1576696545 268 3 0 0 87497516 385712 0 0 64 1 0 0 10287135 121681 0 0 388 2762968 1007792 3770760 3909628 11264 3920892 120 1 0 0 0 0 99 0 0 0 0 190 0 310 0 0 0 100 0 5 756338 5 760189 0 120589 0 0 0 99 0 0 0 0 254 0 380 0 0 1 99 0 0 0 0 3985 0 2359 
1576696546 128 2 0 0 87497644 385714 0 0 0 0 0 0 10287135 121681 0 0 113 2762968 1007792 3770760 3909628 11264 3920892 120 1 0 0 0 1 99 0 0 0 0 190 0 310 0 0 1 100 0 2 756340 2 760191 0 120589 0 0 0 100 0 0 0 0 254 0 380 0 0 0 100 0 0 0 0 3985 0 2359 
1576696547 495 4 0 0 87498139 385718 0 0 343 3 0 0 10287478 121684 0 0 508 2762432 1008328 3770760 3909628 11264 3920892 120 1 0 0 0 0 99 0 0 0 0 190 0 310 0 0 0 100 0 7 756347 7 760198 1 120590 1 0 0 99 0 0 0 0 254 0 380 0 0 1 99 0 0 0 0 3985 0 2359 
1576696548 64 1 0 0 87498203 385719 0 0 0 0 0 0 10287478 121684 0 0 399 2762432 1008328 3770760 3909628 11264 3920892 120 2 0 0 0 0 99 0 0 0 0 190 0 310 0 0 0 100 0 1 756348 1 760199 0 120590 0 0 0 100 0 0 0 0 254 0 380 0 0 0 99 0 0 0 0 3985 0 2359 
1576696549 0 0 0 0 87498203 385719 0 0 0 0 0 0 10287478 121684 0 0 666 2762432 1008328 3770760 3909628 11264 3920892 120 1 0 0 0 0 100 0 0 0 0 190 0 310 0 0 1 99 0 1 756349 1 760200 0 120590 1 0 1 99 0 0 0 0 254 0 380 0 0 1 97 0 0 0 0 3985 0 2359 
1576696550 0 0 0 0 87498203 385719 0 0 0 0 0 0 10287478 121684 0 0 937 2762368 1008392 3770760 3909628 11264 3920892 120 1 0 0 0 0 100 0 0 0 0 190 0 310 0 0 0 100 0 0 756349 0 760200 0 120590 0 0 0 99 1 0 0 0 254 0 380 0 0 0 97 0 0 0 0 3985 0 2359 
1576696551 0 0 0 0 87498203 385719 0 0 0 0 0 0 10287478 121684 0 0 353 2762400 1008360 3770760 3909628 11264 3920892 120 1 0 0 0 0 100 0 0 0 0 190 0 310 0 0 0 100 0 1 756350 1 760201 0 120590 0 0 0 100 0 0 0 0 254 0 380 0 0 0 99 0 0 0 0 3985 0 2359 
1576696552 82 1 0 0 87498285 385720 0 0 90 1 0 0 10287568 121685 0 0 872 2762368 1008392 3770760 3909628 11264 3920892 120 1 0 0 0 0 100 0 0 0 0 190 0 310 0 0 0 100 0 2 756352 2 760203 1 120591 0 0 0 99 0 0 0 0 254 0 380 0 0 2 96 0 0 0 0 3985 1 2360 
1576696553 0 0 0 0 87498285 385720 0 0 0 0 0 0 10287568 121685 0 0 106 2762368 1008392 3770760 3909628 11264 3920892 120 1 0 0 0 0 100 0 0 0 0 190 0 310 0 0 0 100 0 1 756353 1 760204 0 120591 0 0 0 99 0 0 0 0 254 0 380 0 0 0 100 0 0 0 0 3985 0 2360 
1576696554 0 0 0 0 87498285 385720 0 0 0 0 0 0 10287568 121685 0 0 116 2762368 1008392 3770760 3909628 11264 3920892 120 1 0 0 0 1 100 0 0 0 0 190 0 310 0 0 0 99 0 0 756353 0 760204 0 120591 0 0 0 100 0 0 0 0 254 0 380 0 0 0 100 0 0 0 0 3985 0 2360 
1576696555 0 0 0 0 87498285 385720 0 0 0 0 0 0 10287568 121685 0 0 384 2762368 1008392 3770760 3909628 11264 3920892 120 1 0 0 0 0 100 0 0 0 0 190 0 310 0 0 0 100 0 1 756354 1 760205 0 120591 0 0 0 100 0 0 0 0 254 0 380 0 0 0 99 0 0 0 0 3985 0 2360 
1576696556 0 0 0 0 87498285 385720 0 0 0 0 0 0 10287568 121685 0 0 369 2762368 1008392 3770760 3909628 11264 3920892 120 1 0 0 0 0 100 0 0 0 0 190 0 310 0 0 0 100 0 0 756354 0 760205 0 120591 0 0 0 100 0 0 0 0 254 0 380 0 0 1 99 0 0 0 0 3985 0 2360 
1576696557 0 0 0 0 87498285 385720 0 0 0 0 0 0 10287568 121685 0 0 370 2762368 1008392 3770760 3909628 11264 3920892 120 1 0 0 0 0 100 0 0 0 0 190 0 310 1 0 0 100 0 1 756355 1 760206 1 120592 0 0 0 100 0 0 0 0 254 0 380 0 0 0 98 0 0 0 0 3985 0 2360 
1576696558 0 0 0 0 87498285 385720 0 0 0 0 0 0 10287568 121685 0 0 270 2762272 1008488 3770760 3909628 11264 3920892 120 1 0 0 0 0 100 0 0 0 0 190 0 310 0 0 0 100 0 0 756355 0 760206 0 120592 0 0 0 100 0 0 0 0 254 0 380 0 0 0 99 0 0 0 0 3985 0 2360 
1576696559 64 1 0 0 87498349 385721 0 0 0 0 0 0 10287568 121685 0 0 363 2762004 1008756 3770760 3909628 11264 3920892 120 1 0 0 0 0 100 0 0 0 0 190 0 310 0 0 0 100 0 2 756357 2 760208 0 120592 0 0 0 100 0 0 0 0 254 0 380 0 0 2 99 0 0 0 0 3985 0 2360 
1576696560 0 0 0 0 87498349 385721 0 0 0 0 0 0 10287568 121685 0 0 367 2761980 1008780 3770760 3909628 11264 3920892 120 1 0 0 0 0 100 0 0 0 0 190 0 310 0 0 0 99 0 0 756357 0 760208 0 120592 0 0 0 100 0 0 0 0 254 0 380 0 0 1 98 1 0 0 0 3985 0 2360 
1576696561 0 0 0 0 87498349 385721 0 0 0 0 0 0 10287568 121685 0 0 919 2761948 1008812 3770760 3909628 11264 3920892 120 1 0 0 0 0 100 0 0 0 0 190 0 310 0 0 0 100 0 1 756358 1 760209 0 120592 0 0 0 100 0 0 0 0 254 0 380 0 0 3 96 0 0 0 0 3985 0 2360 
1576696562 90 1 0 0 87498439 385722 0 0 0 0 0 0 10287568 121685 0 0 1038 2762108 1008652 3770760 3909628 11264 3920892 120 1 0 0 0 0 100 0 0 0 0 190 0 310 0 0 0 99 0 1 756359 1 760210 1 120593 0 0 0 99 0 0 0 0 254 0 380 0 0 4 95 0 0 0 0 3985 0 2360 
1576696563 0 0 0 0 87498439 385722 0 0 0 0 0 0 10287568 121685 0 0 99 2762108 1008652 3770760 3909628 11264 3920892 119 1 0 0 0 0 99 0 0 0 0 190 0 310 0 0 0 100 0 1 756360 1 760211 0 120593 0 0 0 99 0 0 0 0 254 0 380 0 0 0 100 0 0 0 0 3985 0 2360 
1576696564 90 1 0 0 87498529 385723 0 0 0 0 0 0 10287568 121685 0 0 159 2762308 1008452 3770760 3909628 11264 3920892 119 1 0 1 0 0 99 0 0 0 0 190 0 310 1 0 0 100 0 1 756361 1 760212 0 120593 0 0 0 99 0 0 0 0 254 0 380 0 0 1 100 0 0 0 0 3985 0 2360 
1576696565 0 0 0 0 87498529 385723 0 0 0 0 0 0 10287568 121685 0 0 882 2762360 1008400 3770760 3909628 11264 3920892 119 1 0 0 0 0 100 0 0 0 0 190 0 310 0 0 0 100 0 1 756362 1 760213 0 120593 0 0 0 99 0 0 0 0 254 0 380 0 0 1 96 0 0 0 0 3985 0 2360 
1576696566 90 1 0 0 87498619 385724 0 0 0 0 0 0 10287568 121685 0 0 376 2762360 1008400 3770760 3909628 11264 3920892 119 1 0 0 0 0 100 0 0 0 0 190 0 310 0 0 0 100 0 1 756363 1 760214 0 120593 0 0 0 100 0 0 0 0 254 0 380 0 0 0 98 0 0 0 0 3985 0 2360 
1576696567 0 0 0 0 87498619 385724 0 0 0 0 0 0 10287568 121685 0 0 639 2762360 1008400 3770760 3909628 11264 3920892 119 1 0 0 0 0 100 0 0 0 0 190 0 310 0 0 0 100 0 1 756364 1 760215 1 120594 0 0 1 100 0 0 0 0 254 0 380 0 0 0 98 0 0 0 0 3985 0 2360 
1576696568 244 3 0 0 87498863 385727 0 0 64 1 0 0 10287632 121686 0 0 374 2762328 1008432 3770760 3909628 11264 3920892 119 1 0 0 0 0 100 0 0 0 0 190 0 310 0 0 0 100 0 4 756368 4 760219 0 120594 0 0 0 100 0 0 0 0 254 0 380 0 0 1 99 0 0 0 0 3985 0 2360 
1576696569 0 0 0 0 87498863 385727 0 0 0 0 0 0 10287632 121686 0 0 364 2762352 1008408 3770760 3909628 11264 3920892 119 1 0 0 0 0 100 0 0 0 0 190 0 310 0 0 0 99 0 1 756369 1 760220 0 120594 0 0 0 100 0 0 0 0 254 0 380 0 0 2 99 0 0 0 0 3985 0 2360 
1576696570 270 3 0 0 87499133 385730 0 0 90 1 0 0 10287722 121687 0 0 670 2762360 1008400 3770760 3909628 11264 3920892 119 1 0 0 0 0 100 0 0 0 0 190 0 310 0 0 1 100 0 4 756373 4 760224 1 120595 0 0 1 100 0 0 0 0 254 0 380 0 0 1 97 0 0 0 0 3985 0 2360 
1576696571 0 0 0 0 87499133 385730 0 0 0 0 0 0 10287722 121687 0 0 155 2762232 1008528 3770760 3909628 11264 3920892 119 1 0 0 0 0 100 0 0 0 0 190 0 310 0 0 0 100 0 1 756374 1 760225 0 120595 0 0 0 100 0 0 0 0 254 0 380 0 0 0 100 0 0 0 0 3985 0 2360 
1576696572 90 1 0 0 87499223 385731 0 0 0 0 0 0 10287722 121687 0 0 302 2762360 1008400 3770760 3909628 11264 3920892 119 1 0 0 0 0 100 0 0 0 0 190 0 310 0 0 0 100 0 1 756375 1 760226 1 120596 0 0 0 100 0 0 0 0 254 0 380 0 0 0 99 0 0 0 0 3985 0 2360 
1576696573 0 0 0 0 87499223 385731 0 0 0 0 0 0 10287722 121687 0 0 380 2762328 1008432 3770760 3909628 11264 3920892 119 1 0 0 0 0 100 0 0 0 0 190 0 310 0 0 0 100 0 1 756376 1 760227 0 120596 0 0 0 99 0 0 0 0 254 0 380 0 0 2 99 0 0 0 0 3985 0 2360 
1576696574 218 3 0 0 87499441 385734 0 0 64 1 0 0 10287786 121688 0 0 420 2762352 1008408 3770760 3909628 11264 3920892 119 1 0 0 0 1 100 0 0 0 0 190 0 310 0 0 0 100 0 4 756380 4 760231 0 120596 0 0 1 100 0 0 0 0 254 0 380 1 0 1 99 0 0 0 0 3985 0 2360 
1576696575 846 6 0 0 87500287 385740 0 0 0 0 0 0 10287786 121688 0 0 128 2762360 1008400 3770760 3909628 11264 3920892 119 1 0 0 0 0 100 0 0 0 0 190 0 310 0 0 0 99 0 6 756386 6 760237 0 120596 1 0 0 99 0 0 0 0 254 0 380 0 0 0 100 0 0 0 0 3985 0 2360 
1576696576 12376 169 0 0 87512663 385909 0 0 0 0 0 0 10287786 121688 0 0 390 2762200 1008560 3770760 3909628 11264 3920892 119 1 0 0 0 0 100 0 0 0 0 190 0 310 0 0 0 99 0 163 756549 163 760400 2 120598 0 0 0 99 0 0 0 0 254 0 380 0 0 1 99 0 0 0 0 3985 0 2360 
1576696577 8666 135 0 0 87521329 386044 0 0 90 1 0 0 10287876 121689 0 0 266 2762360 1008400 3770760 3909628 11264 3920892 119 1 0 0 0 0 100 0 0 0 0 190 0 310 0 0 0 99 0 136 756685 136 760536 2 120600 0 0 0 100 0 0 0 0 254 0 380 0 0 0 100 0 0 0 0 3985 0 2360 
1576696578 90 1 0 0 87521419 386045 0 0 0 0 0 0 10287876 121689 0 0 94 2762360 1008400 3770760 3909628 11264 3920892 119 1 0 1 0 0 100 0 0 0 0 190 0 310 0 0 0 99 0 1 756686 1 760537 0 120600 0 0 0 100 0 0 0 0 254 0 380 0 0 0 100 0 0 0 0 3985 0 2360 
1576696579 0 0 0 0 87521419 386045 0 0 0 0 0 0 10287876 121689 0 0 118 2762048 1008712 3770760 3909628 11264 3920892 119 1 0 0 0 0 100 0 0 0 0 190 0 310 0 0 0 100 0 1 756687 1 760538 0 120600 0 0 0 100 0 0 0 0 254 0 380 0 0 0 100 0 0 0 0 3985 0 2360 
1576696580 399 3 0 0 87521818 386048 0 0 0 0 0 0 10287876 121689 0 0 111 2762108 1008652 3770760 3909628 11264 3920892 119 1 0 0 0 0 100 0 0 0 0 190 0 310 0 0 0 100 0 3 756690 3 760541 0 120600 0 0 0 100 0 0 0 0 254 0 380 0 0 0 100 0 0 0 0 3985 0 2360 
1576696581 1354 7 0 0 87523172 386055 0 0 0 0 0 0 10287876 121689 0 0 700 2765072 1005688 3770760 3909628 11264 3920892 117 1 0 0 0 0 98 0 0 0 0 190 0 310 2 0 1 98 0 6 756696 6 760547 0 120600 1 0 3 96 0 0 0 0 254 0 380 1 0 0 97 0 0 0 0 3985 0 2360 
1576696582 2051 15 0 0 87525223 386070 0 0 0 0 0 0 10287876 121689 0 0 189 2764944 1005816 3770760 3909628 11264 3920892 117 1 0 0 0 1 100 0 0 0 0 190 0 310 1 0 1 100 0 14 756710 14 760561 2 120602 0 0 0 100 0 0 0 0 254 0 380 1 0 1 99 0 0 0 0 3985 0 2360 
1576696583 6097 82 0 0 87531320 386152 0 0 0 0 0 0 10287876 121689 0 0 265 2764944 1005816 3770760 3909628 11264 3920892 117 1 0 0 0 0 100 0 0 0 0 190 0 310 0 0 0 99 0 82 756792 82 760643 1 120603 0 0 0 100 0 0 0 0 254 0 380 0 0 0 99 0 0 0 0 3985 0 2360 
1576696584 4945 71 0 0 87536265 386223 0 0 0 0 0 0 10287876 121689 0 0 267 2765272 1005488 3770760 3909628 11264 3920892 117 1 0 0 0 0 100 0 0 0 0 190 0 310 0 0 0 99 0 71 756863 71 760714 0 120603 0 0 0 100 0 0 0 0 254 0 380 2 0 0 98 0 0 0 0 3985 0 2360 
1576696585 4891 73 0 0 87541156 386296 0 0 0 0 0 0 10287876 121689 0 0 207 2765324 1005436 3770760 3909628 11264 3920892 117 1 0 1 0 0 100 0 0 0 0 190 0 310 0 0 0 99 0 72 756935 72 760786 0 120603 0 0 0 100 0 0 0 0 254 0 380 0 0 0 99 1 0 0 0 3985 0 2360 
1576696586 5432 77 0 0 87546588 386373 0 0 0 0 0 0 10287876 121689 0 0 257 2765324 1005436 3770760 3909628 11264 3920892 117 1 0 0 0 0 100 0 0 0 0 190 0 310 0 0 0 99 0 75 757010 75 760861 0 120603 0 0 0 99 0 0 0 0 254 0 380 0 0 1 100 0 0 0 0 3985 0 2360 
1576696587 64 1 0 0 87546652 386374 0 0 0 0 0 0 10287876 121689 0 0 102 2765324 1005436 3770760 3909628 11264 3920892 117 1 0 0 0 0 100 0 0 0 0 190 0 310 0 0 1 100 0 2 757012 2 760863 1 120604 0 0 0 100 0 0 0 0 254 0 380 0 0 0 100 0 0 0 0 3985 0 2360 
1576696588 5438 77 0 0 87552090 386451 0 0 0 0 0 0 10287876 121689 0 0 246 2765292 1005468 3770760 3909628 11264 3920892 117 1 0 0 0 0 100 0 0 0 0 190 0 310 0 0 0 100 0 77 757089 77 760940 1 120605 0 0 0 100 0 0 0 0 254 0 380 0 0 0 99 0 0 0 0 3985 0 2360 
1576696589 5650 79 0 0 87557740 386530 0 0 0 0 0 0 10287876 121689 0 0 293 2765484 1005276 3770760 3909628 11264 3920892 117 1 0 0 0 0 100 0 0 0 0 190 0 310 0 0 0 99 0 78 757167 78 761018 1 120606 0 0 0 99 0 0 0 0 254 0 380 2 0 0 97 0 0 0 0 3985 0 2360 
1576696590 1079 9 0 0 87558819 386539 0 0 0 0 0 0 10287876 121689 0 0 163 2765040 1005720 3770760 3909628 11264 3920892 118 1 0 0 0 0 100 0 0 0 0 190 0 310 1 0 1 98 0 8 757175 8 761026 0 120606 0 0 0 100 0 0 0 0 254 0 380 0 0 0 99 1 0 0 0 3985 0 2360 
1576696591 6804 89 0 0 87565623 386628 0 0 0 0 0 0 10287876 121689 0 0 226 2765032 1005728 3770760 3909628 11264 3920892 118 1 0 0 0 0 100 0 0 0 0 190 0 310 0 0 0 99 0 87 757262 87 761113 0 120606 0 0 0 99 0 0 0 0 254 0 380 0 0 0 99 0 0 0 0 3985 0 2360 
1576696592 6414 90 0 0 87572037 386718 0 0 0 0 0 0 10287876 121689 0 0 258 2765064 1005696 3770760 3909628 11264 3920892 118 1 0 0 0 0 100 0 0 0 0 190 0 310 0 0 0 99 0 85 757347 85 761198 4 120610 0 0 0 100 0 0 0 0 254 0 380 0 0 0 100 0 0 0 0 3985 0 2360 
1576696593 70 1 0 0 87572107 386719 0 0 0 0 0 0 10287876 121689 0 0 82 2765064 1005696 3770760 3909628 11264 3920892 118 1 0 0 0 0 100 0 0 0 0 190 0 310 0 0 0 100 0 2 757349 2 761200 0 120610 0 0 0 99 0 0 0 0 254 0 380 0 0 0 100 0 0 0 0 3985 0 2360 
1576696594 5586 78 0 0 87577693 386797 0 0 0 0 0 0 10287876 121689 0 0 302 2765072 1005688 3770760 3909628 11264 3920892 118 1 0 0 0 1 100 0 0 0 0 190 0 310 0 0 0 99 0 78 757427 78 761278 1 120611 0 0 0 99 0 0 0 0 254 0 380 1 0 0 98 0 0 0 0 3985 0 2360 
1576696595 64 1 0 0 87577757 386798 0 0 0 0 0 0 10287876 121689 0 0 137 2765064 1005696 3770760 3909628 11264 3920892 118 1 0 0 0 0 100 0 0 0 0 190 0 310 0 0 0 100 0 2 757429 2 761280 0 120611 0 0 0 99 0 0 0 0 254 0 380 0 0 0 99 0 0 0 0 3985 0 2360 
1576696596 6759 83 0 0 87584516 386881 0 0 0 0 0 0 10287876 121689 0 0 290 2765072 1005688 3770760 3909628 11264 3920892 117 1 0 0 0 0 100 0 0 0 0 190 0 310 1 0 1 99 0 82 757511 82 761362 1 120612 0 0 1 100 0 0 0 0 254 0 380 0 0 0 100 0 0 0 0 3985 0 2360 
1576696597 282 3 0 0 87584798 386884 0 0 64 1 0 0 10287940 121690 0 0 120 2765072 1005688 3770760 3909628 11264 3920892 117 1 0 0 0 0 100 0 0 0 0 190 0 310 0 0 0 100 0 5 757516 5 761367 2 120614 0 0 0 100 0 0 0 0 254 0 380 2 0 0 98 0 0 0 0 3985 0 2360 
1576696598 10864 154 0 0 87595662 387038 0 0 0 0 0 0 10287940 121690 0 0 356 2765008 1005752 3770760 3909628 11264 3920892 117 1 0 0 0 1 100 0 0 0 0 190 0 310 0 0 0 98 0 152 757668 152 761519 1 120615 0 0 0 100 0 0 0 0 254 0 380 0 0 1 99 0 0 0 0 3985 0 2360 
1576696599 16232 230 0 0 87611894 387268 0 0 0 0 0 0 10287940 121690 0 0 627 2765072 1005688 3770760 3909628 11264 3920892 117 1 0 0 0 0 100 0 0 0 0 190 0 310 0 0 0 98 0 223 757891 223 761742 1 120616 0 0 0 100 0 0 0 0 254 0 380 0 0 3 98 0 0 0 0 3985 0 2360 
1576696600 11068 157 0 0 87622962 387425 0 0 0 0 0 0 10287940 121690 0 0 401 2765104 1005656 3770760 3909628 11264 3920892 118 1 0 0 0 0 100 0 0 0 0 190 0 310 0 0 0 99 0 153 758044 153 761895 0 120616 0 0 0 100 0 0 0 0 254 0 380 0 0 0 98 1 0 0 0 3985 0 2360 
1576696601 154 1 0 0 87623116 387426 0 0 0 0 0 0 10287940 121690 0 0 107 2765104 1005656 3770760 3909628 11264 3920892 118 1 0 0 0 0 100 0 0 0 0 190 0 310 0 0 0 99 0 2 758046 2 761897 1 120617 0 0 0 100 0 0 0 0 254 0 380 1 0 0 98 0 0 0 0 3985 0 2360 
1576696602 114 1 0 0 87623230 387427 0 0 114 1 0 0 10288054 121691 0 0 104 2765104 1005656 3770760 3909628 11264 3920892 118 1 0 0 0 0 100 0 0 0 0 190 0 310 0 0 0 100 0 2 758048 2 761899 1 120618 0 0 0 100 0 0 0 0 254 0 380 0 0 0 100 0 0 0 0 3985 0 2360 
1576696603 128 2 0 0 87623358 387429 0 0 64 1 0 0 10288118 121692 0 0 98 2765104 1005656 3770760 3909628 11264 3920892 118 1 0 0 0 0 100 0 0 0 0 190 0 310 0 0 0 100 0 4 758052 4 761903 0 120618 0 0 0 100 0 0 0 0 254 0 380 0 0 0 100 0 0 0 0 3985 0 2360 
1576696604 5636 80 0 0 87628994 387509 0 0 0 0 0 0 10288118 121692 0 0 308 2765072 1005688 3770760 3909628 11264 3920892 118 1 0 0 0 0 100 0 0 0 0 190 0 310 0 0 0 99 0 79 758131 79 761982 1 120619 0 0 0 100 0 0 0 0 254 0 380 0 0 0 100 0 0 0 0 3985 0 2360 
1576696605 5622 79 0 0 87634616 387588 0 0 0 0 0 0 10288118 121692 0 0 288 2766412 1004348 3770760 3909628 11264 3920892 116 1 0 0 0 0 99 0 0 0 0 190 0 310 1 0 1 99 0 79 758210 79 762061 0 120619 0 0 1 100 0 0 0 0 254 0 380 0 0 1 99 0 0 0 0 3985 0 2360 
1576696606 11216 158 0 0 87645832 387746 0 0 0 0 0 0 10288118 121692 0 0 370 2766412 1004348 3770760 3909628 11264 3920892 116 1 0 0 0 0 99 0 0 0 0 190 0 310 0 0 0 99 0 154 758364 154 762215 0 120619 0 0 0 100 0 0 0 0 254 0 380 0 0 0 99 0 0 0 0 3985 0 2360 
1576696607 11184 158 0 0 87657016 387904 0 0 180 2 0 0 10288298 121694 0 0 367 2766444 1004316 3770760 3909628 11264 3920892 116 1 0 0 0 0 100 0 0 0 0 190 0 310 0 0 0 98 0 158 758522 158 762373 1 120620 0 0 0 100 0 0 0 0 254 0 380 0 0 0 99 0 0 0 0 3985 0 2360 
1576696608 6985 85 0 0 87664001 387989 0 0 0 0 0 0 10288298 121694 0 0 299 2766288 1004472 3770760 3909628 11264 3920892 118 1 0 1 0 0 99 0 0 0 0 190 0 310 0 0 0 100 0 83 758605 83 762456 0 120620 2 0 0 98 0 0 0 0 254 0 380 0 0 1 100 0 0 0 0 3985 0 2360 
1576696609 590 5 0 0 87664591 387994 0 0 0 0 0 0 10288298 121694 0 0 176 2766272 1004488 3770760 3909628 11264 3920892 118 1 0 0 0 0 99 0 0 0 0 190 0 310 1 0 0 99 0 5 758610 5 762461 0 120620 2 0 1 98 0 0 0 0 254 0 380 0 0 0 100 0 0 0 0 3985 0 2360 
1576696610 180 2 0 0 87664771 387996 0 0 0 0 0 0 10288298 121694 0 0 111 2766272 1004488 3770760 3909628 11264 3920892 118 1 0 0 0 1 99 0 0 0 0 190 0 310 0 0 1 100 0 2 758612 2 762463 0 120620 0 0 0 100 0 0 0 0 254 0 380 0 0 0 100 0 0 0 0 3985 0 2360 
1576696611 12200 167 0 0 87676971 388163 0 0 0 0 0 0 10288298 121694 0 0 468 2766112 1004648 3770760 3909628 11264 3920892 118 1 0 0 0 0 99 0 0 0 0 190 0 310 0 0 0 99 0 164 758776 164 762627 1 120621 0 0 0 100 0 0 0 0 254 0 380 0 0 0 99 0 0 0 0 3985 0 2360 
1576696612 8902 130 0 0 87685873 388293 0 0 82 1 0 0 10288380 121695 0 0 321 2766272 1004488 3770760 3909628 11264 3920892 118 1 0 1 0 0 100 0 0 0 0 190 0 310 0 0 1 98 0 129 758905 129 762756 0 120621 0 0 0 100 0 0 0 0 254 0 380 0 0 1 99 0 0 0 0 3985 0 2360 
1576696613 11830 169 0 0 87697703 388462 0 0 0 0 0 0 10288380 121695 0 0 395 2766240 1004520 3770760 3909628 11264 3920892 118 1 0 0 0 0 100 0 0 0 0 190 0 310 0 0 0 99 0 165 759070 165 762921 2 120623 0 0 0 100 0 0 0 0 254 0 380 0 0 0 99 0 0 0 1 3986 0 2360 
1576696614 424 4 0 0 87698127 388466 0 0 90 1 0 0 10288470 121696 0 0 171 2766020 1004740 3770760 3909628 11264 3920892 118 1 0 0 0 0 100 0 0 0 0 190 0 310 0 0 0 100 0 5 759075 5 762926 0 120623 1 0 1 98 0 0 0 0 254 0 380 0 0 0 100 0 0 0 0 3986 0 2360 
1576696615 218 2 0 0 87698345 388468 0 0 0 0 0 0 10288470 121696 0 0 121 2766020 1004740 3770760 3909628 11264 3920892 118 1 0 0 0 0 100 0 0 0 0 190 0 310 0 0 0 99 0 3 759078 3 762929 0 120623 0 0 0 100 0 0 0 0 254 0 380 0 0 0 99 1 0 0 0 3986 0 2360 
1576696616 11024 156 0 0 87709369 388624 0 0 0 0 0 0 10288470 121696 0 0 411 2766012 1004748 3770760 3909628 11264 3920892 118 1 0 0 0 0 100 0 0 0 0 190 0 310 0 0 0 99 0 153 759231 153 763082 1 120624 0 0 0 100 0 0 0 0 254 0 380 0 0 0 99 0 0 0 0 3986 0 2360 
1576696617 17131 226 0 0 87726500 388850 0 0 64 1 0 0 10288534 121697 0 0 538 2765820 1004940 3770760 3909628 11264 3920892 118 1 0 0 0 0 100 0 0 0 0 190 0 310 0 0 0 98 0 221 759452 222 763304 1 120625 1 0 0 99 0 0 0 0 254 0 380 0 0 0 98 0 0 0 0 3986 0 2360 
1576696618 10538 163 0 0 87737102 389014 0 0 0 0 0 0 10288534 121697 0 0 362 2764584 1006176 3770760 3909628 11264 3920892 118 1 0 0 0 0 100 0 0 0 0 190 0 310 0 0 0 98 0 161 759614 161 763466 1 120626 0 0 0 99 0 0 0 0 254 0 380 0 0 0 99 0 0 0 0 3986 0 2360 
1576696619 5676 79 0 0 87742778 389093 0 0 0 0 0 0 10288534 121697 0 0 271 2764396 1006364 3770760 3909628 11264 3920892 118 1 0 0 0 1 100 0 0 0 0 190 0 310 0 0 0 99 0 80 759694 80 763546 1 120627 1 0 0 98 0 0 0 0 254 0 380 0 0 1 99 0 0 0 0 3986 0 2360 
1576696620 10864 154 0 0 87753642 389247 0 0 0 0 0 0 10288534 121697 0 0 386 2764372 1006388 3770760 3909628 11264 3920892 118 1 0 0 0 0 100 0 0 0 0 190 0 310 0 0 1 99 0 151 759845 151 763697 2 120629 0 0 0 99 0 0 0 0 254 0 380 0 0 0 98 0 0 0 0 3986 0 2360 
1576696621 10442 147 0 0 87764084 389394 0 0 0 0 0 0 10288534 121697 0 0 486 2764120 1006640 3770760 3909628 11264 3920892 118 1 0 0 0 0 99 0 0 0 0 190 0 310 0 0 0 98 0 141 759986 141 763838 1 120630 0 0 0 100 0 0 0 0 254 0 380 1 0 0 98 0 0 0 0 3986 0 2360 
1576696622 6034 86 0 0 87770118 389480 0 0 0 0 0 0 10288534 121697 0 0 277 2764184 1006576 3770760 3909628 11264 3920892 118 1 0 1 0 0 100 0 0 0 0 190 0 310 0 0 1 99 1 83 760070 84 763922 1 120631 0 0 0 100 0 0 0 0 254 0 380 0 0 1 99 0 0 0 0 3986 0 2360 
1576696623 5502 78 0 0 87775620 389558 0 0 0 0 0 0 10288534 121697 0 0 231 2764184 1006576 3770760 3909628 11264 3920892 118 1 0 0 0 0 100 0 0 0 0 190 0 310 0 0 0 99 0 78 760148 78 764000 2 120633 0 0 0 100 0 0 0 0 254 0 380 0 0 0 100 0 0 0 0 3986 0 2360 
1576696624 170 1 0 0 87775790 389559 0 0 0 0 0 0 10288534 121697 0 0 143 2764384 1006376 3770760 3909628 11264 3920892 118 1 0 0 0 0 100 0 0 0 0 190 0 310 0 0 0 99 0 1 760149 1 764001 0 120633 2 0 0 98 0 0 0 0 254 0 380 0 0 0 100 0 0 0 0 3986 0 2360 
1576696625 5432 77 0 0 87781222 389636 0 0 0 0 0 0 10288534 121697 0 0 240 2764436 1006324 3770760 3909628 11264 3920892 118 1 0 0 0 0 100 0 0 0 0 190 0 310 0 0 0 99 0 77 760226 77 764078 0 120633 0 0 0 100 0 0 0 0 254 0 380 0 0 0 99 1 0 0 0 3986 0 2360 
1576696626 128 2 0 0 87781350 389638 0 0 64 1 0 0 10288598 121698 0 0 169 2765444 1005316 3770760 3909628 11264 3920892 117 1 0 0 0 0 100 0 0 0 0 190 0 310 0 0 1 100 0 3 760229 3 764081 0 120633 0 0 0 100 0 0 0 0 254 0 380 0 0 0 99 0 0 0 0 3986 0 2360 
1576696627 5432 77 0 0 87786782 389715 0 0 0 0 0 0 10288598 121698 0 0 242 2765452 1005308 3770760 3909628 11264 3920892 117 1 0 0 0 0 100 0 0 0 0 190 0 310 0 0 1 99 0 77 760306 77 764158 1 120634 0 0 0 100 0 0 0 0 254 0 380 0 0 0 99 0 0 0 0 3986 0 2360 
1576696628 134 2 0 0 87786916 389717 0 0 0 0 0 0 10288598 121698 0 0 106 2765452 1005308 3770760 3909628 11264 3920892 117 1 0 0 0 0 100 0 0 0 0 190 0 310 0 0 0 100 0 2 760308 2 764160 1 120635 0 0 0 100 0 0 0 0 254 0 380 0 0 0 100 0 0 0 0 3986 0 2360 
1576696629 154 1 0 0 87787070 389718 0 0 0 0 0 0 10288598 121698 0 0 140 2764632 1006128 3770760 3909628 11264 3920892 117 1 0 0 0 0 100 0 0 0 0 190 0 310 0 0 0 100 0 2 760310 2 764162 0 120635 1 0 0 98 0 0 0 0 254 0 380 0 0 1 100 0 0 0 0 3986 0 2360 
1576696630 5508 78 0 0 87792578 389796 0 0 0 0 0 0 10288598 121698 0 0 248 2764632 1006128 3770760 3909628 11264 3920892 117 1 0 0 0 0 100 0 0 0 0 190 0 310 0 0 0 99 0 77 760387 77 764239 1 120636 0 0 0 100 0 0 0 0 254 0 380 0 0 0 100 0 0 0 0 3986 0 2360 
1576696631 16323 231 0 0 87808901 390027 0 0 0 0 0 0 10288598 121698 0 0 532 2764632 1006128 3770760 3909628 11264 3920892 117 1 0 0 0 1 100 0 0 0 0 190 0 310 0 0 1 98 0 224 760611 224 764463 2 120638 0 0 0 100 0 0 0 0 254 0 380 0 0 0 99 0 0 0 0 3986 0 2360 
1576696632 128 2 0 0 87809029 390029 0 0 64 1 0 0 10288662 121699 0 0 122 2764632 1006128 3770760 3909628 11264 3920892 117 1 0 0 0 0 100 0 0 0 0 190 0 310 0 0 0 100 0 3 760614 3 764466 0 120638 0 0 0 100 0 0 0 0 254 0 380 0 0 0 100 0 0 0 0 3986 0 2360 
1576696633 90 1 0 0 87809119 390030 0 0 0 0 0 0 10288662 121699 0 0 665 2764568 1006192 3770760 3909628 11264 3920892 117 1 0 0 0 0 100 0 0 0 0 190 0 310 0 0 0 100 0 2 760616 2 764468 1 120639 0 0 0 100 0 0 0 0 254 0 380 0 0 1 97 0 0 0 0 3986 0 2360 
1576696634 0 0 0 0 87809119 390030 0 0 0 0 0 0 10288662 121699 0 0 446 2764824 1005936 3770760 3909628 11264 3920892 117 1 0 0 0 0 100 0 0 0 0 190 0 310 0 0 0 99 0 0 760616 0 764468 0 120639 2 0 0 98 0 0 0 0 254 0 380 0 0 1 99 0 0 0 0 3986 0 2360 
1576696635 90 1 0 0 87809209 390031 0 0 0 0 0 0 10288662 121699 0 0 98 2764884 1005876 3770760 3909628 11264 3920892 117 1 0 0 0 0 100 0 0 0 0 190 0 310 0 0 0 100 0 2 760618 2 764470 0 120639 0 0 0 100 0 0 0 0 254 0 380 0 0 0 99 1 0 0 0 3986 0 2360 
1576696636 0 0 0 0 87809209 390031 0 0 0 0 0 0 10288662 121699 0 0 407 2764916 1005844 3770760 3909628 11264 3920892 117 1 0 0 0 0 99 0 0 0 0 190 0 310 0 0 0 100 0 0 760618 0 764470 0 120639 0 0 0 100 0 0 0 0 254 0 380 0 0 0 99 0 0 0 0 3986 0 2360 
1576696637 90 1 0 0 87809299 390032 0 0 0 0 0 0 10288662 121699 0 0 150 2766444 1004316 3770760 3909628 11264 3920892 115 1 0 1 0 0 99 0 0 0 0 190 0 310 0 0 0 100 0 2 760620 2 764472 0 120639 0 0 0 100 0 0 0 0 254 0 380 0 0 0 100 0 0 0 0 3986 0 2360 
1576696638 0 0 0 0 87809299 390032 0 0 0 0 0 0 10288662 121699 0 0 101 2766444 1004316 3770760 3909628 11264 3920892 115 1 0 0 0 0 100 0 0 0 0 190 0 310 0 0 0 100 0 0 760620 0 764472 1 120640 0 0 1 100 0 0 0 0 254 0 380 0 0 0 100 0 0 0 0 3986 0 2360 
1576696639 90 1 0 0 87809389 390033 0 0 0 0 0 0 10288662 121699 0 0 427 2766128 1004632 3770760 3909628 11264 3920892 115 1 0 0 0 0 100 0 0 0 0 190 0 310 0 0 1 100 0 2 760622 2 764474 0 120640 0 0 0 100 0 0 0 0 254 0 380 0 0 1 99 0 0 0 0 3986 0 2360 
1576696640 0 0 0 0 87809389 390033 0 0 0 0 0 0 10288662 121699 0 0 399 2766192 1004568 3770760 3909628 11264 3920892 115 1 0 0 0 0 100 0 0 0 0 190 0 310 1 0 0 99 0 0 760622 0 764474 0 120640 0 0 1 100 0 0 0 0 254 0 380 0 0 0 98 0 0 0 0 3986 0 2360 
1576696641 90 1 0 0 87809479 390034 0 0 0 0 0 0 10288662 121699 0 0 692 2765072 1005688 3770760 3909628 11264 3920892 117 1 0 0 0 0 100 0 0 0 0 190 0 310 1 0 0 99 0 2 760624 2 764476 0 120640 0 0 0 100 0 0 0 0 254 0 380 0 0 4 96 0 0 0 0 3986 0 2360 
1576696642 90 1 0 0 87809569 390035 0 0 0 0 0 0 10288662 121699 0 0 172 2765136 1005624 3770760 3909628 11264 3920892 117 1 0 1 0 1 100 0 0 0 0 190 0 310 0 0 1 100 0 1 760625 1 764477 0 120640 3 0 1 98 0 0 0 0 254 0 380 0 0 1 100 0 0 0 0 3986 0 2360 
1576696643 90 1 0 0 87809659 390036 0 0 0 0 0 0 10288662 121699 0 0 129 2765136 1005624 3770760 3909628 11264 3920892 117 1 0 0 0 0 100 0 0 0 0 190 0 310 0 0 0 100 0 2 760627 2 764479 1 120641 0 0 0 100 0 0 0 0 254 0 380 0 0 0 100 0 0 0 0 3986 0 2360 
1576696644 154 2 0 0 87809813 390038 0 0 0 0 0 0 10288662 121699 0 0 644 2765168 1005592 3770760 3909628 11264 3920892 117 1 0 0 0 0 100 0 0 0 0 190 0 310 0 0 0 100 0 2 760629 2 764481 0 120641 0 0 0 100 0 0 0 0 254 0 380 0 0 0 98 0 0 0 0 3986 0 2360 
1576696645 180 2 0 0 87809993 390040 0 0 90 1 0 0 10288752 121700 0 0 154 2765136 1005624 3770760 3909628 11264 3920892 117 1 0 0 0 0 100 0 0 0 0 190 0 310 0 0 0 100 0 4 760633 4 764485 0 120641 0 0 0 100 0 0 0 0 254 0 380 0 0 0 100 0 0 0 0 3986 0 2360 
1576696646 0 0 0 0 87809993 390040 0 0 0 0 0 0 10288752 121700 0 0 134 2765136 1005624 3770760 3909628 11264 3920892 116 2 0 0 0 0 98 0 0 0 0 190 0 310 0 0 1 97 0 0 760633 0 764485 0 120641 0 0 0 98 0 0 0 0 254 0 380 0 0 0 98 0 0 0 0 3986 0 2360 
