1576696545 1576696545735 530.142
1576696546 1576696546807 423.3097
1576696547 1576696547608 417.7296
1576696547 1576696547867 289.8541
1576696548 1576696548498 328.8596
1576696548 1576696548793 283.4992
1576696549 1576696549027 336.6533
1576696549 1576696549664 415.6896
1576696550 1576696550960 475.9363
1576696551 1576696551043 410.5295
1576696551 1576696551250 435.6677
1576696553 1576696553748 351.3044
1576696554 1576696554673 389.0009
1576696556 1576696556105 333.1102
1576696557 1576696557336 405.1613
1576696558 1576696558360 346.751
1576696559 1576696559385 316.363
1576696559 1576696559606 357.8788
1576696560 1576696560321 485.177
1576696560 1576696560364 413.4968
1576696560 1576696560651 575.7414
1576696560 1576696560720 458.2729
1576696561 1576696561226 322.6147
1576696563 1576696563604 502.3149
1576696563 1576696563645 433.8264
1576696563 1576696563867 416.0089
1576696564 1576696564502 356.7727
1576696565 1576696565530 351.1108
1576696566 1576696566141 487.713
1576696567 1576696567298 288.7079
1576696567 1576696567505 391.8982
1576696568 1576696568703 323.3221
1576696568 1576696568925 344.3903
1576696570 1576696570441 330.6276
1576696572 1576696572079 376.071
1576696572 1576696572798 402.3521
1576696574 1576696574494 275.2595
1576696575 1576696575281 273.4457
1576696575 1576696575530 448.8809
1576696575 1576696575616 512.1401
1576696581 1576696581471 450.3096
1576696582 1576696582471 276.5247
1576696583 1576696583530 276.1935
1576696584 1576696584714 272.517
1576696587 1576696587314 270.1819
1576696588 1576696588041 270.6507
1576696589 1576696589523 274.211
1576696590 1576696590849 270.7311
1576696592 1576696592956 273.3704
1576696594 1576696594868 273.7331
1576696596 1576696596941 272.8161
1576696597 1576696597110 303.7762
1576696597 1576696597929 397.4463
1576696598 1576696598110 525.5244
1576696598 1576696598130 529.6603
1576696598 1576696598615 270.3225
1576696599 1576696599245 271.0278
1576696602 1576696602986 273.5406
1576696603 1576696603602 270.9767
1576696604 1576696604722 273.602
1576696605 1576696605323 271.8636
1576696605 1576696605751 284.233
1576696605 1576696605904 328.9809
1576696606 1576696606699 269.7047
1576696610 1576696610014 274.9894
1576696610 1576696610344 274.036
1576696610 1576696610524 303.7881
1576696611 1576696611402 270.2352
1576696611 1576696611722 270.9845
1576696612 1576696612284 273.0004
1576696614 1576696614861 272.4574
1576696615 1576696615301 271.5402
1576696616 1576696616105 290.7554
1576696616 1576696616273 340.71
1576696616 1576696616473 379.381
1576696616 1576696616739 505.4171
1576696616 1576696616760 506.199
1576696618 1576696618103 272.179
1576696618 1576696618801 293.9336
1576696618 1576696618957 323.2376
1576696620 1576696620315 350.3981
1576696620 1576696620404 373.5304
1576696621 1576696621024 274.1859
1576696622 1576696622303 270.0644
1576696623 1576696623953 273.5094
1576696626 1576696626070 271.0479
1576696629 1576696629190 271.4595
1576696629 1576696629880 268.9391
1576696630 1576696630324 390.3947
1576696630 1576696630367 418.6587
1576696631 1576696631720 286.1689
1576696632 1576696632081 285.9958
1576696632 1576696632912 349.3677
1576696635 1576696635059 375.9741
1576696638 1576696638338 390.7763
1576696639 1576696639051 507.0092
1576696640 1576696640251 433.0689
1576696640 1576696640344 363.9731
1576696642 1576696642643 594.4806
1576696643 1576696643455 452.7532
