1576696088 1576696088720 599.3359
1576696090 1576696090191 316.3221
1576696091 1576696091552 328.0644
1576696091 1576696091559 294.0417
1576696092 1576696092751 267.6015
1576696094 1576696094286 217.0252
1576696094 1576696094356 214.0212
1576696094 1576696094801 280.8667
1576696094 1576696094946 208.5076
1576696095 1576696095514 281.2481
1576696096 1576696096449 294.073
1576696098 1576696098585 240.7495
1576696098 1576696098896 189.0082
1576696098 1576696098987 218.18
1576696099 1576696099916 227.9094
1576696100 1576696100776 302.6106
1576696100 1576696100794 314.5632
1576696101 1576696101506 197.9479
1576696101 1576696101962 186.7305
1576696102 1576696102179 185.2178
1576696102 1576696102935 349.2865
1576696102 1576696102944 299.1685
1576696104 1576696104116 266.3226
1576696105 1576696105036 265.704
1576696107 1576696107188 218.8662
1576696109 1576696109236 281.1187
1576696110 1576696110055 227.4323
1576696110 1576696110461 266.508
1576696112 1576696112307 277.3814
1576696112 1576696112471 197.5873
1576696112 1576696112639 192.154
1576696113 1576696113331 256.9843
1576696114 1576696114867 252.0056
1576696115 1576696115063 187.3233
1576696115 1576696115584 232.6276
1576696116 1576696116403 240.8144
1576696117 1576696117635 256.5189
1576696117 1576696117745 225.1515
1576696118 1576696118464 308.8924
1576696118 1576696118518 234.9236
1576696119 1576696119169 287.1357
1576696120 1576696120499 267.007
1576696121 1576696121042 277.5592
1576696121 1576696121070 291.7418
1576696121 1576696121275 185.6458
1576696123 1576696123267 276.774
1576696123 1576696123981 282.229
1576696124 1576696124838 280.5625
1576696124 1576696124857 257.115
1576696124 1576696124930 271.149
1576696126 1576696126336 227.9516
1576696127 1576696127263 298.4143
1576696127 1576696127979 259.8119
1576696128 1576696128195 186.4537
1576696128 1576696128344 198.2797
1576696129 1576696129203 290.9322
1576696130 1576696130023 249.9642
1576696131 1576696131354 310.0956
1576696132 1576696132274 244.7672
1576696132 1576696132888 256.4839
1576696133 1576696133407 256.7272
1576696134 1576696134118 301.1696
1576696134 1576696134356 185.4333
1576696135 1576696135550 286.2482
1576696135 1576696135737 181.7766
1576696135 1576696135930 187.9229
1576696136 1576696136166 193.6662
1576696138 1576696138420 311.1509
1576696138 1576696138527 225.1471
1576696138 1576696138756 183.9292
1576696138 1576696138864 205.0498
1576696139 1576696139006 197.6717
1576696139 1576696139572 187.2166
1576696139 1576696139719 198.2026
1576696139 1576696139809 219.6859
1576696140 1576696140776 240.2359
1576696143 1576696143026 247.0037
1576696143 1576696143309 184.6391
1576696144 1576696144254 248.5746
1576696146 1576696146512 294.6964
1576696148 1576696148250 232.3502
1576696149 1576696149581 453.2121
1576696151 1576696151519 234.185
1576696152 1576696152139 223.9432
1576696152 1576696152264 200.65
1576696153 1576696153470 282.9925
1576696154 1576696154598 272.4789
1576696156 1576696156045 297.2179
1576696156 1576696156098 223.1464
1576696156 1576696156247 194.7503
1576696156 1576696156615 207.3107
1576696156 1576696156722 243.1623
1576696156 1576696156983 186.754
1576696157 1576696157464 262.4285
1576696157 1576696157538 213.518
1576696158 1576696158213 259.073
1576696158 1576696158241 231.0768
1576696160 1576696160436 246.4409
1576696161 1576696161050 408.6128
1576696161 1576696161524 218.3989
