1576697244 1576697244264 773.684
1576697247 1576697247066 523.2444
1576697248 1576697248315 450.0508
1576697248 1576697248831 460.2208
1576697249 1576697249297 451.7273
1576697249 1576697249685 483.5538
1576697252 1576697252595 495.6416
1576697253 1576697253171 457.3737
1576697253 1576697253525 500.9068
1576697254 1576697254696 646.4467
1576697254 1576697254821 685.9696
1576697255 1576697255767 487.1386
1576697257 1576697257717 839.5835
1576697257 1576697257723 776.1805
1576697258 1576697258531 489.5644
1576697260 1576697260047 825.1365
1576697260 1576697260087 745.712
1576697261 1576697261193 662.3888
1576697261 1576697261372 639.4464
1576697261 1576697261777 472.516
1576697263 1576697263404 447.9097
1576697265 1576697265510 772.1982
1576697265 1576697265519 885.3453
1576697265 1576697265835 707.9876
1576697266 1576697266188 505.2896
1576697270 1576697270820 561.6042
1576697275 1576697275121 556.7409
1576697278 1576697278374 732.6709
1576697278 1576697278412 746.3054
1576697278 1576697278901 461.1123
1576697279 1576697279328 446.6983
1576697281 1576697281114 725.1026
1576697281 1576697281293 671.1965
1576697281 1576697281689 475.1901
1576697282 1576697282115 545.8033
1576697282 1576697282439 612.7579
1576697282 1576697282834 688.096
1576697283 1576697283039 641.7386
1576697285 1576697285176 1207.0286
1576697285 1576697285189 1286.812
1576697285 1576697285195 1317.3862
1576697286 1576697286386 527.7294
1576697286 1576697286812 452.9091
1576697287 1576697287616 556.8007
1576697289 1576697289904 576.275
1576697290 1576697290200 559.9122
1576697291 1576697291402 505.7191
1576697292 1576697292859 450.0455
1576697293 1576697293227 492.4986
1576697294 1576697294025 572.5964
1576697294 1576697294445 456.56
1576697296 1576697296011 517.1524
1576697296 1576697296383 487.8056
1576697297 1576697297753 491.5915
1576697298 1576697298502 665.5272
1576697298 1576697298609 713.6283
1576697299 1576697299559 670.9144
1576697299 1576697299715 670.735
1576697303 1576697303282 515.7653
1576697303 1576697303738 447.2745
1576697305 1576697305740 655.1095
1576697306 1576697306632 584.5192
1576697307 1576697307058 762.6928
1576697307 1576697307210 767.8399
1576697308 1576697308073 526.6112
1576697311 1576697311143 835.3506
1576697311 1576697311184 752.6776
1576697313 1576697313316 573.7569
1576697316 1576697316086 541.0504
1576697318 1576697318438 534.0326
1576697320 1576697320383 570.0436
1576697322 1576697322125 521.6279
1576697324 1576697324687 508.4758
1576697325 1576697325911 545.1181
1576697326 1576697326527 463.3237
1576697327 1576697327446 512.6417
1576697330 1576697330725 502.9537
1576697331 1576697331229 444.8878
1576697331 1576697331562 519.5165
1576697332 1576697332848 613.2005
1576697333 1576697333099 582.7348
1576697333 1576697333899 514.3789
1576697334 1576697334736 570.8739
1576697335 1576697335744 513.8236
1576697336 1576697336867 528.2899
1576697337 1576697337789 489.5593
1576697338 1576697338716 569.1591
1576697339 1576697339353 505.2926
1576697339 1576697339670 528.1217
1576697341 1576697341074 505.4264
1576697342 1576697342709 544.9694
1576697345 1576697345165 479.2805
1576697348 1576697348033 534.5201
1576697348 1576697348675 448.2131
1576697349 1576697349895 786.8486
1576697349 1576697349992 701.9746
1576697351 1576697351099 860.1598
1576697351 1576697351110 846.6488
1576697353 1576697353084 798.7976
1576697353 1576697353124 750.4666
