# gnuplot dump (#col:description)
# networking interface: enp0s25
# sampling interval (t): 1000 ms
# 1:unixtime 2:rx-bytes-per-t 3:rx-pkts-per-t 4:rx-drops-per-t 5:rx-errors-per-t 6:rx-bytes 7:rx-pkts 8:rx-drops 9:rx-errors 10:tx-bytes-per-t 11:tx-pkts-per-t 12:tx-drops-per-t 13:tx-errors-per-t 14:tx-bytes 15:tx-pkts 16:tx-drops 17:tx-errors 18:context-switches-per-t 19:mem-free 20:mem-used 21:mem-total 22:swap-free 23:swap-used 24:swap-total 25:procs-total 26:procs-in-run 27:procs-in-iow 28:cpu0-usr-per-t 29:cpu0-nice-per-t 30:cpu0-sys-per-t 31:cpu0-idle-per-t 32:cpu0-iow-per-t 33:cpu0-net-irqs-per-t 34:cpu0-net-irqs 35:cpu0-net-rx-soft-irqs-per-t 36:cpu0-net-rx-soft-irqs 37:cpu0-net-tx-soft-irqs-per-t 38:cpu0-net-tx-soft-irqs 39:cpu1-usr-per-t 40:cpu1-nice-per-t 41:cpu1-sys-per-t 42:cpu1-idle-per-t 43:cpu1-iow-per-t 44:cpu1-net-irqs-per-t 45:cpu1-net-irqs 46:cpu1-net-rx-soft-irqs-per-t 47:cpu1-net-rx-soft-irqs 48:cpu1-net-tx-soft-irqs-per-t 49:cpu1-net-tx-soft-irqs 50:cpu2-usr-per-t 51:cpu2-nice-per-t 52:cpu2-sys-per-t 53:cpu2-idle-per-t 54:cpu2-iow-per-t 55:cpu2-net-irqs-per-t 56:cpu2-net-irqs 57:cpu2-net-rx-soft-irqs-per-t 58:cpu2-net-rx-soft-irqs 59:cpu2-net-tx-soft-irqs-per-t 60:cpu2-net-tx-soft-irqs 61:cpu3-usr-per-t 62:cpu3-nice-per-t 63:cpu3-sys-per-t 64:cpu3-idle-per-t 65:cpu3-iow-per-t 66:cpu3-net-irqs-per-t 67:cpu3-net-irqs 68:cpu3-net-rx-soft-irqs-per-t 69:cpu3-net-rx-soft-irqs 70:cpu3-net-tx-soft-irqs-per-t 71:cpu3-net-tx-soft-irqs 
# data:
1576696809 0 0 0 0 87824236 390175 0 0 0 0 0 0 10291939 121737 0 0 394 2760616 1010144 3770760 3909628 11264 3920892 120 1 0 0 0 1 99 0 0 0 0 190 0 311 0 0 0 99 2 1 760884 1 764736 0 120676 0 0 0 100 0 0 0 0 254 0 380 0 0 0 100 0 0 0 0 3987 0 2362 
1576696810 90 1 0 0 87824326 390176 0 0 0 0 0 0 10291939 121737 0 0 111 2760616 1010144 3770760 3909628 11264 3920892 120 1 0 0 0 0 100 0 0 0 0 190 0 311 0 0 0 100 0 1 760885 1 764737 1 120677 0 0 0 99 0 0 0 0 254 0 380 0 0 0 100 0 0 0 0 3987 0 2362 
1576696811 180 2 0 0 87824506 390178 0 0 0 0 0 0 10291939 121737 0 0 82 2760616 1010144 3770760 3909628 11264 3920892 120 1 0 0 0 0 100 0 0 0 0 190 0 311 0 0 0 100 0 3 760888 3 764740 0 120677 0 0 0 100 0 0 0 0 254 0 380 0 0 0 100 0 0 0 0 3987 0 2362 
1576696812 874 7 0 0 87825380 390185 0 0 686 6 0 0 10292625 121743 0 0 744 2759856 1010904 3770760 3909628 11264 3920892 120 1 0 0 0 0 100 0 0 0 0 190 0 311 1 0 0 98 0 11 760899 11 764751 0 120677 2 0 1 99 0 0 0 0 254 0 380 0 0 1 98 0 0 0 0 3987 0 2362 
1576696813 0 0 0 0 87825380 390185 0 0 0 0 0 0 10292625 121743 0 0 1294 2759920 1010840 3770760 3909628 11264 3920892 120 1 0 0 0 0 99 0 0 0 0 190 0 311 0 0 0 100 0 1 760900 1 764752 0 120677 0 0 0 99 0 0 0 0 254 0 380 0 0 1 94 0 0 0 0 3987 0 2362 
1576696814 64 1 0 0 87825444 390186 0 0 0 0 0 0 10292625 121743 0 0 623 2760016 1010744 3770760 3909628 11264 3920892 120 1 0 0 0 0 100 0 0 0 0 190 0 311 0 0 0 100 0 1 760901 1 764753 0 120677 0 0 0 100 0 0 0 0 254 0 380 0 0 0 98 0 0 0 0 3987 0 2362 
1576696815 64 1 0 0 87825508 390187 0 0 64 1 0 0 10292689 121744 0 0 87 2760016 1010744 3770760 3909628 11264 3920892 120 1 0 0 0 0 100 0 0 0 0 190 0 311 0 0 0 100 0 3 760904 3 764756 1 120678 0 0 0 100 0 0 0 0 254 0 380 0 0 0 100 0 0 0 0 3987 0 2362 
1576696816 64 1 0 0 87825572 390188 0 0 0 0 0 0 10292689 121744 0 0 98 2760016 1010744 3770760 3909628 11264 3920892 120 1 0 0 0 0 100 0 0 0 0 190 0 311 0 0 1 100 0 1 760905 1 764757 0 120678 0 0 0 100 0 0 0 0 254 0 380 0 0 0 100 0 0 0 0 3987 0 2362 
1576696817 0 0 0 0 87825572 390188 0 0 0 0 0 0 10292689 121744 0 0 837 2760016 1010744 3770760 3909628 11264 3920892 120 1 0 0 0 0 100 0 0 0 0 190 0 311 0 0 0 100 0 1 760906 1 764758 0 120678 0 0 0 99 0 0 0 0 254 0 380 0 0 0 97 0 0 0 0 3987 0 2362 
1576696818 0 0 0 0 87825572 390188 0 0 0 0 0 0 10292689 121744 0 0 116 2760016 1010744 3770760 3909628 11264 3920892 120 1 0 0 0 0 100 0 0 0 0 190 0 311 0 0 1 100 0 0 760906 0 764758 0 120678 0 0 1 100 0 0 0 0 254 0 380 0 0 0 100 0 0 0 0 3987 0 2362 
1576696819 0 0 0 0 87825572 390188 0 0 0 0 0 0 10292689 121744 0 0 102 2760016 1010744 3770760 3909628 11264 3920892 120 1 0 0 0 0 100 0 0 0 0 190 0 311 0 0 0 100 0 1 760907 1 764759 0 120678 0 0 0 100 1 0 0 0 254 0 380 0 0 1 100 0 0 0 0 3987 0 2362 
1576696820 309 2 0 0 87825881 390190 0 0 0 0 0 0 10292689 121744 0 0 200 2759888 1010872 3770760 3909628 11264 3920892 120 1 0 0 0 0 100 0 0 0 0 190 0 311 0 0 0 100 0 2 760909 2 764761 1 120679 0 0 0 99 0 0 0 0 254 0 380 0 0 0 100 0 0 0 0 3987 0 2362 
1576696821 3381 50 0 0 87829262 390240 0 0 64 1 0 0 10292753 121745 0 0 1019 2760016 1010744 3770760 3909628 11264 3920892 120 1 0 0 0 0 100 0 0 0 0 190 0 311 0 0 0 99 0 52 760961 52 764813 0 120679 1 0 0 100 0 0 0 0 254 0 380 0 0 1 95 0 0 0 0 3987 0 2362 
1576696822 309 2 0 0 87829571 390242 0 0 0 0 0 0 10292753 121745 0 0 692 2759856 1010904 3770760 3909628 11264 3920892 120 1 0 0 0 0 100 0 0 0 0 190 0 311 0 0 0 99 0 2 760963 2 764815 0 120679 0 0 1 100 0 0 0 0 254 0 380 0 0 2 98 0 0 0 0 3987 0 2362 
1576696823 309 2 0 0 87829880 390244 0 0 0 0 0 0 10292753 121745 0 0 577 2759888 1010872 3770760 3909628 11264 3920892 120 1 0 0 0 0 100 0 0 0 0 190 0 311 0 0 0 100 0 3 760966 3 764818 0 120679 0 0 0 100 0 0 0 0 254 0 380 0 0 1 97 0 0 0 0 3987 0 2362 
1576696824 90 1 0 0 87829970 390245 0 0 0 0 0 0 10292753 121745 0 0 196 2760016 1010744 3770760 3909628 11264 3920892 120 1 0 0 0 0 100 0 0 0 0 190 0 311 0 0 0 100 0 1 760967 1 764819 0 120679 0 0 1 99 0 0 0 0 254 0 380 0 0 0 99 0 0 0 0 3987 0 2362 
1576696825 0 0 0 0 87829970 390245 0 0 0 0 0 0 10292753 121745 0 0 475 2760016 1010744 3770760 3909628 11264 3920892 119 1 0 0 0 0 100 0 0 0 0 190 0 311 1 0 0 100 0 1 760968 1 764820 1 120680 0 0 0 100 0 0 0 0 254 0 380 0 0 0 98 0 0 0 0 3987 0 2362 
1576696826 90 1 0 0 87830060 390246 0 0 0 0 0 0 10292753 121745 0 0 491 2760016 1010744 3770760 3909628 11264 3920892 118 1 0 0 0 0 100 0 0 0 0 190 0 311 0 0 0 100 0 1 760969 1 764821 0 120680 0 0 0 99 0 0 0 0 254 0 380 0 0 1 98 0 0 0 0 3987 0 2362 
1576696827 64 1 0 0 87830124 390247 0 0 0 0 0 0 10292753 121745 0 0 100 2760016 1010744 3770760 3909628 11264 3920892 118 1 0 0 0 0 100 0 0 0 0 190 0 311 0 0 0 100 0 2 760971 2 764823 0 120680 0 0 0 100 0 0 0 0 254 0 380 0 0 0 100 0 0 0 0 3987 0 2362 
1576696828 90 1 0 0 87830214 390248 0 0 0 0 0 0 10292753 121745 0 0 859 2759884 1010876 3770760 3909628 11264 3920892 118 1 0 0 0 0 100 0 0 0 0 190 0 311 0 0 0 100 0 1 760972 1 764824 0 120680 0 0 0 100 0 0 0 0 254 0 380 0 0 2 96 0 0 0 0 3987 0 2362 
1576696829 0 0 0 0 87830214 390248 0 0 0 0 0 0 10292753 121745 0 0 1168 2759668 1011092 3770760 3909628 11264 3920892 118 1 0 0 0 0 100 0 0 0 0 190 0 311 0 0 0 100 0 1 760973 1 764825 0 120680 0 0 1 99 1 0 0 0 254 0 380 0 0 5 94 0 0 0 0 3987 0 2362 
1576696830 90 1 0 0 87830304 390249 0 0 0 0 0 0 10292753 121745 0 0 171 2759764 1010996 3770760 3909628 11264 3920892 118 1 0 0 0 0 100 0 0 0 0 190 0 311 0 0 0 100 0 1 760974 1 764826 1 120681 0 0 0 100 0 0 0 0 254 0 380 0 0 0 100 0 0 0 0 3987 0 2362 
1576696831 0 0 0 0 87830304 390249 0 0 0 0 0 0 10292753 121745 0 0 271 2759508 1011252 3770760 3909628 11264 3920892 118 1 0 0 0 1 100 0 0 0 0 190 0 311 0 0 0 100 0 1 760975 1 764827 0 120681 0 0 1 100 0 0 0 0 254 0 380 0 0 1 100 0 0 0 0 3987 0 2362 
1576696832 0 0 0 0 87830304 390249 0 0 0 0 0 0 10292753 121745 0 0 313 2759764 1010996 3770760 3909628 11264 3920892 118 1 0 0 0 0 100 0 0 0 0 190 0 311 0 0 0 100 0 0 760975 0 764827 0 120681 0 0 1 99 0 0 0 0 254 0 380 0 0 0 99 0 0 0 0 3987 0 2362 
1576696833 0 0 0 0 87830304 390249 0 0 0 0 0 0 10292753 121745 0 0 830 2759504 1011256 3770760 3909628 11264 3920892 118 1 0 0 0 0 100 0 0 0 0 190 0 311 0 0 0 100 0 1 760976 1 764828 0 120681 0 0 0 100 0 0 0 0 254 0 380 0 0 3 96 0 0 0 0 3987 0 2362 
1576696834 0 0 0 0 87830304 390249 0 0 0 0 0 0 10292753 121745 0 0 465 2759512 1011248 3770760 3909628 11264 3920892 118 1 0 0 0 0 100 0 0 0 0 190 0 311 0 0 0 100 0 0 760976 0 764828 0 120681 0 0 0 98 1 0 0 0 254 0 380 0 0 0 99 0 0 0 0 3987 0 2362 
1576696835 0 0 0 0 87830304 390249 0 0 0 0 0 0 10292753 121745 0 0 86 2759512 1011248 3770760 3909628 11264 3920892 118 1 0 0 0 0 100 0 0 0 0 190 0 311 0 0 0 100 0 1 760977 1 764829 1 120682 0 0 1 100 0 0 0 0 254 0 380 0 0 0 100 0 0 0 0 3987 0 2362 
1576696836 0 0 0 0 87830304 390249 0 0 0 0 0 0 10292753 121745 0 0 715 2759132 1011628 3770760 3909628 11264 3920892 118 1 0 0 0 0 100 0 0 0 0 190 0 311 0 0 0 100 0 0 760977 0 764829 0 120682 0 0 0 100 0 0 0 0 254 0 380 0 0 1 97 0 0 0 0 3987 0 2362 
1576696837 0 0 0 0 87830304 390249 0 0 0 0 0 0 10292753 121745 0 0 184 2759260 1011500 3770760 3909628 11264 3920892 118 1 0 0 0 1 100 0 0 0 0 190 0 311 0 0 0 100 0 1 760978 1 764830 0 120682 0 0 0 100 0 0 0 0 254 0 380 0 0 0 99 0 0 0 0 3987 0 2362 
1576696838 0 0 0 0 87830304 390249 0 0 0 0 0 0 10292753 121745 0 0 232 2759392 1011368 3770760 3909628 11264 3920892 118 1 0 0 0 0 100 0 0 0 0 190 0 311 0 0 0 99 0 0 760978 0 764830 0 120682 0 0 0 100 0 0 0 0 254 0 380 0 0 0 99 0 0 0 0 3987 0 2362 
1576696839 64 1 0 0 87830368 390250 0 0 0 0 0 0 10292753 121745 0 0 1050 2759448 1011312 3770760 3909628 11264 3920892 118 1 0 0 0 0 100 0 0 0 0 190 0 311 0 0 0 100 0 2 760980 2 764832 0 120682 0 0 0 98 1 0 0 0 254 0 380 0 0 2 96 0 0 0 0 3987 0 2362 
1576696840 90 1 0 0 87830458 390251 0 0 90 1 0 0 10292843 121746 0 0 223 2759384 1011376 3770760 3909628 11264 3920892 118 1 0 0 0 0 100 0 0 0 0 190 0 311 0 0 0 100 0 2 760982 2 764834 2 120684 0 0 0 100 0 0 0 0 254 0 380 0 0 0 99 0 0 0 0 3987 0 2362 
1576696841 128 2 0 0 87830586 390253 0 0 64 1 0 0 10292907 121747 0 0 417 2759512 1011248 3770760 3909628 11264 3920892 118 1 0 0 0 0 100 0 0 0 0 190 0 311 0 0 0 100 0 4 760986 4 764838 0 120684 0 0 0 100 0 0 0 0 254 0 380 0 0 0 98 0 0 0 0 3987 0 2362 
1576696842 0 0 0 0 87830586 390253 0 0 0 0 0 0 10292907 121747 0 0 479 2759512 1011248 3770760 3909628 11264 3920892 118 1 0 0 0 0 100 0 0 0 0 190 0 311 0 0 0 100 0 0 760986 0 764838 0 120684 0 0 0 100 0 0 0 0 254 0 380 0 0 1 98 0 0 0 0 3987 0 2362 
1576696843 90 1 0 0 87830676 390254 0 0 0 0 0 0 10292907 121747 0 0 138 2759504 1011256 3770760 3909628 11264 3920892 118 1 0 0 0 0 100 0 0 0 0 190 0 311 0 0 0 99 0 2 760988 2 764840 0 120684 0 0 0 99 0 0 0 0 254 0 380 0 0 0 100 0 0 0 0 3987 0 2362 
1576696844 90 1 0 0 87830766 390255 0 0 0 0 0 0 10292907 121747 0 0 105 2759712 1011048 3770760 3909628 11264 3920892 118 1 0 0 0 0 100 0 0 0 0 190 0 311 0 0 0 99 1 1 760989 1 764841 0 120684 1 0 1 100 0 0 0 0 254 0 380 0 0 0 100 0 0 0 0 3987 0 2362 
1576696845 114 1 0 0 87830880 390256 0 0 0 0 0 0 10292907 121747 0 0 88 2759764 1010996 3770760 3909628 11264 3920892 118 1 0 1 0 0 100 0 0 0 0 190 0 311 0 0 0 100 0 2 760991 2 764843 1 120685 0 0 0 100 0 0 0 0 254 0 380 0 0 0 100 0 0 0 0 3987 0 2362 
1576696846 0 0 0 0 87830880 390256 0 0 0 0 0 0 10292907 121747 0 0 898 2759636 1011124 3770760 3909628 11264 3920892 118 1 0 0 0 0 100 0 0 0 0 190 0 311 0 0 0 99 0 0 760991 0 764843 0 120685 0 0 0 100 0 0 0 0 254 0 380 0 0 1 96 0 0 0 0 3987 0 2362 
1576696847 2010 31 0 0 87832890 390287 0 0 154 2 0 0 10293061 121749 0 0 703 2759764 1010996 3770760 3909628 11264 3920892 118 1 0 0 0 0 100 0 0 0 0 190 0 311 0 0 0 99 0 34 761025 34 764877 1 120686 0 0 1 99 0 0 0 0 254 0 380 0 0 1 97 0 0 0 0 3987 0 2362 
1576696848 90 1 0 0 87832980 390288 0 0 0 0 0 0 10293061 121749 0 0 144 2759504 1011256 3770760 3909628 11264 3920892 118 1 0 0 0 0 100 0 0 0 0 190 0 311 0 0 1 100 0 1 761026 1 764878 0 120686 0 0 0 100 0 0 0 0 254 0 380 0 0 0 100 0 0 0 0 3987 0 2362 
1576696849 0 0 0 0 87832980 390288 0 0 0 0 0 0 10293061 121749 0 0 465 2759512 1011248 3770760 3909628 11264 3920892 118 1 0 0 0 0 100 0 0 0 0 190 0 311 0 0 0 100 0 1 761027 1 764879 0 120686 0 0 1 100 0 0 0 0 254 0 380 0 0 1 98 0 0 0 0 3987 0 2362 
1576696850 180 2 0 0 87833160 390290 0 0 0 0 0 0 10293061 121749 0 0 96 2759512 1011248 3770760 3909628 11264 3920892 118 1 0 0 0 0 100 0 0 0 0 190 0 311 0 0 0 100 0 2 761029 2 764881 1 120687 0 0 0 100 0 0 0 0 254 0 380 0 0 0 100 0 0 0 0 3987 0 2362 
1576696851 0 0 0 0 87833160 390290 0 0 0 0 0 0 10293061 121749 0 0 87 2759512 1011248 3770760 3909628 11264 3920892 118 1 0 0 0 0 100 0 0 0 0 190 0 311 0 0 0 101 0 1 761030 1 764882 0 120687 0 0 1 100 0 0 0 0 254 0 380 0 0 0 100 0 0 0 0 3987 0 2362 
1576696852 146 2 0 0 87833306 390292 0 0 90 1 0 0 10293151 121750 0 0 637 2763260 1007500 3770760 3909628 11264 3920892 115 1 0 0 0 0 98 0 0 0 0 190 0 311 0 0 3 97 0 3 761033 3 764885 0 120687 1 0 0 98 0 0 0 0 254 0 380 1 0 0 99 0 0 0 0 3987 0 2362 
1576696853 90 1 0 0 87833396 390293 0 0 0 0 0 0 10293151 121750 0 0 127 2763516 1007244 3770760 3909628 11264 3920892 115 1 0 0 0 0 100 0 0 0 0 190 0 311 0 0 0 100 0 2 761035 2 764887 0 120687 0 0 0 100 0 0 0 0 254 0 380 0 0 0 100 0 0 0 0 3987 0 2362 
1576696854 0 0 0 0 87833396 390293 0 0 0 0 0 0 10293151 121750 0 0 1112 2763448 1007312 3770760 3909628 11264 3920892 115 1 0 0 0 0 100 0 0 0 0 190 0 311 1 0 0 100 0 0 761035 0 764887 0 120687 0 0 0 99 0 0 0 0 254 0 380 0 0 3 95 0 0 0 0 3987 0 2362 
1576696855 90 1 0 0 87833486 390294 0 0 0 0 0 0 10293151 121750 0 0 211 2763576 1007184 3770760 3909628 11264 3920892 115 1 0 0 0 1 100 0 0 0 0 190 0 311 0 0 0 100 0 2 761037 2 764889 1 120688 0 0 0 100 0 0 0 0 254 0 380 0 0 1 100 0 0 0 0 3987 0 2362 
1576696856 180 2 0 0 87833666 390296 0 0 0 0 0 0 10293151 121750 0 0 468 2763576 1007184 3770760 3909628 11264 3920892 115 1 0 0 0 0 100 0 0 0 0 190 0 311 0 0 0 100 0 2 761039 2 764891 0 120688 0 0 0 100 0 0 0 0 254 0 380 0 0 3 98 0 0 0 0 3987 0 2362 
1576696857 90 1 0 0 87833756 390297 0 0 82 1 0 0 10293233 121751 0 0 193 2763448 1007312 3770760 3909628 11264 3920892 115 1 0 0 0 0 100 0 0 0 0 190 0 311 0 0 0 100 0 3 761042 3 764894 0 120688 0 0 0 100 0 0 0 0 254 0 380 0 0 0 100 0 0 0 0 3987 0 2362 
1576696858 64 1 0 0 87833820 390298 0 0 0 0 0 0 10293233 121751 0 0 424 2763324 1007436 3770760 3909628 11264 3920892 115 1 0 1 0 0 100 0 0 0 0 190 0 311 0 0 0 100 0 1 761043 1 764895 0 120688 0 0 0 100 0 0 0 0 254 0 380 0 0 2 99 0 0 0 0 3987 0 2362 
1576696859 0 0 0 0 87833820 390298 0 0 0 0 0 0 10293233 121751 0 0 426 2763260 1007500 3770760 3909628 11264 3920892 115 1 0 0 0 0 100 0 0 0 0 190 0 311 0 0 0 100 0 1 761044 1 764896 0 120688 0 0 0 99 0 0 0 0 254 0 380 0 0 1 98 0 0 0 0 3987 0 2362 
1576696860 0 0 0 0 87833820 390298 0 0 0 0 0 0 10293233 121751 0 0 213 2763196 1007564 3770760 3909628 11264 3920892 115 1 0 0 0 0 100 0 0 0 0 190 0 311 0 0 0 99 0 0 761044 0 764896 1 120689 0 0 0 100 0 0 0 0 254 0 380 0 0 0 100 0 0 0 1 3988 0 2362 
1576696861 0 0 0 0 87833820 390298 0 0 0 0 0 0 10293233 121751 0 0 793 2763324 1007436 3770760 3909628 11264 3920892 115 1 0 0 0 0 100 0 0 0 0 190 0 311 0 0 0 100 0 1 761045 1 764897 0 120689 0 0 0 100 0 0 0 0 254 0 380 0 0 1 97 0 0 0 0 3988 0 2362 
1576696862 0 0 0 0 87833820 390298 0 0 0 0 0 0 10293233 121751 0 0 766 2763260 1007500 3770760 3909628 11264 3920892 115 2 0 0 0 0 100 0 0 0 0 190 0 311 0 0 0 99 0 0 761045 0 764897 0 120689 1 0 0 99 0 0 0 0 254 0 380 0 0 0 97 0 0 0 0 3988 0 2362 
1576696863 0 0 0 0 87833820 390298 0 0 0 0 0 0 10293233 121751 0 0 166 2763524 1007236 3770760 3909628 11264 3920892 115 2 0 0 0 0 100 0 0 0 0 190 0 311 0 0 0 99 0 1 761046 1 764898 0 120689 0 0 0 100 0 0 0 0 254 0 380 0 0 1 99 0 0 0 0 3988 0 2362 
1576696864 64 1 0 0 87833884 390299 0 0 64 1 0 0 10293297 121752 0 0 497 2763576 1007184 3770760 3909628 11264 3920892 115 1 0 0 0 0 100 1 0 0 0 190 0 311 0 0 0 100 0 2 761048 3 764901 1 120690 0 0 0 100 0 0 0 0 254 0 380 0 0 0 98 0 0 0 0 3988 0 2362 
1576696865 0 0 0 0 87833884 390299 0 0 0 0 0 0 10293297 121752 0 0 88 2763576 1007184 3770760 3909628 11264 3920892 115 1 0 0 0 1 100 0 0 0 0 190 0 311 0 0 0 101 0 1 761049 1 764902 1 120691 0 0 0 100 0 0 0 0 254 0 380 0 0 0 100 0 0 0 0 3988 0 2362 
1576696866 128 2 0 0 87834012 390301 0 0 0 0 0 0 10293297 121752 0 0 116 2763576 1007184 3770760 3909628 11264 3920892 115 1 0 0 0 0 100 0 0 0 0 190 0 311 0 0 0 100 0 2 761051 2 764904 0 120691 0 0 0 100 0 0 0 0 254 0 380 0 0 0 100 0 0 0 0 3988 0 2362 
1576696867 64 1 0 0 87834076 390302 0 0 64 1 0 0 10293361 121753 0 0 99 2763576 1007184 3770760 3909628 11264 3920892 115 1 0 0 0 0 100 0 0 0 0 190 0 311 0 0 0 100 0 3 761054 3 764907 0 120691 0 0 1 99 0 0 0 0 254 0 380 0 0 0 100 0 0 0 0 3988 0 2362 
1576696868 0 0 0 0 87834076 390302 0 0 0 0 0 0 10293361 121753 0 0 522 2763324 1007436 3770760 3909628 11264 3920892 115 1 0 0 0 0 100 0 0 0 0 190 0 311 0 0 0 100 0 0 761054 0 764907 0 120691 0 0 0 100 0 0 0 0 254 0 380 0 0 1 98 0 0 0 0 3988 0 2362 
1576696869 0 0 0 0 87834076 390302 0 0 0 0 0 0 10293361 121753 0 0 500 2763412 1007348 3770760 3909628 11264 3920892 117 1 0 0 0 0 100 0 0 0 0 190 0 311 0 0 0 100 0 1 761055 1 764908 0 120691 1 0 1 98 0 0 0 0 254 0 380 0 0 1 99 0 0 0 0 3988 0 2362 
1576696870 0 0 0 0 87834076 390302 0 0 0 0 0 0 10293361 121753 0 0 111 2763412 1007348 3770760 3909628 11264 3920892 117 1 0 0 0 0 100 0 0 0 0 190 0 311 0 0 0 100 0 0 761055 0 764908 1 120692 0 0 0 100 0 0 0 0 254 0 380 0 0 0 100 0 0 0 0 3988 0 2362 
1576696871 0 0 0 0 87834076 390302 0 0 0 0 0 0 10293361 121753 0 0 84 2763412 1007348 3770760 3909628 11264 3920892 117 1 0 0 0 0 100 0 0 0 0 190 0 311 0 0 0 100 0 1 761056 1 764909 0 120692 0 0 0 100 0 0 0 0 254 0 380 0 0 0 100 0 0 0 0 3988 0 2362 
1576696872 0 0 0 0 87834076 390302 0 0 0 0 0 0 10293361 121753 0 0 112 2763412 1007348 3770760 3909628 11264 3920892 117 1 0 0 0 0 100 0 0 0 0 190 0 311 0 0 0 100 0 0 761056 0 764909 0 120692 0 0 1 100 0 0 0 0 254 0 380 0 0 0 100 0 0 0 0 3988 0 2362 
1576696873 7032 102 0 0 87841108 390404 0 0 64 1 0 0 10293425 121754 0 0 732 2763284 1007476 3770760 3909628 11264 3920892 117 1 0 0 0 0 100 0 0 0 0 190 0 311 0 0 0 99 0 102 761158 102 765011 0 120692 0 0 0 99 0 0 0 0 254 0 380 0 0 0 97 0 0 0 0 3988 0 2362 
1576696874 0 0 0 0 87841108 390404 0 0 0 0 0 0 10293425 121754 0 0 435 2763412 1007348 3770760 3909628 11264 3920892 117 1 0 0 0 0 100 0 0 0 0 190 0 311 0 0 0 100 0 0 761158 0 765011 0 120692 0 0 0 100 0 0 0 0 254 0 380 0 0 0 98 0 0 0 0 3988 0 2362 
1576696875 90 1 0 0 87841198 390405 0 0 0 0 0 0 10293425 121754 0 0 1144 2763380 1007380 3770760 3909628 11264 3920892 117 1 0 0 0 0 100 0 0 0 0 190 0 311 0 0 0 100 0 2 761160 2 765013 1 120693 0 0 0 100 0 0 0 0 254 0 380 0 0 2 95 0 0 0 0 3988 0 2362 
1576696876 0 0 0 0 87841198 390405 0 0 0 0 0 0 10293425 121754 0 0 950 2763316 1007444 3770760 3909628 11264 3920892 117 1 0 0 0 0 100 0 0 0 0 190 0 311 0 0 1 100 0 0 761160 0 765013 0 120693 0 0 0 100 0 0 0 0 254 0 380 0 0 1 96 0 0 0 0 3988 0 2362 
1576696877 154 2 0 0 87841352 390407 0 0 0 0 0 0 10293425 121754 0 0 373 2763412 1007348 3770760 3909628 11264 3920892 117 1 0 0 0 0 100 0 0 0 0 190 0 311 0 0 0 100 0 3 761163 3 765016 0 120693 0 0 0 99 0 0 0 0 254 0 380 0 0 1 99 0 0 0 0 3988 0 2362 
1576696878 0 0 0 0 87841352 390407 0 0 0 0 0 0 10293425 121754 0 0 508 2763152 1007608 3770760 3909628 11264 3920892 117 1 0 0 0 1 100 0 0 0 0 190 0 311 0 0 0 100 0 0 761163 0 765016 0 120693 0 0 0 100 0 0 0 0 254 0 380 0 0 0 98 0 0 0 0 3988 0 2362 
1576696879 90 1 0 0 87841442 390408 0 0 0 0 0 0 10293425 121754 0 0 107 2763160 1007600 3770760 3909628 11264 3920892 117 1 0 0 0 0 100 0 0 0 0 190 0 311 0 0 0 100 0 2 761165 2 765018 0 120693 0 0 0 100 0 0 0 0 254 0 380 0 0 0 100 0 0 0 0 3988 0 2362 
1576696880 0 0 0 0 87841442 390408 0 0 0 0 0 0 10293425 121754 0 0 239 2763064 1007696 3770760 3909628 11264 3920892 117 1 0 0 0 0 100 0 0 0 0 190 0 311 0 0 0 100 0 0 761165 0 765018 1 120694 0 0 1 100 0 0 0 0 254 0 380 0 0 0 100 0 0 0 0 3988 0 2362 
1576696881 90 1 0 0 87841532 390409 0 0 0 0 0 0 10293425 121754 0 0 1057 2763160 1007600 3770760 3909628 11264 3920892 117 1 0 0 0 0 100 0 0 0 0 190 0 311 0 0 0 100 0 2 761167 2 765020 0 120694 0 0 1 99 0 0 0 0 254 0 380 0 0 2 95 0 0 0 0 3988 0 2362 
1576696882 0 0 0 0 87841532 390409 0 0 0 0 0 0 10293425 121754 0 0 101 2763160 1007600 3770760 3909628 11264 3920892 117 1 0 0 0 0 100 0 0 0 0 190 0 311 0 0 0 100 0 0 761167 0 765020 0 120694 0 0 0 100 0 0 0 0 254 0 380 0 0 0 100 0 0 0 0 3988 0 2362 
1576696883 0 0 0 0 87841532 390409 0 0 0 0 0 0 10293425 121754 0 0 511 2763160 1007600 3770760 3909628 11264 3920892 117 1 0 0 0 0 99 0 0 0 0 190 0 311 0 0 0 100 0 1 761168 1 765021 0 120694 1 0 1 100 0 0 0 0 254 0 380 0 0 0 98 0 0 0 0 3988 0 2362 
1576696884 0 0 0 0 87841532 390409 0 0 0 0 0 0 10293425 121754 0 0 264 2763000 1007760 3770760 3909628 11264 3920892 117 1 0 0 0 0 99 1 0 0 0 190 0 311 0 0 0 100 0 0 761168 0 765021 0 120694 0 0 0 100 0 0 0 0 254 0 380 0 0 0 99 0 0 0 0 3988 0 2362 
1576696885 90 1 0 0 87841622 390410 0 0 90 1 0 0 10293515 121755 0 0 711 2762088 1008672 3770760 3909628 11264 3920892 117 1 0 0 0 0 100 0 0 0 0 190 0 311 0 0 0 100 0 3 761171 3 765024 1 120695 0 0 0 99 0 0 0 0 254 0 380 0 0 1 97 0 0 0 0 3988 0 2362 
1576696886 0 0 0 0 87841622 390410 0 0 0 0 0 0 10293515 121755 0 0 95 2762088 1008672 3770760 3909628 11264 3920892 117 1 0 0 0 0 100 0 0 0 0 190 0 311 0 0 0 100 0 0 761171 0 765024 0 120695 0 0 0 100 0 0 0 0 254 0 380 0 0 0 100 0 0 0 0 3988 0 2362 
1576696887 0 0 0 0 87841622 390410 0 0 0 0 0 0 10293515 121755 0 0 85 2762088 1008672 3770760 3909628 11264 3920892 117 1 0 0 0 0 100 0 0 0 0 190 0 311 0 0 0 100 0 1 761172 1 765025 0 120695 0 0 0 100 0 0 0 0 254 0 380 0 0 0 101 0 0 0 0 3988 0 2362 
1576696888 90 1 0 0 87841712 390411 0 0 0 0 0 0 10293515 121755 0 0 140 2762028 1008732 3770760 3909628 11264 3920892 117 1 0 0 0 0 100 0 0 0 0 190 0 311 0 0 0 99 0 1 761173 1 765026 0 120695 0 0 0 100 0 0 0 0 254 0 380 0 0 0 100 0 0 0 0 3988 0 2362 
1576696889 90 1 0 0 87841802 390412 0 0 0 0 0 0 10293515 121755 0 0 105 2762088 1008672 3770760 3909628 11264 3920892 117 1 0 0 0 0 99 1 0 0 0 190 0 311 0 0 0 100 0 2 761175 2 765028 0 120695 0 0 0 100 0 0 0 0 254 0 380 0 0 0 100 0 0 0 0 3988 0 2362 
1576696890 0 0 0 0 87841802 390412 0 0 0 0 0 0 10293515 121755 0 0 97 2762088 1008672 3770760 3909628 11264 3920892 117 1 0 0 0 1 100 0 0 0 0 190 0 311 0 0 1 100 0 0 761175 0 765028 1 120696 0 0 1 100 0 0 0 0 254 0 380 0 0 1 100 0 0 0 0 3988 0 2362 
1576696891 806 4 0 0 87842608 390416 0 0 0 0 0 0 10293515 121755 0 0 527 2762088 1008672 3770760 3909628 11264 3920892 117 1 0 0 0 0 100 0 0 0 0 190 0 311 0 0 0 100 0 5 761180 5 765033 0 120696 0 0 0 99 0 0 0 0 254 0 380 0 0 1 98 0 0 0 0 3988 0 2362 
1576696892 90 1 0 0 87842698 390417 0 0 90 1 0 0 10293605 121756 0 0 98 2762088 1008672 3770760 3909628 11264 3920892 117 1 0 0 0 0 100 0 0 0 0 190 0 311 0 0 0 100 0 2 761182 2 765035 0 120696 0 0 0 100 0 0 0 0 254 0 380 0 0 0 100 0 0 0 0 3988 0 2362 
1576696893 218 3 0 0 87842916 390420 0 0 64 1 0 0 10293669 121757 0 0 156 2762088 1008672 3770760 3909628 11264 3920892 117 1 0 0 0 0 100 0 0 0 0 190 0 311 0 0 0 100 0 5 761187 5 765040 0 120696 0 0 0 100 0 0 0 0 254 0 380 0 0 0 100 0 0 0 0 3988 0 2362 
1576696894 0 0 0 0 87842916 390420 0 0 0 0 0 0 10293669 121757 0 0 107 2762088 1008672 3770760 3909628 11264 3920892 117 1 0 0 0 0 100 1 0 0 0 190 0 311 0 0 0 100 0 0 761187 0 765040 0 120696 0 0 0 100 0 0 0 0 254 0 380 0 0 0 100 0 0 0 0 3988 0 2362 
1576696895 180 2 0 0 87843096 390422 0 0 0 0 0 0 10293669 121757 0 0 478 2759976 1010784 3770760 3909628 11264 3920892 117 1 0 0 0 0 100 0 0 0 0 190 0 311 0 0 0 100 0 3 761190 3 765043 1 120697 0 0 0 99 0 0 0 0 254 0 380 0 0 1 98 0 0 0 0 3988 0 2362 
1576696896 0 0 0 0 87843096 390422 0 0 0 0 0 0 10293669 121757 0 0 661 2759720 1011040 3770760 3909628 11264 3920892 117 1 0 0 0 0 100 0 0 0 0 190 0 311 0 0 0 100 0 0 761190 0 765043 0 120697 0 0 0 100 0 0 0 0 254 0 380 0 0 0 97 0 0 0 0 3988 0 2362 
1576696897 0 0 0 0 87843096 390422 0 0 0 0 0 0 10293669 121757 0 0 311 2759848 1010912 3770760 3909628 11264 3920892 117 1 0 0 0 0 100 0 0 0 0 190 0 311 0 0 0 100 0 1 761191 1 765044 0 120697 0 0 0 100 0 0 0 0 254 0 380 0 0 0 99 0 0 0 0 3988 0 2362 
1576696898 90 1 0 0 87843186 390423 0 0 0 0 0 0 10293669 121757 0 0 869 2760488 1010272 3770760 3909628 11264 3920892 117 1 0 0 0 0 99 0 0 0 0 190 0 311 0 0 2 98 0 1 761192 1 765045 0 120697 0 0 1 100 0 0 0 0 254 0 380 0 0 2 96 0 0 0 0 3988 0 2362 
1576696899 64 1 0 0 87843250 390424 0 0 64 1 0 0 10293733 121758 0 0 396 2760384 1010376 3770760 3909628 11264 3920892 117 1 0 0 0 0 99 0 0 0 0 190 0 311 0 0 0 99 0 3 761195 3 765048 0 120697 0 0 0 99 0 0 0 0 254 0 380 0 0 0 98 0 0 0 0 3988 0 2362 
1576696900 90 1 0 0 87843340 390425 0 0 0 0 0 0 10293733 121758 0 0 211 2760480 1010280 3770760 3909628 11264 3920892 117 1 0 0 0 0 100 0 0 0 0 190 0 311 0 0 0 100 0 1 761196 1 765049 0 120697 0 0 0 100 0 0 0 0 254 0 380 0 0 0 100 0 0 0 0 3988 0 2362 
1576696901 180 2 0 0 87843520 390427 0 0 0 0 0 0 10293733 121758 0 0 89 2760480 1010280 3770760 3909628 11264 3920892 117 1 0 0 0 0 100 0 0 0 0 190 0 311 0 0 0 100 0 3 761199 3 765052 1 120698 0 0 0 100 0 0 0 0 254 0 380 0 0 0 100 0 0 0 0 3988 0 2362 
1576696902 64 1 0 0 87843584 390428 0 0 0 0 0 0 10293733 121758 0 0 506 2760480 1010280 3770760 3909628 11264 3920892 117 1 0 0 0 0 100 0 0 0 0 190 0 311 0 0 0 100 0 1 761200 1 765053 0 120698 0 0 0 100 0 0 0 0 254 0 380 0 0 0 98 0 0 0 0 3988 0 2362 
1576696903 0 0 0 0 87843584 390428 0 0 0 0 0 0 10293733 121758 0 0 625 2760068 1010692 3770760 3909628 11264 3920892 117 1 0 0 0 0 99 0 0 0 0 190 0 311 0 0 0 100 0 1 761201 1 765054 0 120698 0 0 0 100 0 0 0 0 254 0 380 0 0 2 98 0 0 0 0 3988 0 2362 
1576696904 0 0 0 0 87843584 390428 0 0 0 0 0 0 10293733 121758 0 0 702 2760132 1010628 3770760 3909628 11264 3920892 117 1 0 0 0 0 100 0 0 0 0 190 0 311 1 0 0 100 0 0 761201 0 765054 0 120698 0 0 0 99 0 0 0 0 254 0 380 0 0 3 97 0 0 0 0 3988 0 2362 
1576696905 114 1 0 0 87843698 390429 0 0 0 0 0 0 10293733 121758 0 0 306 2760068 1010692 3770760 3909628 11264 3920892 117 1 0 0 0 0 100 0 0 0 0 190 0 311 0 0 0 100 0 2 761203 2 765056 0 120698 0 0 0 100 0 0 0 0 254 0 380 0 0 0 99 0 0 0 0 3988 0 2362 
1576696906 0 0 0 0 87843698 390429 0 0 0 0 0 0 10293733 121758 0 0 769 2759972 1010788 3770760 3909628 11264 3920892 117 1 0 0 0 0 100 0 0 0 0 190 0 311 0 0 0 100 0 0 761203 0 765056 1 120699 0 0 0 100 0 0 0 0 254 0 380 0 0 1 97 0 0 0 0 3988 0 2362 
1576696907 0 0 0 0 87843698 390429 0 0 0 0 0 0 10293733 121758 0 0 1044 2760228 1010532 3770760 3909628 11264 3920892 116 1 0 0 0 0 100 0 0 0 0 190 0 311 0 0 0 99 0 1 761204 1 765057 0 120699 1 0 0 100 0 0 0 0 254 0 380 0 0 2 96 0 0 0 0 3988 0 2362 
1576696908 0 0 0 0 87843698 390429 0 0 0 0 0 0 10293733 121758 0 0 171 2760688 1010072 3770760 3909628 11264 3920892 116 1 0 0 0 0 100 0 0 0 0 190 0 311 0 0 0 100 0 0 761204 0 765057 0 120699 0 0 0 99 0 0 0 0 254 0 380 0 0 0 100 0 0 0 0 3988 0 2362 
1576696909 0 0 0 0 87843698 390429 0 0 0 0 0 0 10293733 121758 0 0 486 2760740 1010020 3770760 3909628 11264 3920892 116 1 0 0 0 0 100 0 0 0 0 190 0 311 0 0 0 100 0 1 761205 1 765058 0 120699 0 0 0 100 0 0 0 0 254 0 380 0 0 0 98 0 0 0 0 3988 0 2362 
1576696910 0 0 0 0 87843698 390429 0 0 0 0 0 0 10293733 121758 0 0 98 2760740 1010020 3770760 3909628 11264 3920892 116 1 0 0 0 0 100 0 0 0 0 190 0 311 0 0 0 100 0 0 761205 0 765058 0 120699 0 0 1 100 0 0 0 0 254 0 380 0 0 0 100 0 0 0 0 3988 0 2362 
1576696911 0 0 0 0 87843698 390429 0 0 0 0 0 0 10293733 121758 0 0 87 2760740 1010020 3770760 3909628 11264 3920892 116 1 0 0 0 0 100 0 0 0 0 190 0 311 0 0 0 100 0 1 761206 1 765059 1 120700 0 0 1 100 0 0 0 0 254 0 380 0 0 0 100 0 0 0 0 3988 0 2362 
1576696912 0 0 0 0 87843698 390429 0 0 0 0 0 0 10293733 121758 0 0 96 2760740 1010020 3770760 3909628 11264 3920892 116 1 0 0 0 0 100 0 0 0 0 190 0 311 0 0 0 100 0 0 761206 0 765059 0 120700 0 0 0 100 0 0 0 0 254 0 380 1 0 0 100 0 0 0 0 3988 0 2362 
1576696913 0 0 0 0 87843698 390429 0 0 0 0 0 0 10293733 121758 0 0 492 2760732 1010028 3770760 3909628 11264 3920892 116 1 0 0 0 1 100 0 0 0 0 190 0 311 0 0 0 100 0 1 761207 1 765060 0 120700 0 0 0 99 0 0 0 0 254 0 380 0 0 0 98 0 0 0 0 3988 0 2362 
1576696914 0 0 0 0 87843698 390429 0 0 0 0 0 0 10293733 121758 0 0 482 2760740 1010020 3770760 3909628 11264 3920892 116 1 0 0 0 0 100 0 0 0 0 190 0 311 0 0 0 100 0 0 761207 0 765060 0 120700 0 0 0 100 0 0 0 0 254 0 380 0 0 1 98 0 0 0 0 3988 0 2362 
1576696915 0 0 0 0 87843698 390429 0 0 0 0 0 0 10293733 121758 0 0 824 2760740 1010020 3770760 3909628 11264 3920892 116 1 0 0 0 0 100 0 0 0 0 190 0 311 0 0 0 100 0 1 761208 1 765061 0 120700 0 0 0 100 0 0 0 0 254 0 380 0 0 1 97 0 0 0 0 3988 0 2362 
1576696916 64 1 0 0 87843762 390430 0 0 0 0 0 0 10293733 121758 0 0 471 2760740 1010020 3770760 3909628 11264 3920892 116 1 0 0 0 0 100 0 0 0 0 190 0 311 0 0 0 100 0 1 761209 1 765062 1 120701 0 0 0 100 0 0 0 0 254 0 380 0 0 1 98 0 0 0 0 3988 0 2362 
1576696917 0 0 0 0 87843762 390430 0 0 0 0 0 0 10293733 121758 0 0 233 2760548 1010212 3770760 3909628 11264 3920892 116 1 0 0 0 0 100 0 0 0 0 190 0 311 0 0 0 100 0 1 761210 1 765063 0 120701 0 0 0 99 0 0 0 0 254 0 380 0 0 0 100 0 0 0 0 3988 0 2362 
1576696918 128 2 0 0 87843890 390432 0 0 64 1 0 0 10293797 121759 0 0 393 2760940 1009820 3770760 3909628 11264 3920892 116 1 0 0 0 0 99 0 0 0 0 190 0 311 0 0 0 100 0 3 761213 3 765066 0 120701 0 0 0 100 0 0 0 0 254 0 380 0 0 1 99 0 0 0 0 3988 0 2362 
1576696919 0 0 0 0 87843890 390432 0 0 0 0 0 0 10293797 121759 0 0 499 2760992 1009768 3770760 3909628 11264 3920892 116 1 0 0 0 0 100 1 0 0 0 190 0 311 0 0 0 100 0 1 761214 1 765067 0 120701 0 0 0 100 0 0 0 0 254 0 380 0 0 0 98 0 0 0 0 3988 0 2362 
1576696920 64 1 0 0 87843954 390433 0 0 0 0 0 0 10293797 121759 0 0 1102 2760864 1009896 3770760 3909628 11264 3920892 116 1 0 0 0 0 100 0 0 0 0 190 0 311 0 0 0 100 0 1 761215 1 765068 0 120701 0 0 0 100 0 0 0 0 254 0 380 0 0 2 95 0 0 0 0 3988 0 2362 
1576696921 0 0 0 0 87843954 390433 0 0 0 0 0 0 10293797 121759 0 0 182 2760992 1009768 3770760 3909628 11264 3920892 116 1 0 0 0 0 100 0 0 0 0 190 0 311 0 0 0 100 0 1 761216 1 765069 1 120702 0 0 0 99 0 0 0 0 254 0 380 0 0 0 100 0 0 0 0 3988 0 2362 
1576696922 0 0 0 0 87843954 390433 0 0 0 0 0 0 10293797 121759 0 0 467 2760992 1009768 3770760 3909628 11264 3920892 116 1 0 1 0 0 100 0 0 0 0 190 0 311 0 0 0 100 0 0 761216 0 765069 0 120702 0 0 1 100 0 0 0 0 254 0 380 0 0 1 98 0 0 0 0 3988 0 2362 
1576696923 0 0 0 0 87843954 390433 0 0 0 0 0 0 10293797 121759 0 0 123 2760984 1009776 3770760 3909628 11264 3920892 116 1 0 0 0 0 100 0 0 0 0 190 0 311 0 0 0 100 0 1 761217 1 765070 0 120702 0 0 0 100 0 0 0 0 254 0 380 0 0 0 100 0 0 0 0 3988 0 2362 
1576696924 0 0 0 0 87843954 390433 0 0 0 0 0 0 10293797 121759 0 0 499 2760992 1009768 3770760 3909628 11264 3920892 116 1 0 0 0 1 99 0 0 0 0 190 0 311 0 0 0 100 0 0 761217 0 765070 0 120702 0 0 0 100 0 0 0 0 254 0 380 0 0 0 99 0 0 0 0 3988 0 2362 
1576696925 5238 81 0 0 87849192 390514 0 0 64 1 0 0 10293861 121760 0 0 1198 2760864 1009896 3770760 3909628 11264 3920892 116 1 0 0 0 0 99 0 0 0 0 190 0 311 0 0 1 99 0 82 761299 82 765152 0 120702 0 0 0 99 0 0 0 0 254 0 380 0 0 5 94 0 0 0 0 3988 0 2362 
1576696926 0 0 0 0 87849192 390514 0 0 0 0 0 0 10293861 121760 0 0 652 2760992 1009768 3770760 3909628 11264 3920892 116 1 0 0 0 0 99 0 0 0 0 190 0 311 0 0 0 100 0 0 761299 0 765152 1 120703 0 0 0 100 0 0 0 0 254 0 380 0 0 2 97 0 0 0 0 3988 0 2362 
1576696927 154 2 0 0 87849346 390516 0 0 0 0 0 0 10293861 121760 0 0 107 2760992 1009768 3770760 3909628 11264 3920892 116 1 0 0 0 0 99 0 0 0 0 190 0 311 0 0 0 100 0 3 761302 3 765155 0 120703 0 0 0 100 0 0 0 0 254 0 380 0 0 0 100 0 0 0 0 3988 0 2362 
1576696928 0 0 0 0 87849346 390516 0 0 0 0 0 0 10293861 121760 0 0 124 2760732 1010028 3770760 3909628 11264 3920892 116 1 0 0 0 0 100 0 0 0 0 190 0 311 0 0 0 100 0 0 761302 0 765155 0 120703 0 0 0 100 0 0 0 0 254 0 380 0 0 0 100 0 0 0 0 3988 0 2362 
1576696929 90 1 0 0 87849436 390517 0 0 0 0 0 0 10293861 121760 0 0 126 2760940 1009820 3770760 3909628 11264 3920892 115 3 0 0 0 0 97 1 0 0 0 190 0 311 0 0 1 99 0 2 761304 2 765157 0 120703 0 0 1 98 0 0 0 0 254 0 380 0 0 0 99 0 0 0 0 3988 0 2362 
