1576696811 1576696811473 779.4582
1576696811 1576696811473 688.2069
1576696812 1576696812167 576.7739
1576696812 1576696812271 623.9499
1576696812 1576696812424 637.073
1576696813 1576696813200 418.1161
1576696816 1576696816007 621.5552
1576696816 1576696816087 515.0088
1576696819 1576696819696 625.7433
1576696819 1576696819786 512.9311
1576696820 1576696820243 349.6636
1576696821 1576696821098 350.2732
1576696821 1576696821468 350.314
1576696822 1576696822412 382.1764
1576696824 1576696824050 375.7112
1576696824 1576696824974 401.2943
1576696827 1576696827074 433.5346
1576696827 1576696827248 437.1305
1576696828 1576696828162 652.2022
1576696828 1576696828325 692.0993
1576696828 1576696828404 693.4073
1576696830 1576696830503 475.1015
1576696831 1576696831632 451.6617
1576696832 1576696832226 425.4857
1576696832 1576696832978 419.8423
1576696835 1576696835249 464.5132
1576696835 1576696835446 424.3573
1576696837 1576696837572 394.3036
1576696838 1576696838420 625.2951
1576696838 1576696838422 659.9451
1576696839 1576696839619 421.9086
1576696840 1576696840951 392.9062
1576696845 1576696845293 743.8321
1576696845 1576696845376 526.8596
1576696845 1576696845767 617.0394
1576696845 1576696845854 538.7083
1576696848 1576696848321 477.5516
1576696853 1576696853334 684.7701
1576696853 1576696853411 748.7328
1576696853 1576696853491 729.1384
1576696854 1576696854773 434.5645
1576696856 1576696856620 436.7323
1576696858 1576696858459 436.9689
1576696859 1576696859684 352.0484
1576696860 1576696860202 365.069
1576696861 1576696861226 438.9663
1576696861 1576696861464 401.2028
1576696862 1576696862806 349.201
1576696867 1576696867061 439.7454
1576696868 1576696868162 431.147
1576696871 1576696871770 424.555
1576696872 1576696872067 351.5342
1576696872 1576696872686 453.8611
1576696873 1576696873919 392.4409
1576696874 1576696874333 419.176
1576696874 1576696874490 482.8553
1576696875 1576696875070 497.5456
1576696875 1576696875149 510.352
1576696875 1576696875663 392.8601
1576696876 1576696876992 405.4955
1576696879 1576696879795 596.176
1576696879 1576696879882 516.8198
1576696880 1576696880334 352.8694
1576696882 1576696882011 441.7748
1576696883 1576696883647 467.3867
1576696884 1576696884263 439.8836
1576696890 1576696890100 417.913
1576696894 1576696894193 351.135
1576696895 1576696895323 416.5383
1576696895 1576696895636 375.6278
1576696896 1576696896758 398.5501
1576696897 1576696897115 351.8958
1576696898 1576696898585 360.8457
1576696901 1576696901260 377.9125
1576696901 1576696901978 394.7074
1576696902 1576696902695 444.9089
1576696902 1576696902996 366.9964
1576696904 1576696904641 415.9922
1576696905 1576696905589 522.1395
1576696905 1576696905708 504.3963
1576696905 1576696905924 633.7427
1576696906 1576696906278 347.0067
1576696908 1576696908491 365.2729
1576696912 1576696912422 442.6405
1576696913 1576696913154 462.5623
1576696913 1576696913858 439.9289
1576696914 1576696914303 348.0279
1576696915 1576696915496 431.5004
1576696916 1576696916724 405.4335
1576696917 1576696917952 440.7358
1576696919 1576696919408 636.4842
1576696919 1576696919413 572.3455
1576696919 1576696919628 567.066
1576696921 1576696921331 392.8451
1576696923 1576696923315 494.0017
1576696924 1576696924040 607.34
1576696924 1576696924123 536.7336
1576696924 1576696924355 477.5615
1576696924 1576696924726 353.3698
1576696925 1576696925015 376.3372
