# gnuplot dump (#col:description)
# networking interface: enp0s25
# sampling interval (t): 1000 ms
# 1:unixtime 2:rx-bytes-per-t 3:rx-pkts-per-t 4:rx-drops-per-t 5:rx-errors-per-t 6:rx-bytes 7:rx-pkts 8:rx-drops 9:rx-errors 10:tx-bytes-per-t 11:tx-pkts-per-t 12:tx-drops-per-t 13:tx-errors-per-t 14:tx-bytes 15:tx-pkts 16:tx-drops 17:tx-errors 18:context-switches-per-t 19:mem-free 20:mem-used 21:mem-total 22:swap-free 23:swap-used 24:swap-total 25:procs-total 26:procs-in-run 27:procs-in-iow 28:cpu0-usr-per-t 29:cpu0-nice-per-t 30:cpu0-sys-per-t 31:cpu0-idle-per-t 32:cpu0-iow-per-t 33:cpu0-net-irqs-per-t 34:cpu0-net-irqs 35:cpu0-net-rx-soft-irqs-per-t 36:cpu0-net-rx-soft-irqs 37:cpu0-net-tx-soft-irqs-per-t 38:cpu0-net-tx-soft-irqs 39:cpu1-usr-per-t 40:cpu1-nice-per-t 41:cpu1-sys-per-t 42:cpu1-idle-per-t 43:cpu1-iow-per-t 44:cpu1-net-irqs-per-t 45:cpu1-net-irqs 46:cpu1-net-rx-soft-irqs-per-t 47:cpu1-net-rx-soft-irqs 48:cpu1-net-tx-soft-irqs-per-t 49:cpu1-net-tx-soft-irqs 50:cpu2-usr-per-t 51:cpu2-nice-per-t 52:cpu2-sys-per-t 53:cpu2-idle-per-t 54:cpu2-iow-per-t 55:cpu2-net-irqs-per-t 56:cpu2-net-irqs 57:cpu2-net-rx-soft-irqs-per-t 58:cpu2-net-rx-soft-irqs 59:cpu2-net-tx-soft-irqs-per-t 60:cpu2-net-tx-soft-irqs 61:cpu3-usr-per-t 62:cpu3-nice-per-t 63:cpu3-sys-per-t 64:cpu3-idle-per-t 65:cpu3-iow-per-t 66:cpu3-net-irqs-per-t 67:cpu3-net-irqs 68:cpu3-net-rx-soft-irqs-per-t 69:cpu3-net-rx-soft-irqs 70:cpu3-net-tx-soft-irqs-per-t 71:cpu3-net-tx-soft-irqs 
# data:
1576696672 64 1 0 0 87811151 390051 0 0 0 0 0 0 10289142 121705 0 0 406 2762364 1008396 3770760 3909628 11264 3920892 119 1 0 0 0 0 100 0 0 0 0 190 0 310 0 0 0 99 0 1 760662 1 764514 0 120646 0 0 0 100 0 0 0 0 254 0 380 0 0 0 100 0 0 0 0 3986 0 2361 
1576696673 0 0 0 0 87811151 390051 0 0 0 0 0 0 10289142 121705 0 0 84 2762364 1008396 3770760 3909628 11264 3920892 119 1 0 0 0 0 100 0 0 0 0 190 0 310 0 0 0 100 0 1 760663 1 764515 1 120647 0 0 0 100 0 0 0 0 254 0 380 0 0 0 100 0 0 0 0 3986 0 2361 
1576696674 405 3 0 0 87811556 390054 0 0 343 3 0 0 10289485 121708 0 0 262 2762048 1008712 3770760 3909628 11264 3920892 119 1 0 0 0 0 100 0 0 0 0 190 0 310 0 0 0 100 0 5 760668 5 764520 0 120647 1 0 1 99 0 0 0 0 254 0 380 0 0 0 99 0 0 0 0 3986 0 2361 
1576696675 0 0 0 0 87811556 390054 0 0 0 0 0 0 10289485 121708 0 0 722 2761796 1008964 3770760 3909628 11264 3920892 119 2 0 1 0 0 99 0 0 0 0 190 0 310 0 0 0 100 0 1 760669 1 764521 0 120647 0 0 0 100 0 0 0 0 254 0 380 0 0 2 98 0 0 0 0 3986 0 2361 
1576696676 0 0 0 0 87811556 390054 0 0 0 0 0 0 10289485 121708 0 0 494 2761668 1009092 3770760 3909628 11264 3920892 119 1 0 0 0 0 99 0 0 0 0 190 0 310 0 0 1 100 0 0 760669 0 764521 0 120647 0 0 0 99 0 0 0 0 254 0 380 0 0 0 98 0 0 0 0 3986 0 2361 
1576696677 0 0 0 0 87811556 390054 0 0 0 0 0 0 10289485 121708 0 0 702 2761796 1008964 3770760 3909628 11264 3920892 119 1 1 0 0 0 99 0 0 0 0 190 0 310 0 0 0 99 1 1 760670 1 764522 0 120647 0 0 0 99 0 0 0 0 254 0 380 0 0 2 97 0 0 0 0 3986 0 2361 
1576696678 0 0 0 0 87811556 390054 0 0 0 0 0 0 10289485 121708 0 0 300 2761604 1009156 3770760 3909628 11264 3920892 119 1 0 0 0 0 99 0 0 0 0 190 0 310 0 0 0 100 0 0 760670 0 764522 1 120648 0 0 0 101 0 0 0 0 254 0 380 0 0 0 99 0 0 0 0 3986 0 2361 
1576696679 82 1 0 0 87811638 390055 0 0 90 1 0 0 10289575 121709 0 0 206 2761796 1008964 3770760 3909628 11264 3920892 119 1 0 0 0 0 100 0 0 0 0 190 0 310 0 0 0 100 0 3 760673 3 764525 0 120648 0 0 0 100 0 0 0 0 254 0 380 0 0 0 100 0 0 0 0 3986 0 2361 
1576696680 0 0 0 0 87811638 390055 0 0 0 0 0 0 10289575 121709 0 0 436 2761796 1008964 3770760 3909628 11264 3920892 119 1 0 0 0 0 100 0 0 0 0 190 0 310 1 0 0 100 0 0 760673 0 764525 0 120648 0 0 0 100 0 0 0 0 254 0 380 0 0 1 98 0 0 0 0 3986 0 2361 
1576696681 0 0 0 0 87811638 390055 0 0 0 0 0 0 10289575 121709 0 0 432 2761536 1009224 3770760 3909628 11264 3920892 119 1 0 0 0 0 100 0 0 0 0 190 0 310 0 0 1 100 0 1 760674 1 764526 0 120648 0 0 0 100 0 0 0 0 254 0 380 0 0 3 99 0 0 0 0 3986 0 2361 
1576696682 90 1 0 0 87811728 390056 0 0 90 1 0 0 10289665 121710 0 0 464 2761608 1009152 3770760 3909628 11264 3920892 119 1 0 0 0 0 100 0 0 0 0 190 0 310 0 0 0 98 0 2 760676 2 764528 0 120648 0 0 0 100 0 0 0 0 254 0 380 0 0 0 98 0 0 0 0 3986 0 2361 
1576696683 64 1 0 0 87811792 390057 0 0 64 1 0 0 10289729 121711 0 0 1063 2761512 1009248 3770760 3909628 11264 3920892 119 1 0 0 0 0 100 0 0 0 0 190 0 310 0 0 0 100 0 3 760679 3 764531 1 120649 0 0 0 99 0 0 0 0 254 0 380 0 0 2 95 0 0 0 0 3986 0 2361 
1576696684 90 1 0 0 87811882 390058 0 0 0 0 0 0 10289729 121711 0 0 280 2761320 1009440 3770760 3909628 11264 3920892 119 1 0 1 0 0 100 0 0 0 0 190 0 310 0 0 0 100 0 1 760680 1 764532 0 120649 0 0 0 100 0 0 0 0 254 0 380 0 0 0 99 0 0 0 0 3986 0 2361 
1576696685 90 1 0 0 87811972 390059 0 0 0 0 0 0 10289729 121711 0 0 569 2761512 1009248 3770760 3909628 11264 3920892 119 1 0 0 0 0 100 0 0 0 0 190 0 310 0 0 0 100 0 2 760682 2 764534 0 120649 0 0 0 99 0 0 0 0 254 0 380 0 0 0 98 0 0 0 0 3986 0 2361 
1576696686 0 0 0 0 87811972 390059 0 0 0 0 0 0 10289729 121711 0 0 490 2761512 1009248 3770760 3909628 11264 3920892 119 1 0 0 0 0 100 0 0 0 0 190 0 310 0 0 0 100 0 0 760682 0 764534 0 120649 0 0 0 99 0 0 0 0 254 0 380 0 0 2 98 0 0 0 0 3986 0 2361 
1576696687 64 1 0 0 87812036 390060 0 0 0 0 0 0 10289729 121711 0 0 822 2761384 1009376 3770760 3909628 11264 3920892 119 1 0 0 0 0 100 0 0 0 0 190 0 310 0 0 0 99 1 2 760684 2 764536 0 120649 0 0 0 99 0 0 0 0 254 0 380 0 0 2 97 0 0 0 0 3986 0 2361 
1576696688 0 0 0 0 87812036 390060 0 0 0 0 0 0 10289729 121711 0 0 676 2761448 1009312 3770760 3909628 11264 3920892 119 1 0 0 0 0 100 0 0 0 0 190 0 310 0 0 0 100 0 0 760684 0 764536 1 120650 0 0 0 100 0 0 0 0 254 0 380 0 0 1 97 0 0 0 0 3986 0 2361 
1576696689 244 3 0 0 87812280 390063 0 0 90 1 0 0 10289819 121712 0 0 707 2761448 1009312 3770760 3909628 11264 3920892 119 1 0 0 0 0 100 0 0 0 0 190 0 310 0 0 1 100 0 5 760689 5 764541 0 120650 0 0 0 100 0 0 0 0 254 0 380 0 0 0 97 0 0 0 0 3986 0 2361 
1576696690 218 3 0 0 87812498 390066 0 0 64 1 0 0 10289883 121713 0 0 131 2761512 1009248 3770760 3909628 11264 3920892 119 1 0 0 0 1 100 0 0 0 0 190 0 310 0 0 0 100 0 4 760693 4 764545 0 120650 1 0 0 100 0 0 0 0 254 0 380 0 0 0 100 0 0 0 0 3986 1 2362 
1576696691 90 1 0 0 87812588 390067 0 0 0 0 0 0 10289883 121713 0 0 460 2761512 1009248 3770760 3909628 11264 3920892 119 1 0 0 0 0 100 0 0 0 0 190 0 310 0 0 0 99 0 2 760695 2 764547 0 120650 0 0 0 100 0 0 0 0 254 0 380 0 0 2 98 0 0 0 0 3986 0 2362 
1576696692 180 2 0 0 87812768 390069 0 0 0 0 0 0 10289883 121713 0 0 866 2760944 1009816 3770760 3909628 11264 3920892 120 1 0 0 0 0 100 0 0 0 0 190 0 310 1 0 1 98 0 2 760697 2 764549 0 120650 0 0 2 100 0 0 0 0 254 0 380 0 0 3 97 0 0 0 0 3986 0 2362 
1576696693 180 2 0 0 87812948 390071 0 0 0 0 0 0 10289883 121713 0 0 664 2761040 1009720 3770760 3909628 11264 3920892 120 1 0 0 0 0 100 0 0 0 0 190 0 310 0 0 0 100 0 3 760700 3 764552 1 120651 0 0 0 100 0 0 0 0 254 0 380 0 0 0 98 0 0 0 0 3986 0 2362 
1576696694 90 1 0 0 87813038 390072 0 0 0 0 0 0 10289883 121713 0 0 113 2760976 1009784 3770760 3909628 11264 3920892 120 1 0 0 0 0 100 0 0 0 0 190 0 310 0 0 0 100 0 1 760701 1 764553 0 120651 0 0 0 100 0 0 0 0 254 0 380 0 0 0 100 0 0 0 0 3986 0 2362 
1576696695 180 2 0 0 87813218 390074 0 0 0 0 0 0 10289883 121713 0 0 103 2760976 1009784 3770760 3909628 11264 3920892 120 1 0 0 0 0 100 0 0 0 0 190 0 310 0 0 0 100 0 3 760704 3 764556 0 120651 0 0 1 100 0 0 0 0 254 0 380 0 0 1 100 0 0 0 0 3986 0 2362 
1576696696 90 1 0 0 87813308 390075 0 0 0 0 0 0 10289883 121713 0 0 453 2760716 1010044 3770760 3909628 11264 3920892 120 1 0 0 0 0 100 0 0 0 0 190 0 310 0 0 1 100 0 1 760705 1 764557 0 120651 0 0 0 99 0 0 0 0 254 0 380 0 0 0 98 0 0 0 0 3986 0 2362 
1576696697 0 0 0 0 87813308 390075 0 0 0 0 0 0 10289883 121713 0 0 114 2760724 1010036 3770760 3909628 11264 3920892 120 1 0 0 0 0 100 0 0 0 0 190 0 310 0 0 0 98 1 1 760706 1 764558 0 120651 0 0 0 100 0 0 0 0 254 0 380 0 0 0 100 0 0 0 0 3986 0 2362 
1576696698 2878 8 0 0 87816186 390083 0 0 0 0 0 0 10289883 121713 0 0 432 2760724 1010036 3770760 3909628 11264 3920892 120 1 0 0 0 1 100 0 0 0 0 190 0 310 0 0 0 100 0 8 760714 8 764566 1 120652 0 0 0 100 0 0 0 0 254 0 380 0 0 1 98 0 0 0 0 3986 0 2362 
1576696699 0 0 0 0 87816186 390083 0 0 0 0 0 0 10289883 121713 0 0 86 2760692 1010068 3770760 3909628 11264 3920892 120 1 0 0 0 0 100 0 0 0 0 190 0 310 0 0 0 100 0 1 760715 1 764567 0 120652 0 0 0 100 0 0 0 0 254 0 380 0 0 0 100 0 0 0 0 3986 0 2362 
1576696700 347 3 0 0 87816533 390086 0 0 0 0 0 0 10289883 121713 0 0 463 2760628 1010132 3770760 3909628 11264 3920892 120 1 0 0 0 0 100 0 0 0 0 190 0 310 0 0 0 100 0 3 760718 3 764570 0 120652 0 0 0 99 0 0 0 0 254 0 380 0 0 0 99 0 0 0 0 3986 0 2362 
1576696701 219 1 0 0 87816752 390087 0 0 0 0 0 0 10289883 121713 0 0 764 2760692 1010068 3770760 3909628 11264 3920892 120 1 0 0 0 0 99 0 0 0 0 190 0 310 0 0 0 100 0 2 760720 2 764572 0 120652 0 0 0 99 0 0 0 0 254 0 380 0 0 2 97 0 0 0 0 3986 0 2362 
1576696702 219 1 0 0 87816971 390088 0 0 0 0 0 0 10289883 121713 0 0 130 2760440 1010320 3770760 3909628 11264 3920892 120 1 0 0 0 1 100 0 0 0 0 190 0 310 0 0 0 99 1 1 760721 1 764573 0 120652 0 0 0 99 0 0 0 0 254 0 380 0 0 1 99 1 0 0 0 3986 0 2362 
1576696703 219 1 0 0 87817190 390089 0 0 0 0 0 0 10289883 121713 0 0 435 2760504 1010256 3770760 3909628 11264 3920892 120 1 0 0 0 0 99 0 0 0 0 190 0 310 0 0 0 100 0 2 760723 2 764575 1 120653 0 0 0 99 0 0 0 0 254 0 380 0 0 1 99 0 0 0 0 3986 0 2362 
1576696704 0 0 0 0 87817190 390089 0 0 0 0 0 0 10289883 121713 0 0 90 2760440 1010320 3770760 3909628 11264 3920892 120 1 0 0 0 0 99 0 0 0 0 190 0 310 0 0 0 100 0 0 760723 0 764575 0 120653 0 0 0 100 0 0 0 0 254 0 380 0 0 0 100 0 0 0 0 3986 0 2362 
1576696705 0 0 0 0 87817190 390089 0 0 0 0 0 0 10289883 121713 0 0 684 2760312 1010448 3770760 3909628 11264 3920892 120 1 0 0 0 0 99 0 0 0 0 190 0 310 0 0 0 100 0 1 760724 1 764576 0 120653 0 0 0 100 0 0 0 0 254 0 380 0 0 1 97 0 0 0 0 3986 0 2362 
1576696706 0 0 0 0 87817190 390089 0 0 0 0 0 0 10289883 121713 0 0 278 2760020 1010740 3770760 3909628 11264 3920892 120 1 0 0 0 0 100 0 0 0 0 190 0 310 0 0 0 99 0 0 760724 0 764576 0 120653 0 0 0 99 0 0 0 0 254 0 380 0 0 0 99 0 0 0 0 3986 0 2362 
1576696707 0 0 0 0 87817190 390089 0 0 0 0 0 0 10289883 121713 0 0 340 2760156 1010604 3770760 3909628 11264 3920892 120 1 0 0 0 0 100 0 0 0 0 190 0 310 0 0 0 100 0 1 760725 1 764577 0 120653 0 0 0 100 0 0 0 0 254 0 380 0 0 0 99 0 0 0 0 3986 0 2362 
1576696708 0 0 0 0 87817190 390089 0 0 0 0 0 0 10289883 121713 0 0 150 2760156 1010604 3770760 3909628 11264 3920892 119 1 0 0 0 0 100 0 0 0 0 190 0 310 0 0 0 100 0 0 760725 0 764577 0 120653 0 0 1 99 0 0 0 0 254 0 380 0 0 0 99 0 0 0 0 3986 0 2362 
1576696709 0 0 0 0 87817190 390089 0 0 0 0 0 0 10289883 121713 0 0 429 2760060 1010700 3770760 3909628 11264 3920892 119 1 0 0 0 0 100 0 0 0 0 190 0 310 0 0 0 99 0 1 760726 1 764578 1 120654 0 0 0 100 0 0 0 0 254 0 380 0 0 1 99 0 0 0 0 3986 0 2362 
1576696710 0 0 0 0 87817190 390089 0 0 0 0 0 0 10289883 121713 0 0 237 2760028 1010732 3770760 3909628 11264 3920892 119 1 0 0 0 0 100 0 0 0 0 190 0 310 0 0 1 100 0 0 760726 0 764578 0 120654 0 0 0 100 0 0 0 0 254 0 380 0 0 0 100 0 0 0 0 3986 0 2362 
1576696711 64 1 0 0 87817254 390090 0 0 64 1 0 0 10289947 121714 0 0 1473 2764608 1006152 3770760 3909628 11264 3920892 115 1 0 0 0 0 99 0 0 0 0 190 0 310 0 0 4 96 0 3 760729 3 764581 0 120654 1 0 1 97 0 0 0 0 254 0 380 1 0 2 95 0 0 0 0 3986 0 2362 
1576696712 64 1 0 0 87817318 390091 0 0 0 0 0 0 10289947 121714 0 0 124 2764800 1005960 3770760 3909628 11264 3920892 115 1 0 0 0 0 100 0 0 0 0 190 0 310 0 0 0 99 1 1 760730 1 764582 0 120654 0 0 0 100 0 0 0 0 254 0 380 0 0 0 100 0 0 0 0 3986 0 2362 
1576696713 258 1 0 0 87817576 390092 0 0 308 2 0 0 10290255 121716 0 0 156 2764800 1005960 3770760 3909628 11264 3920892 115 1 0 1 0 0 99 0 0 0 0 190 0 310 0 0 0 100 0 4 760734 4 764586 0 120654 0 0 0 100 0 0 0 0 254 0 380 0 0 0 100 0 0 0 0 3986 0 2362 
1576696714 64 1 0 0 87817640 390093 0 0 0 0 0 0 10290255 121716 0 0 457 2764800 1005960 3770760 3909628 11264 3920892 115 1 0 0 0 1 100 0 0 0 0 190 0 310 0 0 0 100 0 1 760735 1 764587 1 120655 0 0 0 100 0 0 0 0 254 0 380 0 0 1 98 0 0 0 0 3986 0 2362 
1576696715 0 0 0 0 87817640 390093 0 0 0 0 0 0 10290255 121716 0 0 131 2764800 1005960 3770760 3909628 11264 3920892 115 1 0 0 0 0 100 0 0 0 0 190 0 310 0 0 0 100 0 1 760736 1 764588 0 120655 0 0 0 100 0 0 0 0 254 0 380 0 0 0 100 0 0 0 0 3986 0 2362 
1576696716 64 1 0 0 87817704 390094 0 0 64 1 0 0 10290319 121717 0 0 429 2765304 1005456 3770760 3909628 11264 3920892 115 1 0 0 0 0 100 0 0 0 0 190 0 310 0 0 0 100 0 2 760738 2 764590 0 120655 0 0 0 100 0 0 0 0 254 0 380 0 0 3 99 0 0 0 0 3986 0 2362 
1576696717 0 0 0 0 87817704 390094 0 0 0 0 0 0 10290319 121717 0 0 104 2765304 1005456 3770760 3909628 11264 3920892 115 2 0 0 0 0 100 0 0 0 0 190 0 310 0 0 0 98 2 1 760739 1 764591 0 120655 0 0 0 100 0 0 0 0 254 0 380 0 0 0 100 0 0 0 0 3986 0 2362 
1576696718 0 0 0 0 87817704 390094 0 0 0 0 0 0 10290319 121717 0 0 90 2765304 1005456 3770760 3909628 11264 3920892 115 1 0 0 0 0 100 0 0 0 0 190 0 310 0 0 0 100 0 0 760739 0 764591 0 120655 0 0 0 100 0 0 0 0 254 0 380 0 0 0 100 0 0 0 0 3986 0 2362 
1576696719 90 1 0 0 87817794 390095 0 0 90 1 0 0 10290409 121718 0 0 422 2765240 1005520 3770760 3909628 11264 3920892 115 1 0 0 0 0 100 0 0 0 0 190 0 310 0 0 1 100 0 3 760742 3 764594 1 120656 0 0 0 100 0 0 0 0 254 0 380 0 0 0 99 0 0 0 0 3986 0 2362 
1576696720 0 0 0 0 87817794 390095 0 0 0 0 0 0 10290409 121718 0 0 435 2765368 1005392 3770760 3909628 11264 3920892 115 1 0 0 0 0 100 0 0 0 0 190 0 310 0 0 0 100 0 0 760742 0 764594 0 120656 0 0 0 100 0 0 0 0 254 0 380 0 0 0 99 0 0 0 0 3986 0 2362 
1576696721 0 0 0 0 87817794 390095 0 0 0 0 0 0 10290409 121718 0 0 459 2765296 1005464 3770760 3909628 11264 3920892 115 1 0 0 0 0 100 0 0 0 0 190 0 310 0 0 0 100 0 1 760743 1 764595 0 120656 0 0 1 100 0 0 0 0 254 0 380 0 0 1 98 0 0 0 0 3986 0 2362 
1576696722 180 2 0 0 87817974 390097 0 0 0 0 0 0 10290409 121718 0 0 797 2765368 1005392 3770760 3909628 11264 3920892 115 1 0 0 0 0 100 0 0 0 0 190 0 310 0 0 0 99 0 2 760745 2 764597 0 120656 0 0 0 100 0 0 0 0 254 0 380 0 0 1 97 0 0 0 0 3986 0 2362 
1576696723 0 0 0 0 87817974 390097 0 0 0 0 0 0 10290409 121718 0 0 94 2765304 1005456 3770760 3909628 11264 3920892 115 1 0 0 0 0 100 0 0 0 0 190 0 310 0 0 0 100 0 1 760746 1 764598 0 120656 0 0 0 100 0 0 0 0 254 0 380 0 0 0 100 0 0 0 0 3986 0 2362 
1576696724 82 1 0 0 87818056 390098 0 0 90 1 0 0 10290499 121719 0 0 95 2765304 1005456 3770760 3909628 11264 3920892 115 1 0 0 0 0 100 0 0 0 0 190 0 310 0 0 0 100 0 2 760748 2 764600 1 120657 0 0 0 100 0 0 0 0 254 0 380 0 0 0 100 0 0 0 0 3986 0 2362 
1576696725 178 2 0 0 87818234 390100 0 0 0 0 0 0 10290499 121719 0 0 129 2765304 1005456 3770760 3909628 11264 3920892 115 1 0 0 0 0 100 0 0 0 0 190 0 310 0 0 0 100 0 3 760751 3 764603 0 120657 0 0 0 100 0 0 0 0 254 0 380 0 0 0 100 0 0 0 0 3986 0 2362 
1576696726 90 1 0 0 87818324 390101 0 0 90 1 0 0 10290589 121720 0 0 524 2764916 1005844 3770760 3909628 11264 3920892 115 1 0 0 0 0 100 0 0 0 0 190 0 310 0 0 0 99 0 2 760753 2 764605 0 120657 0 0 0 100 0 0 0 0 254 0 380 0 0 1 98 0 0 0 0 3986 0 2362 
1576696727 90 1 0 0 87818414 390102 0 0 0 0 0 0 10290589 121720 0 0 384 2765052 1005708 3770760 3909628 11264 3920892 115 1 0 0 0 0 100 0 0 0 0 190 0 310 0 0 0 100 0 2 760755 2 764607 0 120657 0 0 0 100 0 0 0 0 254 0 380 0 0 0 99 0 0 0 0 3986 0 2362 
1576696728 0 0 0 0 87818414 390102 0 0 0 0 0 0 10290589 121720 0 0 407 2765052 1005708 3770760 3909628 11264 3920892 115 1 0 1 0 0 100 0 0 0 0 190 0 310 0 0 1 100 0 0 760755 0 764607 0 120657 1 0 0 100 0 0 0 0 254 0 380 1 0 1 98 0 0 0 0 3986 0 2362 
1576696729 270 3 0 0 87818684 390105 0 0 82 1 0 0 10290671 121721 0 0 585 2764988 1005772 3770760 3909628 11264 3920892 115 1 0 0 0 0 100 0 0 0 0 190 0 310 0 0 0 100 0 5 760760 5 764612 1 120658 0 0 0 100 0 0 0 0 254 0 380 0 0 1 98 0 0 0 0 3986 0 2362 
1576696730 90 1 0 0 87818774 390106 0 0 0 0 0 0 10290671 121721 0 0 279 2765052 1005708 3770760 3909628 11264 3920892 115 1 0 0 0 0 100 0 0 0 0 190 0 310 0 0 0 100 0 1 760761 1 764613 0 120658 0 0 0 100 0 0 0 0 254 0 380 0 0 0 99 0 0 0 0 3986 0 2362 
1576696731 0 0 0 0 87818774 390106 0 0 0 0 0 0 10290671 121721 0 0 134 2765304 1005456 3770760 3909628 11264 3920892 115 1 0 0 0 0 100 0 0 0 0 190 0 310 0 0 0 99 0 1 760762 1 764614 0 120658 0 0 0 100 0 0 0 0 254 0 380 0 0 0 99 0 0 0 0 3986 0 2362 
1576696732 154 2 0 0 87818928 390108 0 0 0 0 0 0 10290671 121721 0 0 425 2765304 1005456 3770760 3909628 11264 3920892 115 1 0 0 0 1 100 0 0 0 0 190 0 310 0 0 0 100 0 2 760764 2 764616 0 120658 0 0 0 100 0 0 0 0 254 0 380 0 0 1 98 0 0 0 0 3986 0 2362 
1576696733 180 2 0 0 87819108 390110 0 0 0 0 0 0 10290671 121721 0 0 435 2765304 1005456 3770760 3909628 11264 3920892 115 1 0 0 0 1 100 0 0 0 0 190 0 310 0 0 0 100 0 3 760767 3 764619 0 120658 0 0 0 100 0 0 0 0 254 0 380 0 0 0 99 0 0 0 0 3986 0 2362 
1576696734 90 1 0 0 87819198 390111 0 0 0 0 0 0 10290671 121721 0 0 107 2765304 1005456 3770760 3909628 11264 3920892 115 1 0 0 0 0 100 0 0 0 0 190 0 310 0 0 0 100 0 1 760768 1 764620 1 120659 0 0 0 100 0 0 0 0 254 0 380 0 0 0 100 0 0 0 0 3986 0 2362 
1576696735 0 0 0 0 87819198 390111 0 0 0 0 0 0 10290671 121721 0 0 183 2765176 1005584 3770760 3909628 11264 3920892 115 1 0 0 0 0 100 0 0 0 0 190 0 310 0 0 0 100 0 1 760769 1 764621 0 120659 0 0 0 100 0 0 0 0 254 0 380 0 0 0 100 0 0 0 0 3986 0 2362 
1576696736 154 2 0 0 87819352 390113 0 0 64 1 0 0 10290735 121722 0 0 846 2765216 1005544 3770760 3909628 11264 3920892 115 1 0 0 0 1 100 0 0 0 0 190 0 310 0 0 0 100 0 3 760772 3 764624 0 120659 0 0 0 100 0 0 0 0 254 0 380 0 0 2 96 0 0 0 0 3986 0 2362 
1576696737 0 0 0 0 87819352 390113 0 0 0 0 0 0 10290735 121722 0 0 316 2765304 1005456 3770760 3909628 11264 3920892 115 1 0 0 0 0 100 0 0 0 0 190 0 310 0 0 1 99 0 1 760773 1 764625 0 120659 0 0 0 100 0 0 0 0 254 0 380 0 0 0 99 0 0 0 0 3986 0 2362 
1576696738 90 1 0 0 87819442 390114 0 0 0 0 0 0 10290735 121722 0 0 739 2765368 1005392 3770760 3909628 11264 3920892 115 1 0 0 0 1 100 0 0 0 0 190 1 311 0 0 0 100 0 1 760774 1 764626 0 120659 0 0 0 100 0 0 0 0 254 0 380 0 0 2 97 0 0 0 0 3986 0 2362 
1576696740 64 1 0 0 87819506 390115 0 0 0 0 0 0 10290735 121722 0 0 97 2765304 1005456 3770760 3909628 11264 3920892 115 1 0 0 0 0 100 0 0 0 0 190 0 311 0 0 0 100 0 2 760776 2 764628 1 120660 0 0 0 100 0 0 0 0 254 0 380 0 0 0 100 0 0 0 0 3986 0 2362 
1576696741 90 1 0 0 87819596 390116 0 0 0 0 0 0 10290735 121722 0 0 169 2765176 1005584 3770760 3909628 11264 3920892 115 1 0 0 0 0 100 0 0 0 0 190 0 311 0 0 0 100 0 1 760777 1 764629 0 120660 0 0 0 100 0 0 0 0 254 0 380 0 0 0 100 0 0 0 0 3986 0 2362 
1576696742 1216 19 0 0 87820812 390135 0 0 64 1 0 0 10290799 121723 0 0 996 2765272 1005488 3770760 3909628 11264 3920892 115 1 0 0 0 0 99 0 0 0 0 190 0 311 0 0 0 99 0 21 760798 21 764650 0 120660 0 0 0 100 0 0 0 0 254 0 380 0 0 3 96 0 0 0 0 3986 0 2362 
1576696743 410 6 0 0 87821222 390141 0 0 64 1 0 0 10290863 121724 0 0 290 2765112 1005648 3770760 3909628 11264 3920892 115 1 0 0 0 0 99 0 0 0 0 190 0 311 0 0 1 100 0 5 760804 6 764656 0 120660 0 0 1 100 0 0 0 0 254 0 380 0 0 0 99 0 0 0 1 3987 0 2362 
1576696744 0 0 0 0 87821222 390141 0 0 0 0 0 0 10290863 121724 0 0 276 2765240 1005520 3770760 3909628 11264 3920892 115 1 0 0 0 0 100 0 0 0 0 190 0 311 0 0 0 100 0 1 760805 1 764657 0 120660 0 0 0 100 0 0 0 0 254 0 380 0 0 0 99 0 0 0 0 3987 0 2362 
1576696745 0 0 0 0 87821222 390141 0 0 0 0 0 0 10290863 121724 0 0 1143 2765240 1005520 3770760 3909628 11264 3920892 115 1 0 1 0 0 99 0 0 0 0 190 0 311 1 0 0 100 0 0 760805 0 764657 1 120661 0 0 0 100 0 0 0 0 254 0 380 0 0 1 95 0 0 0 0 3987 0 2362 
1576696746 0 0 0 0 87821222 390141 0 0 0 0 0 0 10290863 121724 0 0 679 2765208 1005552 3770760 3909628 11264 3920892 115 1 0 0 0 0 100 0 0 0 0 190 0 311 0 0 0 100 0 1 760806 1 764658 0 120661 0 0 0 100 0 0 0 0 254 0 380 0 0 1 98 0 0 0 0 3987 0 2362 
1576696747 0 0 0 0 87821222 390141 0 0 0 0 0 0 10290863 121724 0 0 127 2764696 1006064 3770760 3909628 11264 3920892 115 1 0 0 0 0 100 0 0 0 0 190 0 311 0 0 0 100 0 0 760806 0 764658 0 120661 0 0 0 100 0 0 0 0 254 0 380 0 0 0 100 0 0 0 0 3987 0 2362 
1576696748 0 0 0 0 87821222 390141 0 0 0 0 0 0 10290863 121724 0 0 103 2764704 1006056 3770760 3909628 11264 3920892 115 1 0 0 0 0 100 0 0 0 0 190 0 311 0 0 0 99 1 1 760807 1 764659 0 120661 0 0 0 100 0 0 0 0 254 0 380 0 0 0 100 0 0 0 0 3987 0 2362 
1576696749 0 0 0 0 87821222 390141 0 0 0 0 0 0 10290863 121724 0 0 91 2764704 1006056 3770760 3909628 11264 3920892 115 1 0 0 0 0 100 0 0 0 0 190 0 311 0 0 0 100 0 0 760807 0 764659 0 120661 0 0 0 100 0 0 0 0 254 0 380 0 0 0 100 0 0 0 0 3987 0 2362 
1576696750 0 0 0 0 87821222 390141 0 0 0 0 0 0 10290863 121724 0 0 88 2764704 1006056 3770760 3909628 11264 3920892 115 1 0 0 0 0 100 0 0 0 0 190 0 311 0 0 0 100 0 1 760808 1 764660 1 120662 0 0 0 100 0 0 0 0 254 0 380 0 0 0 100 0 0 0 0 3987 0 2362 
1576696751 64 1 0 0 87821286 390142 0 0 0 0 0 0 10290863 121724 0 0 163 2764576 1006184 3770760 3909628 11264 3920892 115 1 0 0 0 0 99 0 0 0 0 190 0 311 0 0 0 100 0 1 760809 1 764661 0 120662 0 0 0 100 0 0 0 0 254 0 380 0 0 0 100 0 0 0 0 3987 0 2362 
1576696752 0 0 0 0 87821286 390142 0 0 0 0 0 0 10290863 121724 0 0 742 2764076 1006684 3770760 3909628 11264 3920892 115 1 0 0 0 0 100 0 0 0 0 190 0 311 0 0 0 100 0 1 760810 1 764662 0 120662 0 0 0 100 0 0 0 0 254 0 380 0 0 4 97 0 0 0 0 3987 0 2362 
1576696753 0 0 0 0 87821286 390142 0 0 0 0 0 0 10290863 121724 0 0 100 2764136 1006624 3770760 3909628 11264 3920892 115 1 0 0 0 0 100 0 0 0 0 190 0 311 0 0 0 99 0 0 760810 0 764662 0 120662 0 0 0 100 0 0 0 0 254 0 380 0 0 0 100 0 0 0 0 3987 0 2362 
1576696754 0 0 0 0 87821286 390142 0 0 0 0 0 0 10290863 121724 0 0 96 2764136 1006624 3770760 3909628 11264 3920892 115 1 0 0 0 0 100 0 0 0 0 190 0 311 0 0 0 100 0 1 760811 1 764663 0 120662 0 0 0 100 0 0 0 0 254 0 380 0 0 0 100 0 0 0 0 3987 0 2362 
1576696755 0 0 0 0 87821286 390142 0 0 0 0 0 0 10290863 121724 0 0 417 2764136 1006624 3770760 3909628 11264 3920892 115 1 0 0 0 0 100 0 0 0 0 190 0 311 0 0 0 100 0 0 760811 0 764663 1 120663 0 0 0 100 0 0 0 0 254 0 380 0 0 0 98 0 0 0 0 3987 0 2362 
1576696756 0 0 0 0 87821286 390142 0 0 0 0 0 0 10290863 121724 0 0 94 2764136 1006624 3770760 3909628 11264 3920892 115 1 0 0 0 0 100 0 0 0 0 190 0 311 0 0 0 100 0 1 760812 1 764664 0 120663 0 0 0 100 0 0 0 0 254 0 380 0 0 0 101 0 0 0 0 3987 0 2362 
1576696757 0 0 0 0 87821286 390142 0 0 0 0 0 0 10290863 121724 0 0 125 2764336 1006424 3770760 3909628 11264 3920892 115 1 0 0 0 0 100 0 0 0 0 190 0 311 0 0 0 99 0 0 760812 0 764664 0 120663 0 0 0 100 0 0 0 0 254 0 380 0 0 0 99 0 0 0 0 3987 0 2362 
1576696758 90 1 0 0 87821376 390143 0 0 90 1 0 0 10290953 121725 0 0 449 2764452 1006308 3770760 3909628 11264 3920892 115 1 0 0 0 0 100 0 0 0 0 190 0 311 0 0 0 100 1 3 760815 3 764667 0 120663 0 0 0 100 0 0 0 0 254 0 380 0 0 1 98 0 0 0 0 3987 0 2362 
1576696759 64 1 0 0 87821440 390144 0 0 0 0 0 0 10290953 121725 0 0 151 2764388 1006372 3770760 3909628 11264 3920892 115 1 0 0 0 0 100 0 0 0 0 190 0 311 0 0 1 100 0 1 760816 1 764668 0 120663 0 0 0 100 0 0 0 0 254 0 380 0 0 0 100 0 0 0 0 3987 0 2362 
1576696760 0 0 0 0 87821440 390144 0 0 0 0 0 0 10290953 121725 0 0 497 2764196 1006564 3770760 3909628 11264 3920892 115 1 0 1 0 0 100 0 0 0 0 190 0 311 0 0 0 100 0 1 760817 1 764669 1 120664 0 0 0 100 0 0 0 0 254 0 380 0 0 0 98 0 0 0 0 3987 0 2362 
1576696761 90 1 0 0 87821530 390145 0 0 0 0 0 0 10290953 121725 0 0 415 2764260 1006500 3770760 3909628 11264 3920892 115 1 0 0 0 0 100 0 0 0 0 190 0 311 0 0 0 100 0 1 760818 1 764670 0 120664 0 0 0 100 0 0 0 0 254 0 380 0 0 1 98 0 0 0 0 3987 0 2362 
1576696762 90 1 0 0 87821620 390146 0 0 0 0 0 0 10290953 121725 0 0 427 2764396 1006364 3770760 3909628 11264 3920892 115 1 0 0 0 0 100 0 0 0 0 190 0 311 0 0 0 100 0 2 760820 2 764672 0 120664 0 0 1 100 0 0 0 0 254 0 380 0 0 1 99 0 0 0 0 3987 0 2362 
1576696763 0 0 0 0 87821620 390146 0 0 0 0 0 0 10290953 121725 0 0 450 2764388 1006372 3770760 3909628 11264 3920892 115 1 0 0 0 0 100 0 0 0 0 190 0 311 0 0 0 99 0 0 760820 0 764672 0 120664 0 0 0 100 0 0 0 0 254 0 380 0 0 0 98 0 0 0 0 3987 0 2362 
1576696764 64 1 0 0 87821684 390147 0 0 64 1 0 0 10291017 121726 0 0 103 2764388 1006372 3770760 3909628 11264 3920892 115 1 0 0 0 1 100 0 0 0 0 190 0 311 0 0 1 100 0 3 760823 3 764675 0 120664 0 0 0 100 0 0 0 0 254 0 380 0 0 0 100 0 0 0 0 3987 0 2362 
1576696765 90 1 0 0 87821774 390148 0 0 90 1 0 0 10291107 121727 0 0 765 2764388 1006372 3770760 3909628 11264 3920892 115 1 0 0 0 0 100 0 0 0 0 190 0 311 0 0 0 100 0 2 760825 2 764677 1 120665 0 0 0 100 0 0 0 0 254 0 380 0 0 2 97 0 0 0 0 3987 0 2362 
1576696766 154 2 0 0 87821928 390150 0 0 0 0 0 0 10291107 121727 0 0 125 2764388 1006372 3770760 3909628 11264 3920892 115 1 0 0 0 0 100 0 0 0 0 190 0 311 0 0 0 100 0 3 760828 3 764680 0 120665 0 0 0 100 0 0 0 0 254 0 380 0 0 0 100 0 0 0 0 3987 0 2362 
1576696767 0 0 0 0 87821928 390150 0 0 0 0 0 0 10291107 121727 0 0 129 2763884 1006876 3770760 3909628 11264 3920892 115 1 0 0 0 1 100 0 0 0 0 190 0 311 0 0 0 100 0 0 760828 0 764680 0 120665 0 0 0 100 0 0 0 0 254 0 380 0 0 0 100 0 0 0 0 3987 0 2362 
1576696768 180 2 0 0 87822108 390152 0 0 0 0 0 0 10291107 121727 0 0 727 2763948 1006812 3770760 3909628 11264 3920892 115 1 0 0 0 0 99 0 0 0 0 190 0 311 0 0 0 99 1 3 760831 3 764683 0 120665 0 0 0 100 0 0 0 0 254 0 380 0 0 1 97 0 0 0 0 3987 0 2362 
1576696769 64 1 0 0 87822172 390153 0 0 64 1 0 0 10291171 121728 0 0 96 2763884 1006876 3770760 3909628 11264 3920892 115 1 0 0 0 0 99 0 0 0 0 190 0 311 0 0 0 100 0 2 760833 2 764685 0 120665 0 0 0 100 0 0 0 0 254 0 380 0 0 0 100 0 0 0 0 3987 0 2362 
1576696770 90 1 0 0 87822262 390154 0 0 0 0 0 0 10291171 121728 0 0 552 2763628 1007132 3770760 3909628 11264 3920892 115 1 0 0 0 0 99 0 0 0 0 190 0 311 0 0 0 100 0 1 760835 2 764687 1 120666 0 0 0 100 0 0 0 0 254 0 380 0 0 1 98 0 0 0 0 3987 0 2362 
1576696771 90 1 0 0 87822352 390155 0 0 0 0 0 0 10291171 121728 0 0 1757 2763660 1007100 3770760 3909628 11264 3920892 115 1 0 0 0 0 100 0 0 0 0 190 0 311 0 0 0 99 0 1 760836 1 764688 0 120666 0 0 0 100 0 0 0 0 254 0 380 0 0 8 92 0 0 0 0 3987 0 2362 
1576696772 0 0 0 0 87822352 390155 0 0 0 0 0 0 10291171 121728 0 0 879 2763976 1006784 3770760 3909628 11264 3920892 115 1 0 0 0 1 100 0 0 0 0 190 0 311 1 0 0 100 0 1 760837 1 764689 0 120666 0 0 0 100 0 0 0 0 254 0 380 0 0 2 96 0 0 0 0 3987 0 2362 
1576696773 180 2 0 0 87822532 390157 0 0 0 0 0 0 10291171 121728 0 0 287 2764072 1006688 3770760 3909628 11264 3920892 115 1 0 0 0 0 100 0 0 0 0 190 0 311 0 0 0 100 0 3 760840 3 764692 0 120666 0 0 0 100 0 0 0 0 254 0 380 0 0 0 99 0 0 0 0 3987 0 2362 
1576696774 0 0 0 0 87822532 390157 0 0 0 0 0 0 10291171 121728 0 0 724 2764200 1006560 3770760 3909628 11264 3920892 115 1 0 0 0 0 100 0 0 0 0 190 0 311 0 0 0 100 0 0 760840 0 764692 0 120666 1 0 1 100 0 0 0 0 254 0 380 0 0 2 97 0 0 0 0 3987 0 2362 
1576696775 0 0 0 0 87822532 390157 0 0 0 0 0 0 10291171 121728 0 0 437 2764008 1006752 3770760 3909628 11264 3920892 115 1 0 0 0 0 100 0 0 0 0 190 0 311 0 0 0 99 0 0 760840 0 764692 1 120667 0 0 0 100 0 0 0 0 254 0 380 0 0 1 98 0 0 0 0 3987 0 2362 
1576696776 0 0 0 0 87822532 390157 0 0 0 0 0 0 10291171 121728 0 0 283 2763976 1006784 3770760 3909628 11264 3920892 115 1 0 0 0 0 100 0 0 0 0 190 0 311 0 0 0 100 0 1 760841 1 764693 0 120667 0 0 0 100 0 0 0 0 254 0 380 0 0 1 99 0 0 0 0 3987 0 2362 
1576696777 64 1 0 0 87822596 390158 0 0 0 0 0 0 10291171 121728 0 0 956 2764064 1006696 3770760 3909628 11264 3920892 115 1 0 0 0 0 99 0 0 0 0 190 0 311 0 0 0 100 0 2 760843 2 764695 0 120667 0 0 0 100 0 0 0 0 254 0 380 0 0 1 96 0 0 0 0 3987 0 2362 
1576696778 0 0 0 0 87822596 390158 0 0 0 0 0 0 10291171 121728 0 0 129 2762804 1007956 3770760 3909628 11264 3920892 116 1 0 1 0 1 99 0 0 0 0 190 0 311 0 0 0 100 0 0 760843 0 764695 0 120667 0 0 0 100 0 0 0 0 254 0 380 0 0 0 100 0 0 0 0 3987 0 2362 
1576696779 0 0 0 0 87822596 390158 0 0 0 0 0 0 10291171 121728 0 0 100 2762804 1007956 3770760 3909628 11264 3920892 116 1 0 0 0 0 100 0 0 0 0 190 0 311 0 0 0 100 0 1 760844 1 764696 1 120668 0 0 0 100 0 0 0 0 254 0 380 0 0 0 100 0 0 0 0 3987 0 2362 
1576696780 0 0 0 0 87822596 390158 0 0 0 0 0 0 10291171 121728 0 0 93 2762804 1007956 3770760 3909628 11264 3920892 116 1 0 0 0 0 100 0 0 0 0 190 0 311 0 0 0 100 0 0 760844 0 764696 0 120668 0 0 0 100 0 0 0 0 254 0 380 0 0 0 100 0 0 0 0 3987 0 2362 
1576696781 0 0 0 0 87822596 390158 0 0 0 0 0 0 10291171 121728 0 0 749 2762932 1007828 3770760 3909628 11264 3920892 116 1 0 1 0 0 100 0 0 0 0 190 0 311 0 0 1 100 0 1 760845 1 764697 0 120668 1 0 0 100 0 0 0 0 254 0 380 0 0 1 97 0 0 0 0 3987 0 2362 
1576696782 90 1 0 0 87822686 390159 0 0 0 0 0 0 10291171 121728 0 0 125 2763056 1007704 3770760 3909628 11264 3920892 116 1 0 0 0 0 100 0 0 0 0 190 0 311 0 0 0 100 0 1 760846 1 764698 0 120668 0 0 0 100 0 0 0 0 254 0 380 0 0 0 99 0 0 0 0 3987 0 2362 
1576696783 0 0 0 0 87822686 390159 0 0 0 0 0 0 10291171 121728 0 0 577 2762800 1007960 3770760 3909628 11264 3920892 116 1 0 0 0 0 99 0 0 0 0 190 0 311 0 0 0 99 0 1 760847 1 764699 0 120668 0 0 0 100 0 0 0 0 254 0 380 0 0 1 97 0 0 0 0 3987 0 2362 
1576696784 90 1 0 0 87822776 390160 0 0 0 0 0 0 10291171 121728 0 0 902 2763056 1007704 3770760 3909628 11264 3920892 116 1 0 0 0 0 99 0 0 0 0 190 0 311 0 0 0 100 0 1 760848 1 764700 0 120668 0 0 0 100 0 0 0 0 254 0 380 0 0 1 96 0 0 0 0 3987 0 2362 
1576696785 64 1 0 0 87822840 390161 0 0 0 0 0 0 10291171 121728 0 0 104 2763056 1007704 3770760 3909628 11264 3920892 116 1 0 0 0 0 100 0 0 0 0 190 0 311 0 0 0 100 0 2 760850 2 764702 1 120669 0 0 0 100 0 0 0 0 254 0 380 0 0 0 100 0 0 0 0 3987 0 2362 
1576696785 204 2 0 0 87823044 390163 0 0 0 0 0 0 10291171 121728 0 0 99 2763256 1007504 3770760 3909628 11264 3920892 115 3 0 0 0 0 73 0 0 0 0 190 0 311 0 0 0 72 0 2 760852 2 764704 0 120669 0 0 1 73 0 0 0 0 254 0 380 0 0 0 73 0 0 0 0 3987 0 2362 
