1576696673 1576696673919 642.82
1576696673 1576696673998 461.1194
1576696675 1576696675540 424.8018
1576696675 1576696675807 339.0389
1576696676 1576696676170 318.6335
1576696677 1576696677705 407.3636
1576696679 1576696679633 356.5945
1576696679 1576696679871 353.2359
1576696681 1576696681168 371.0377
1576696682 1576696682169 600.6863
1576696682 1576696682260 559.6572
1576696682 1576696682379 587.0412
1576696683 1576696683736 418.282
1576696684 1576696684100 325.0628
1576696685 1576696685062 361.8132
1576696685 1576696685881 425.7386
1576696686 1576696686595 408.8886
1576696686 1576696686815 355.9104
1576696687 1576696687072 342.6852
1576696688 1576696688114 530.0119
1576696688 1576696688114 582.4427
1576696690 1576696690182 428.5893
1576696691 1576696691255 319.7891
1576696691 1576696691510 331.5809
1576696691 1576696691831 314.9164
1576696692 1576696692535 388.7245
1576696695 1576696695503 422.7622
1576696697 1576696697042 412.3019
1576696698 1576696698991 412.8449
1576696700 1576696700189 465.38
1576696700 1576696700314 438.663
1576696702 1576696702369 387.582
1576696704 1576696704108 606.527
1576696704 1576696704722 441.4025
1576696705 1576696705852 363.3283
1576696708 1576696708186 317.3051
1576696709 1576696709843 356.8084
1576696710 1576696710458 394.8154
1576696710 1576696710682 357.3157
1576696713 1576696713427 442.8908
1576696714 1576696714968 362.8616
1576696718 1576696718549 372.2884
1576696719 1576696719265 389.7828
1576696720 1576696720187 436.2468
1576696721 1576696721208 350.5603
1576696721 1576696721547 318.6048
1576696724 1576696724999 382.1886
1576696725 1576696725923 403.5479
1576696727 1576696727355 422.6387
1576696728 1576696728482 358.7268
1576696728 1576696728865 322.7748
1576696731 1576696731762 402.6413
1576696732 1576696732682 408.2786
1576696734 1576696734931 345.8009
1576696735 1576696735546 389.0315
1576696735 1576696735899 318.7438
1576696737 1576696737320 446.6287
1576696737 1576696737482 379.7662
1576696739 1576696739946 413.6511
1576696740 1576696740462 379.5169
1576696740 1576696740770 316.8018
1576696741 1576696741894 378.893
1576696743 1576696743328 432.8753
1576696743 1576696743741 508.9618
1576696743 1576696743969 631.8503
1576696744 1576696744017 669.2075
1576696744 1576696744158 671.9457
1576696749 1576696749983 444.4732
1576696750 1576696750290 316.4805
1576696753 1576696753268 371.0187
1576696756 1576696756744 351.7717
1576696758 1576696758073 434.958
1576696758 1576696758994 351.5151
1576696760 1576696760017 372.6477
1576696761 1576696761453 428.3329
1576696763 1576696763356 594.2845
1576696763 1576696763377 496.006
1576696766 1576696766565 766.2141
1576696766 1576696766573 595.6273
1576696768 1576696768314 384.9177
1576696769 1576696769349 728.2417
1576696769 1576696769387 727.5417
1576696769 1576696769413 670.211
1576696769 1576696769933 892.3116
1576696769 1576696769984 931.8052
1576696770 1576696770006 901.9999
1576696770 1576696770246 472.3337
1576696770 1576696770963 366.8145
1576696772 1576696772241 462.6893
1576696772 1576696772405 392.6418
1576696773 1576696773330 371.5935
1576696775 1576696775024 399.165
1576696775 1576696775167 406.3395
1576696775 1576696775698 318.209
1576696779 1576696779171 399.4113
1576696779 1576696779527 314.9011
1576696781 1576696781729 412.3778
1576696782 1576696782163 495.6455
1576696782 1576696782201 493.8943
1576696782 1576696782598 315.6969
