1576695590 1576695590508 468.5206
1576695590 1576695590595 117.0653
1576695591 1576695591734 200.9668
1576695592 1576695592148 163.4559
1576695592 1576695592862 150.4891
1576695593 1576695593578 206.8701
1576695594 1576695594192 205.6007
1576695594 1576695594197 194.8427
1576695595 1576695595247 165.4488
1576695595 1576695595391 115.2217
1576695595 1576695595564 119.4811
1576695598 1576695598082 176.2811
1576695600 1576695600570 128.1916
1576695602 1576695602878 117.8676
1576695603 1576695603921 219.3225
1576695604 1576695604331 158.3646
1576695604 1576695604842 209.7531
1576695605 1576695605868 147.4574
1576695607 1576695607329 140.2365
1576695608 1576695608938 341.5462
1576695611 1576695611087 234.1283
1576695613 1576695613552 254.7373
1576695614 1576695614985 177.4993
1576695615 1576695615046 114.4459
1576695616 1576695616517 212.6777
1576695617 1576695617948 162.1222
1576695618 1576695618357 220.5341
1576695618 1576695618420 117.1989
1576695618 1576695618585 121.914
1576695618 1576695618659 116.1045
1576695619 1576695619178 212.8799
1576695619 1576695619757 197.4066
1576695619 1576695619816 116.4062
1576695627 1576695627574 203.3605
1576695629 1576695629622 194.9891
1576695630 1576695630339 220.7502
1576695634 1576695634845 236.5099
1576695634 1576695634965 114.5936
1576695636 1576695636483 240.2247
1576695637 1576695637814 194.7175
1576695638 1576695638121 155.5382
1576695639 1576695639454 132.2808
1576695639 1576695639648 115.6531
1576695639 1576695639792 116.8672
1576695640 1576695640009 113.6708
1576695641 1576695641500 201.1061
1576695642 1576695642217 160.182
1576695642 1576695642830 120.7545
1576695643 1576695643983 117.2596
1576695645 1576695645494 177.0114
1576695645 1576695645578 135.0895
1576695645 1576695645804 117.0506
1576695646 1576695646722 143.547
1576695647 1576695647964 236.9669
1576695648 1576695648190 116.1511
1576695649 1576695649282 175.871
1576695650 1576695650511 197.8873
1576695650 1576695650728 117.9031
1576695652 1576695652349 128.0074
1576695652 1576695652455 115.9565
1576695654 1576695654097 217.364
1576695654 1576695654823 213.2779
1576695655 1576695655835 201.4916
1576695655 1576695655870 115.8515
1576695656 1576695656246 148.9628
1576695657 1576695657577 180.0583
1576695657 1576695657771 290.6396
1576695658 1576695658191 164.9275
1576695658 1576695658908 224.1999
1576695659 1576695659318 143.1966
1576695660 1576695660753 207.5785
1576695662 1576695662903 233.8509
1576695662 1576695662925 118.5295
1576695664 1576695664337 181.6282
1576695666 1576695666079 171.1349
1576695667 1576695667069 114.5313
1576695667 1576695667354 119.7604
1576695667 1576695667454 114.8212
1576695667 1576695667485 113.0344
1576695667 1576695667520 113.8353
1576695667 1576695667815 149.9561
1576695668 1576695668124 194.1075
1576695668 1576695668811 115.4463
1576695668 1576695668968 114.6432
1576695669 1576695669969 234.4801
1576695671 1576695671708 198.2404
1576695671 1576695671827 113.9006
1576695671 1576695671861 113.1382
1576695672 1576695672937 199.9729
1576695675 1576695675397 241.0219
1576695675 1576695675547 115.8008
1576695677 1576695677137 166.9925
1576695679 1576695679313 156.763
1576695680 1576695680928 214.2549
1576695681 1576695681540 226.5215
1576695682 1576695682358 143.4259
1576695683 1576695683282 150.3478
1576695686 1576695686560 105.6009
1576695687 1576695687566 106.3913
1576695688 1576695688340 104.7633
