Linux 4.19.0-6-amd64 (debian) 	12/18/2019 	_x86_64_	(4 CPU)

# Time        UID       PID  minflt/s  majflt/s     VSZ     RSS   %MEM   kB_rd/s   kB_wr/s kB_ccwr/s iodelay  Command
1576695589    117     30221      1.00      0.00 1713112   92384   2.45      0.00   2100.00      0.00       0  mysqld

# Time        UID       PID  minflt/s  majflt/s     VSZ     RSS   %MEM   kB_rd/s   kB_wr/s kB_ccwr/s iodelay  Command
1576695590    117     30221      0.00      0.00 1713112   92384   2.45      0.00      0.00      0.00       0  mysqld

# Time        UID       PID  minflt/s  majflt/s     VSZ     RSS   %MEM   kB_rd/s   kB_wr/s kB_ccwr/s iodelay  Command
1576695591    117     30221      0.00      0.00 1713112   92384   2.45      0.00      0.00      0.00       0  mysqld

# Time        UID       PID  minflt/s  majflt/s     VSZ     RSS   %MEM   kB_rd/s   kB_wr/s kB_ccwr/s iodelay  Command
1576695592    117     30221     96.00      0.00 1846984   92560   2.45      0.00      0.00      0.00       0  mysqld

# Time        UID       PID  minflt/s  majflt/s     VSZ     RSS   %MEM   kB_rd/s   kB_wr/s kB_ccwr/s iodelay  Command
1576695593    117     30221      0.00      0.00 1846984   92560   2.45      0.00      0.00      0.00       0  mysqld

# Time        UID       PID  minflt/s  majflt/s     VSZ     RSS   %MEM   kB_rd/s   kB_wr/s kB_ccwr/s iodelay  Command
1576695594    117     30221      0.00      0.00 1846984   92560   2.45      0.00      0.00      0.00       0  mysqld

# Time        UID       PID  minflt/s  majflt/s     VSZ     RSS   %MEM   kB_rd/s   kB_wr/s kB_ccwr/s iodelay  Command
1576695595    117     30221      0.00      0.00 1846984   92560   2.45      0.00      0.00      0.00       0  mysqld

# Time        UID       PID  minflt/s  majflt/s     VSZ     RSS   %MEM   kB_rd/s   kB_wr/s kB_ccwr/s iodelay  Command
1576695596    117     30221      0.00      0.00 1846984   92560   2.45      0.00      0.00      0.00       0  mysqld

# Time        UID       PID  minflt/s  majflt/s     VSZ     RSS   %MEM   kB_rd/s   kB_wr/s kB_ccwr/s iodelay  Command
1576695597    117     30221      0.00      0.00 1846984   92560   2.45      0.00      0.00      0.00       0  mysqld

# Time        UID       PID  minflt/s  majflt/s     VSZ     RSS   %MEM   kB_rd/s   kB_wr/s kB_ccwr/s iodelay  Command
1576695598    117     30221      0.00      0.00 1846984   92560   2.45      0.00      0.00      0.00       0  mysqld

# Time        UID       PID  minflt/s  majflt/s     VSZ     RSS   %MEM   kB_rd/s   kB_wr/s kB_ccwr/s iodelay  Command
1576695599    117     30221      0.00      0.00 1846984   92560   2.45      0.00      0.00      0.00       0  mysqld

# Time        UID       PID  minflt/s  majflt/s     VSZ     RSS   %MEM   kB_rd/s   kB_wr/s kB_ccwr/s iodelay  Command
1576695600    117     30221      0.00      0.00 1846984   92560   2.45      0.00      0.00      0.00       0  mysqld

# Time        UID       PID  minflt/s  majflt/s     VSZ     RSS   %MEM   kB_rd/s   kB_wr/s kB_ccwr/s iodelay  Command
1576695601    117     30221      0.00      0.00 1846984   92560   2.45      0.00      0.00      0.00       0  mysqld

# Time        UID       PID  minflt/s  majflt/s     VSZ     RSS   %MEM   kB_rd/s   kB_wr/s kB_ccwr/s iodelay  Command
1576695602    117     30221      0.00      0.00 1846984   92560   2.45      0.00      0.00      0.00       0  mysqld

# Time        UID       PID  minflt/s  majflt/s     VSZ     RSS   %MEM   kB_rd/s   kB_wr/s kB_ccwr/s iodelay  Command
1576695603    117     30221      0.00      0.00 1846984   92560   2.45      0.00      0.00      0.00       0  mysqld

# Time        UID       PID  minflt/s  majflt/s     VSZ     RSS   %MEM   kB_rd/s   kB_wr/s kB_ccwr/s iodelay  Command
1576695604    117     30221      0.00      0.00 1846984   92560   2.45      0.00      0.00      0.00       0  mysqld

# Time        UID       PID  minflt/s  majflt/s     VSZ     RSS   %MEM   kB_rd/s   kB_wr/s kB_ccwr/s iodelay  Command
1576695605    117     30221      0.00      0.00 1846984   92644   2.46      0.00      0.00      0.00       0  mysqld

# Time        UID       PID  minflt/s  majflt/s     VSZ     RSS   %MEM   kB_rd/s   kB_wr/s kB_ccwr/s iodelay  Command
1576695606    117     30221      1.00      0.00 1846984   92644   2.46      0.00      0.00      0.00       0  mysqld

# Time        UID       PID  minflt/s  majflt/s     VSZ     RSS   %MEM   kB_rd/s   kB_wr/s kB_ccwr/s iodelay  Command
1576695607    117     30221      0.00      0.00 1846984   92644   2.46      0.00      0.00      0.00       0  mysqld

# Time        UID       PID  minflt/s  majflt/s     VSZ     RSS   %MEM   kB_rd/s   kB_wr/s kB_ccwr/s iodelay  Command
1576695608    117     30221      0.00      0.00 1846984   92644   2.46      0.00      0.00      0.00       0  mysqld

# Time        UID       PID  minflt/s  majflt/s     VSZ     RSS   %MEM   kB_rd/s   kB_wr/s kB_ccwr/s iodelay  Command
1576695609    117     30221      0.00      0.00 1846984   92644   2.46      0.00      0.00      0.00       0  mysqld

# Time        UID       PID  minflt/s  majflt/s     VSZ     RSS   %MEM   kB_rd/s   kB_wr/s kB_ccwr/s iodelay  Command
1576695610    117     30221      0.00      0.00 1846984   92644   2.46      0.00      0.00      0.00       0  mysqld

# Time        UID       PID  minflt/s  majflt/s     VSZ     RSS   %MEM   kB_rd/s   kB_wr/s kB_ccwr/s iodelay  Command
1576695611    117     30221      0.00      0.00 1846984   92644   2.46      0.00      0.00      0.00       0  mysqld

# Time        UID       PID  minflt/s  majflt/s     VSZ     RSS   %MEM   kB_rd/s   kB_wr/s kB_ccwr/s iodelay  Command
1576695612    117     30221      0.00      0.00 1846984   92644   2.46      0.00      0.00      0.00       0  mysqld

# Time        UID       PID  minflt/s  majflt/s     VSZ     RSS   %MEM   kB_rd/s   kB_wr/s kB_ccwr/s iodelay  Command
1576695613    117     30221      0.00      0.00 1846984   92644   2.46      0.00      0.00      0.00       0  mysqld

# Time        UID       PID  minflt/s  majflt/s     VSZ     RSS   %MEM   kB_rd/s   kB_wr/s kB_ccwr/s iodelay  Command
1576695614    117     30221      0.00      0.00 1846984   92644   2.46      0.00      0.00      0.00       0  mysqld

# Time        UID       PID  minflt/s  majflt/s     VSZ     RSS   %MEM   kB_rd/s   kB_wr/s kB_ccwr/s iodelay  Command
1576695615    117     30221      0.00      0.00 1846984   93908   2.49      0.00      0.00      0.00       0  mysqld

# Time        UID       PID  minflt/s  majflt/s     VSZ     RSS   %MEM   kB_rd/s   kB_wr/s kB_ccwr/s iodelay  Command
1576695616    117     30221      0.00      0.00 1846984   93908   2.49      0.00      0.00      0.00       0  mysqld

# Time        UID       PID  minflt/s  majflt/s     VSZ     RSS   %MEM   kB_rd/s   kB_wr/s kB_ccwr/s iodelay  Command
1576695617    117     30221      0.00      0.00 1846984   93908   2.49      0.00      0.00      0.00       0  mysqld

# Time        UID       PID  minflt/s  majflt/s     VSZ     RSS   %MEM   kB_rd/s   kB_wr/s kB_ccwr/s iodelay  Command
1576695618    117     30221      0.00      0.00 1846984   93908   2.49      0.00      0.00      0.00       0  mysqld

# Time        UID       PID  minflt/s  majflt/s     VSZ     RSS   %MEM   kB_rd/s   kB_wr/s kB_ccwr/s iodelay  Command
1576695619    117     30221      0.00      0.00 1846984   93908   2.49      0.00      0.00      0.00       0  mysqld

# Time        UID       PID  minflt/s  majflt/s     VSZ     RSS   %MEM   kB_rd/s   kB_wr/s kB_ccwr/s iodelay  Command
1576695620    117     30221      0.00      0.00 1846984   93908   2.49      0.00      0.00      0.00       0  mysqld

# Time        UID       PID  minflt/s  majflt/s     VSZ     RSS   %MEM   kB_rd/s   kB_wr/s kB_ccwr/s iodelay  Command
1576695621    117     30221      0.00      0.00 1846984   93908   2.49      0.00      0.00      0.00       0  mysqld

# Time        UID       PID  minflt/s  majflt/s     VSZ     RSS   %MEM   kB_rd/s   kB_wr/s kB_ccwr/s iodelay  Command
1576695622    117     30221      0.00      0.00 1846984   93908   2.49      0.00      0.00      0.00       0  mysqld

# Time        UID       PID  minflt/s  majflt/s     VSZ     RSS   %MEM   kB_rd/s   kB_wr/s kB_ccwr/s iodelay  Command
1576695623    117     30221      0.00      0.00 1846984   93908   2.49      0.00      0.00      0.00       0  mysqld

# Time        UID       PID  minflt/s  majflt/s     VSZ     RSS   %MEM   kB_rd/s   kB_wr/s kB_ccwr/s iodelay  Command
1576695624    117     30221      0.00      0.00 1846984   93908   2.49      0.00      0.00      0.00       0  mysqld

# Time        UID       PID  minflt/s  majflt/s     VSZ     RSS   %MEM   kB_rd/s   kB_wr/s kB_ccwr/s iodelay  Command
1576695625    117     30221      0.00      0.00 1846984   93908   2.49      0.00      0.00      0.00       0  mysqld

# Time        UID       PID  minflt/s  majflt/s     VSZ     RSS   %MEM   kB_rd/s   kB_wr/s kB_ccwr/s iodelay  Command
1576695626    117     30221      0.00      0.00 1846984   93908   2.49      0.00      0.00      0.00       0  mysqld

# Time        UID       PID  minflt/s  majflt/s     VSZ     RSS   %MEM   kB_rd/s   kB_wr/s kB_ccwr/s iodelay  Command
1576695627    117     30221      0.00      0.00 1846984   93908   2.49      0.00      0.00      0.00       0  mysqld

# Time        UID       PID  minflt/s  majflt/s     VSZ     RSS   %MEM   kB_rd/s   kB_wr/s kB_ccwr/s iodelay  Command
1576695628    117     30221      0.00      0.00 1846984   93908   2.49      0.00      0.00      0.00       0  mysqld

# Time        UID       PID  minflt/s  majflt/s     VSZ     RSS   %MEM   kB_rd/s   kB_wr/s kB_ccwr/s iodelay  Command
1576695629    117     30221      0.00      0.00 1846984   93908   2.49      0.00      0.00      0.00       0  mysqld

# Time        UID       PID  minflt/s  majflt/s     VSZ     RSS   %MEM   kB_rd/s   kB_wr/s kB_ccwr/s iodelay  Command
1576695630    117     30221      0.00      0.00 1846984   93908   2.49      0.00      0.00      0.00       0  mysqld

# Time        UID       PID  minflt/s  majflt/s     VSZ     RSS   %MEM   kB_rd/s   kB_wr/s kB_ccwr/s iodelay  Command
1576695631    117     30221      0.00      0.00 1846984   93908   2.49      0.00      0.00      0.00       0  mysqld

# Time        UID       PID  minflt/s  majflt/s     VSZ     RSS   %MEM   kB_rd/s   kB_wr/s kB_ccwr/s iodelay  Command
1576695632    117     30221      0.00      0.00 1846984   93908   2.49      0.00      0.00      0.00       0  mysqld

# Time        UID       PID  minflt/s  majflt/s     VSZ     RSS   %MEM   kB_rd/s   kB_wr/s kB_ccwr/s iodelay  Command
1576695633    117     30221      0.00      0.00 1846984   93908   2.49      0.00      0.00      0.00       0  mysqld

# Time        UID       PID  minflt/s  majflt/s     VSZ     RSS   %MEM   kB_rd/s   kB_wr/s kB_ccwr/s iodelay  Command
1576695634    117     30221      0.00      0.00 1846984   93908   2.49      0.00      0.00      0.00       0  mysqld

# Time        UID       PID  minflt/s  majflt/s     VSZ     RSS   %MEM   kB_rd/s   kB_wr/s kB_ccwr/s iodelay  Command
1576695635    117     30221      0.00      0.00 1846984   93908   2.49      0.00      0.00      0.00       0  mysqld

# Time        UID       PID  minflt/s  majflt/s     VSZ     RSS   %MEM   kB_rd/s   kB_wr/s kB_ccwr/s iodelay  Command
1576695636    117     30221      0.00      0.00 1846984   93908   2.49      0.00      0.00      0.00       0  mysqld

# Time        UID       PID  minflt/s  majflt/s     VSZ     RSS   %MEM   kB_rd/s   kB_wr/s kB_ccwr/s iodelay  Command
1576695637    117     30221      0.00      0.00 1846984   93908   2.49      0.00      0.00      0.00       0  mysqld

# Time        UID       PID  minflt/s  majflt/s     VSZ     RSS   %MEM   kB_rd/s   kB_wr/s kB_ccwr/s iodelay  Command
1576695638    117     30221      0.00      0.00 1846984   93908   2.49      0.00      0.00      0.00       0  mysqld

# Time        UID       PID  minflt/s  majflt/s     VSZ     RSS   %MEM   kB_rd/s   kB_wr/s kB_ccwr/s iodelay  Command
1576695639    117     30221      0.00      0.00 1846984   93908   2.49      0.00      0.00      0.00       0  mysqld

# Time        UID       PID  minflt/s  majflt/s     VSZ     RSS   %MEM   kB_rd/s   kB_wr/s kB_ccwr/s iodelay  Command
1576695640    117     30221      0.00      0.00 1846984   93908   2.49      0.00      0.00      0.00       0  mysqld

# Time        UID       PID  minflt/s  majflt/s     VSZ     RSS   %MEM   kB_rd/s   kB_wr/s kB_ccwr/s iodelay  Command
1576695641    117     30221      0.00      0.00 1846984   93908   2.49      0.00      0.00      0.00       0  mysqld

# Time        UID       PID  minflt/s  majflt/s     VSZ     RSS   %MEM   kB_rd/s   kB_wr/s kB_ccwr/s iodelay  Command
1576695642    117     30221      0.00      0.00 1846984   93908   2.49      0.00      0.00      0.00       0  mysqld

# Time        UID       PID  minflt/s  majflt/s     VSZ     RSS   %MEM   kB_rd/s   kB_wr/s kB_ccwr/s iodelay  Command
1576695643    117     30221      0.00      0.00 1846984   93908   2.49      0.00      0.00      0.00       0  mysqld

# Time        UID       PID  minflt/s  majflt/s     VSZ     RSS   %MEM   kB_rd/s   kB_wr/s kB_ccwr/s iodelay  Command
1576695644    117     30221      0.00      0.00 1846984   93908   2.49      0.00      0.00      0.00       0  mysqld

# Time        UID       PID  minflt/s  majflt/s     VSZ     RSS   %MEM   kB_rd/s   kB_wr/s kB_ccwr/s iodelay  Command
1576695645    117     30221      0.00      0.00 1846984   93908   2.49      0.00      0.00      0.00       0  mysqld

# Time        UID       PID  minflt/s  majflt/s     VSZ     RSS   %MEM   kB_rd/s   kB_wr/s kB_ccwr/s iodelay  Command
1576695646    117     30221      0.00      0.00 1846984   93908   2.49      0.00      0.00      0.00       0  mysqld

# Time        UID       PID  minflt/s  majflt/s     VSZ     RSS   %MEM   kB_rd/s   kB_wr/s kB_ccwr/s iodelay  Command
1576695647    117     30221      0.00      0.00 1846984   93908   2.49      0.00      0.00      0.00       0  mysqld

# Time        UID       PID  minflt/s  majflt/s     VSZ     RSS   %MEM   kB_rd/s   kB_wr/s kB_ccwr/s iodelay  Command
1576695648    117     30221      0.00      0.00 1846984   93908   2.49      0.00      0.00      0.00       0  mysqld

# Time        UID       PID  minflt/s  majflt/s     VSZ     RSS   %MEM   kB_rd/s   kB_wr/s kB_ccwr/s iodelay  Command
1576695649    117     30221      0.00      0.00 1846984   93908   2.49      0.00      0.00      0.00       0  mysqld

# Time        UID       PID  minflt/s  majflt/s     VSZ     RSS   %MEM   kB_rd/s   kB_wr/s kB_ccwr/s iodelay  Command
1576695650    117     30221      0.00      0.00 1846984   93908   2.49      0.00      0.00      0.00       0  mysqld

# Time        UID       PID  minflt/s  majflt/s     VSZ     RSS   %MEM   kB_rd/s   kB_wr/s kB_ccwr/s iodelay  Command
1576695651    117     30221      0.00      0.00 1846984   93908   2.49      0.00      0.00      0.00       0  mysqld

# Time        UID       PID  minflt/s  majflt/s     VSZ     RSS   %MEM   kB_rd/s   kB_wr/s kB_ccwr/s iodelay  Command
1576695652    117     30221      0.00      0.00 1846984   93908   2.49      0.00      0.00      0.00       0  mysqld

# Time        UID       PID  minflt/s  majflt/s     VSZ     RSS   %MEM   kB_rd/s   kB_wr/s kB_ccwr/s iodelay  Command
1576695653    117     30221      0.00      0.00 1846984   93908   2.49      0.00      0.00      0.00       0  mysqld

# Time        UID       PID  minflt/s  majflt/s     VSZ     RSS   %MEM   kB_rd/s   kB_wr/s kB_ccwr/s iodelay  Command
1576695654    117     30221      0.00      0.00 1846984   93908   2.49      0.00      0.00      0.00       0  mysqld

# Time        UID       PID  minflt/s  majflt/s     VSZ     RSS   %MEM   kB_rd/s   kB_wr/s kB_ccwr/s iodelay  Command
1576695655    117     30221      0.00      0.00 1846984   93908   2.49      0.00      0.00      0.00       0  mysqld

# Time        UID       PID  minflt/s  majflt/s     VSZ     RSS   %MEM   kB_rd/s   kB_wr/s kB_ccwr/s iodelay  Command
1576695656    117     30221      0.00      0.00 1846984   93908   2.49      0.00      0.00      0.00       0  mysqld

# Time        UID       PID  minflt/s  majflt/s     VSZ     RSS   %MEM   kB_rd/s   kB_wr/s kB_ccwr/s iodelay  Command
1576695657    117     30221      0.00      0.00 1846984   93908   2.49      0.00      0.00      0.00       0  mysqld

# Time        UID       PID  minflt/s  majflt/s     VSZ     RSS   %MEM   kB_rd/s   kB_wr/s kB_ccwr/s iodelay  Command
1576695658    117     30221      0.00      0.00 1846984   93908   2.49      0.00      0.00      0.00       0  mysqld

# Time        UID       PID  minflt/s  majflt/s     VSZ     RSS   %MEM   kB_rd/s   kB_wr/s kB_ccwr/s iodelay  Command
1576695659    117     30221      0.00      0.00 1846984   93908   2.49      0.00      0.00      0.00       0  mysqld

# Time        UID       PID  minflt/s  majflt/s     VSZ     RSS   %MEM   kB_rd/s   kB_wr/s kB_ccwr/s iodelay  Command
1576695660    117     30221      0.00      0.00 1846984   93908   2.49      0.00      0.00      0.00       0  mysqld

# Time        UID       PID  minflt/s  majflt/s     VSZ     RSS   %MEM   kB_rd/s   kB_wr/s kB_ccwr/s iodelay  Command
1576695661    117     30221      0.00      0.00 1846984   93908   2.49      0.00      0.00      0.00       0  mysqld

# Time        UID       PID  minflt/s  majflt/s     VSZ     RSS   %MEM   kB_rd/s   kB_wr/s kB_ccwr/s iodelay  Command
1576695662    117     30221      0.00      0.00 1846984   93908   2.49      0.00      0.00      0.00       0  mysqld

# Time        UID       PID  minflt/s  majflt/s     VSZ     RSS   %MEM   kB_rd/s   kB_wr/s kB_ccwr/s iodelay  Command
1576695663    117     30221      0.00      0.00 1846984   93908   2.49      0.00      0.00      0.00       0  mysqld

# Time        UID       PID  minflt/s  majflt/s     VSZ     RSS   %MEM   kB_rd/s   kB_wr/s kB_ccwr/s iodelay  Command
1576695664    117     30221      0.00      0.00 1846984   93908   2.49      0.00      0.00      0.00       0  mysqld

# Time        UID       PID  minflt/s  majflt/s     VSZ     RSS   %MEM   kB_rd/s   kB_wr/s kB_ccwr/s iodelay  Command
1576695665    117     30221      0.00      0.00 1846984   93908   2.49      0.00      0.00      0.00       0  mysqld

# Time        UID       PID  minflt/s  majflt/s     VSZ     RSS   %MEM   kB_rd/s   kB_wr/s kB_ccwr/s iodelay  Command
1576695666    117     30221      0.00      0.00 1846984   93908   2.49      0.00      0.00      0.00       0  mysqld

# Time        UID       PID  minflt/s  majflt/s     VSZ     RSS   %MEM   kB_rd/s   kB_wr/s kB_ccwr/s iodelay  Command
1576695667    117     30221      0.00      0.00 1846984   93908   2.49      0.00      0.00      0.00       0  mysqld

# Time        UID       PID  minflt/s  majflt/s     VSZ     RSS   %MEM   kB_rd/s   kB_wr/s kB_ccwr/s iodelay  Command
1576695668    117     30221      0.00      0.00 1846984   93908   2.49      0.00      0.00      0.00       0  mysqld

# Time        UID       PID  minflt/s  majflt/s     VSZ     RSS   %MEM   kB_rd/s   kB_wr/s kB_ccwr/s iodelay  Command
1576695669    117     30221     20.00      0.00 1912820   93908   2.49      0.00      0.00      0.00       0  mysqld

# Time        UID       PID  minflt/s  majflt/s     VSZ     RSS   %MEM   kB_rd/s   kB_wr/s kB_ccwr/s iodelay  Command
1576695670    117     30221      0.00      0.00 1912820   93908   2.49      0.00      0.00      0.00       0  mysqld

# Time        UID       PID  minflt/s  majflt/s     VSZ     RSS   %MEM   kB_rd/s   kB_wr/s kB_ccwr/s iodelay  Command
1576695671    117     30221      0.00      0.00 1912820   93908   2.49      0.00      0.00      0.00       0  mysqld

# Time        UID       PID  minflt/s  majflt/s     VSZ     RSS   %MEM   kB_rd/s   kB_wr/s kB_ccwr/s iodelay  Command
1576695672    117     30221      0.00      0.00 1912820   93908   2.49      0.00      0.00      0.00       0  mysqld

# Time        UID       PID  minflt/s  majflt/s     VSZ     RSS   %MEM   kB_rd/s   kB_wr/s kB_ccwr/s iodelay  Command
1576695673    117     30221      0.00      0.00 1912820   93908   2.49      0.00      0.00      0.00       0  mysqld

# Time        UID       PID  minflt/s  majflt/s     VSZ     RSS   %MEM   kB_rd/s   kB_wr/s kB_ccwr/s iodelay  Command
1576695674    117     30221      0.00      0.00 1912820   93908   2.49      0.00      0.00      0.00       0  mysqld

# Time        UID       PID  minflt/s  majflt/s     VSZ     RSS   %MEM   kB_rd/s   kB_wr/s kB_ccwr/s iodelay  Command
1576695675    117     30221      0.00      0.00 1912820   93908   2.49      0.00      0.00      0.00       0  mysqld

# Time        UID       PID  minflt/s  majflt/s     VSZ     RSS   %MEM   kB_rd/s   kB_wr/s kB_ccwr/s iodelay  Command
1576695676    117     30221      0.00      0.00 1912820   93908   2.49      0.00      0.00      0.00       0  mysqld

# Time        UID       PID  minflt/s  majflt/s     VSZ     RSS   %MEM   kB_rd/s   kB_wr/s kB_ccwr/s iodelay  Command
1576695677    117     30221      0.00      0.00 1912820   93908   2.49      0.00      0.00      0.00       0  mysqld

# Time        UID       PID  minflt/s  majflt/s     VSZ     RSS   %MEM   kB_rd/s   kB_wr/s kB_ccwr/s iodelay  Command
1576695678    117     30221      0.00      0.00 1912820   93908   2.49      0.00      0.00      0.00       0  mysqld

# Time        UID       PID  minflt/s  majflt/s     VSZ     RSS   %MEM   kB_rd/s   kB_wr/s kB_ccwr/s iodelay  Command
1576695679    117     30221      0.00      0.00 1912820   93908   2.49      0.00      0.00      0.00       0  mysqld

# Time        UID       PID  minflt/s  majflt/s     VSZ     RSS   %MEM   kB_rd/s   kB_wr/s kB_ccwr/s iodelay  Command
1576695680    117     30221      0.00      0.00 1912820   93908   2.49      0.00      0.00      0.00       0  mysqld

# Time        UID       PID  minflt/s  majflt/s     VSZ     RSS   %MEM   kB_rd/s   kB_wr/s kB_ccwr/s iodelay  Command
1576695681    117     30221      0.00      0.00 1912820   93908   2.49      0.00      0.00      0.00       0  mysqld

# Time        UID       PID  minflt/s  majflt/s     VSZ     RSS   %MEM   kB_rd/s   kB_wr/s kB_ccwr/s iodelay  Command
1576695682    117     30221      0.00      0.00 1912820   93908   2.49      0.00      0.00      0.00       0  mysqld

# Time        UID       PID  minflt/s  majflt/s     VSZ     RSS   %MEM   kB_rd/s   kB_wr/s kB_ccwr/s iodelay  Command
1576695683    117     30221      0.00      0.00 1912820   93908   2.49      0.00      0.00      0.00       0  mysqld

# Time        UID       PID  minflt/s  majflt/s     VSZ     RSS   %MEM   kB_rd/s   kB_wr/s kB_ccwr/s iodelay  Command
1576695684    117     30221      0.00      0.00 1912820   93908   2.49      0.00      0.00      0.00       0  mysqld

# Time        UID       PID  minflt/s  majflt/s     VSZ     RSS   %MEM   kB_rd/s   kB_wr/s kB_ccwr/s iodelay  Command
1576695685    117     30221      0.00      0.00 1912820   93908   2.49      0.00      0.00      0.00       0  mysqld

# Time        UID       PID  minflt/s  majflt/s     VSZ     RSS   %MEM   kB_rd/s   kB_wr/s kB_ccwr/s iodelay  Command
1576695686    117     30221      0.00      0.00 1912820   93908   2.49      0.00      0.00      0.00       0  mysqld

# Time        UID       PID  minflt/s  majflt/s     VSZ     RSS   %MEM   kB_rd/s   kB_wr/s kB_ccwr/s iodelay  Command
1576695687    117     30221      0.00      0.00 1912820   93908   2.49      0.00      0.00      0.00       0  mysqld

# Time        UID       PID  minflt/s  majflt/s     VSZ     RSS   %MEM   kB_rd/s   kB_wr/s kB_ccwr/s iodelay  Command
1576695688    117     30221      0.00      0.00 1912820   93908   2.49      0.00      0.00      0.00       0  mysqld

# Time        UID       PID  minflt/s  majflt/s     VSZ     RSS   %MEM   kB_rd/s   kB_wr/s kB_ccwr/s iodelay  Command
1576695689    117     30221      0.00      0.00 1912820   93908   2.49      0.00      0.00      0.00       0  mysqld

# Time        UID       PID  minflt/s  majflt/s     VSZ     RSS   %MEM   kB_rd/s   kB_wr/s kB_ccwr/s iodelay  Command
1576695690    117     30221      0.00      0.00 1912820   93908   2.49      0.00      0.00      0.00       0  mysqld

# Time        UID       PID  minflt/s  majflt/s     VSZ     RSS   %MEM   kB_rd/s   kB_wr/s kB_ccwr/s iodelay  Command
1576695691    117     30221      0.00      0.00 1912820   93908   2.49      0.00      0.00      0.00       0  mysqld

# Time        UID       PID  minflt/s  majflt/s     VSZ     RSS   %MEM   kB_rd/s   kB_wr/s kB_ccwr/s iodelay  Command
1576695692    117     30221      0.00      0.00 1912820   93908   2.49      0.00      0.00      0.00       0  mysqld

# Time        UID       PID  minflt/s  majflt/s     VSZ     RSS   %MEM   kB_rd/s   kB_wr/s kB_ccwr/s iodelay  Command
1576695693    117     30221      0.00      0.00 1912820   93908   2.49      0.00      0.00      0.00       0  mysqld

