1576694954 1576694954506 269.2278
1576694955 1576694955312 1626.3601
1576694956 1576694956302 104.4041
1576694956 1576694956503 2479.6844
1576694956 1576694956671 2489.7659
1576694956 1576694956753 114.6968
1576694958 1576694958487 148.5601
1576694958 1576694958801 185.5378
1576694960 1576694960944 180.9237
1576694961 1576694961352 173.035
1576694962 1576694962044 114.0379
1576694962 1576694962683 214.9241
1576694962 1576694962685 196.9857
1576694963 1576694963507 150.6579
1576694968 1576694968622 207.0905
1576694968 1576694968637 113.5054
1576694970 1576694970671 199.3241
1576694972 1576694972068 119.4457
1576694973 1576694973232 207.2131
1576694973 1576694973282 113.0348
1576694974 1576694974587 114.0655
1576694976 1576694976100 238.8207
1576694978 1576694978965 229.4181
1576694979 1576694979682 177.5682
1576694980 1576694980091 234.7723
1576694980 1576694980610 179.2675
1576694981 1576694981928 219.646
1576694981 1576694981941 111.3445
1576694982 1576694982654 238.8311
1576694982 1576694982821 116.9184
1576694983 1576694983267 151.5242
1576694985 1576694985415 162.9382
1576694986 1576694986934 143.8687
1576694987 1576694987007 122.3871
1576694988 1576694988693 206.3394
1576694989 1576694989103 215.1221
1576694991 1576694991663 199.6726
1576694992 1576694992688 141.389
1576694994 1576694994326 189.8927
1576694996 1576694996377 193.3039
1576694997 1576694997293 200.6914
1576694998 1576694998220 169.366
1576694998 1576694998222 154.1886
1576694999 1576694999037 182.9263
1576694999 1576694999107 113.9132
1576695000 1576695000265 228.5406
1576695001 1576695001288 185.3107
1576695001 1576695001698 117.2131
1576695001 1576695001746 111.011
1576695002 1576695002023 116.3199
1576695002 1576695002417 231.1562
1576695003 1576695003029 182.1763
1576695003 1576695003642 187.1076
1576695004 1576695004159 206.0843
1576695006 1576695006104 155.5459
1576695006 1576695006219 113.6332
1576695006 1576695006949 111.3079
1576695007 1576695007330 203.4079
1576695007 1576695007842 183.512
1576695010 1576695010301 148.2191
1576695012 1576695012142 159.1638
1576695014 1576695014807 229.5509
1576695018 1576695018184 319.3624
1576695019 1576695019412 182.5458
1576695019 1576695019933 111.0243
1576695020 1576695020746 238.2657
1576695021 1576695021153 222.5633
1576695022 1576695022795 129.2757
1576695022 1576695022795 157.2897
1576695023 1576695023508 187.7821
1576695025 1576695025558 184.6008
1576695028 1576695028118 221.5796
1576695029 1576695029039 196.0347
1576695029 1576695029858 185.2703
1576695030 1576695030779 138.6485
1576695031 1576695031601 200.5607
1576695031 1576695031602 196.3816
1576695032 1576695032922 113.9972
1576695036 1576695036007 205.7621
1576695036 1576695036008 185.3686
1576695036 1576695036718 312.5527
1576695037 1576695037332 226.2674
1576695039 1576695039280 140.7427
1576695040 1576695040404 210.5978
1576695040 1576695040917 229.123
1576695041 1576695041958 151.6934
1576695042 1576695042761 192.2614
1576695042 1576695042858 112.8736
1576695042 1576695042958 111.5141
1576695043 1576695043784 235.9492
1576695044 1576695044604 238.5267
1576695044 1576695044604 217.1459
1576695044 1576695044911 166.3307
1576695044 1576695044921 113.2419
1576695047 1576695047674 231.7471
1576695048 1576695048085 170.9921
1576695049 1576695049321 200.6174
1576695051 1576695051055 235.1389
1576695051 1576695051055 113.5486
1576695051 1576695051114 113.2469
