1576695414 1576695414541 496.5961
1576695414 1576695414988 179.3896
1576695415 1576695415124 117.5051
1576695415 1576695415911 151.6152
1576695419 1576695419906 203.9502
1576695420 1576695420621 193.2597
1576695421 1576695421808 197.8865
1576695422 1576695422360 123.8862
1576695422 1576695422873 217.8302
1576695425 1576695425537 212.4769
1576695426 1576695426457 146.6583
1576695427 1576695427175 146.9205
1576695427 1576695427281 116.5087
1576695427 1576695427414 115.2487
1576695427 1576695427542 115.6069
1576695427 1576695427667 112.1001
1576695428 1576695428709 161.7156
1576695429 1576695429532 166.6171
1576695430 1576695430248 197.4598
1576695432 1576695432908 225.8296
1576695433 1576695433087 113.3384
1576695433 1576695433421 162.039
1576695433 1576695433628 113.5995
1576695436 1576695436698 238.6112
1576695437 1576695437106 165.6254
1576695437 1576695437161 115.1319
1576695437 1576695437927 186.2894
1576695437 1576695437979 115.8766
1576695438 1576695438644 163.5151
1576695439 1576695439908 277.9706
1576695441 1576695441001 175.7636
1576695443 1576695443458 203.6351
1576695443 1576695443461 254.6871
1576695444 1576695444481 224.3295
1576695445 1576695445211 259.2299
1576695449 1576695449601 168.1954
1576695449 1576695449603 150.8127
1576695450 1576695450418 143.1617
1576695451 1576695451545 203.2752
1576695452 1576695452366 192.7401
1576695454 1576695454414 207.2897
1576695456 1576695456155 216.0299
1576695456 1576695456315 114.9125
1576695456 1576695456767 156.8444
1576695458 1576695458918 228.0549
1576695459 1576695459001 115.1074
1576695461 1576695461683 212.4283
1576695462 1576695462506 152.8508
1576695462 1576695462558 116.0719
1576695464 1576695464038 215.5408
1576695464 1576695464345 151.5001
1576695464 1576695464379 112.2212
1576695464 1576695464962 205.6781
1576695465 1576695465370 230.9981
1576695468 1576695468544 196.4021
1576695468 1576695468546 184.8543
1576695469 1576695469259 227.3894
1576695469 1576695469778 228.8208
1576695469 1576695469940 112.1101
1576695470 1576695470698 170.0843
1576695471 1576695471308 185.5305
1576695473 1576695473971 155.8553
1576695473 1576695473972 195.0211
1576695474 1576695474283 198.5366
1576695474 1576695474686 173.1042
1576695476 1576695476533 373.5116
1576695478 1576695478480 172.7734
1576695479 1576695479093 214.4634
1576695481 1576695481344 166.9829
1576695481 1576695481347 210.2069
1576695481 1576695481349 133.2597
1576695481 1576695481826 177.3115
1576695482 1576695482368 174.701
1576695482 1576695482780 223.8871
1576695483 1576695483595 229.575
1576695484 1576695484620 228.0609
1576695486 1576695486467 218.6647
1576695486 1576695486771 147.007
1576695489 1576695489229 176.7953
1576695489 1576695489586 114.1603
1576695491 1576695491174 233.7749
1576695491 1576695491787 240.3437
1576695493 1576695493426 150.1392
1576695493 1576695493440 113.8393
1576695493 1576695493940 149.8788
1576695494 1576695494760 197.828
1576695495 1576695495883 195.9211
1576695496 1576695496103 112.8669
1576695496 1576695496601 183.5193
1576695497 1576695497524 166.7056
1576695498 1576695498548 239.8632
1576695499 1576695499573 204.936
1576695500 1576695500698 154.1683
1576695500 1576695500718 193.2754
1576695501 1576695501517 242.9184
1576695501 1576695501841 135.0681
1576695503 1576695503051 132.1574
1576695503 1576695503054 202.1558
1576695503 1576695503192 115.5483
1576695503 1576695503200 112.8614
