Linux 4.19.0-6-amd64 (debian) 	12/18/2019 	_x86_64_	(4 CPU)

# Time        UID       PID  minflt/s  majflt/s     VSZ     RSS   %MEM   kB_rd/s   kB_wr/s kB_ccwr/s iodelay  Command
1576695413    117     30138      1.00      0.00 1713112   90268   2.39      0.00   2100.00      0.00       0  mysqld

# Time        UID       PID  minflt/s  majflt/s     VSZ     RSS   %MEM   kB_rd/s   kB_wr/s kB_ccwr/s iodelay  Command
1576695414    117     30138      0.00      0.00 1713112   90268   2.39      0.00      0.00      0.00       0  mysqld

# Time        UID       PID  minflt/s  majflt/s     VSZ     RSS   %MEM   kB_rd/s   kB_wr/s kB_ccwr/s iodelay  Command
1576695415    117     30138     71.00      0.00 1781148   90444   2.40      0.00      0.00      0.00       0  mysqld

# Time        UID       PID  minflt/s  majflt/s     VSZ     RSS   %MEM   kB_rd/s   kB_wr/s kB_ccwr/s iodelay  Command
1576695416    117     30138      0.00      0.00 1781148   90444   2.40      0.00      0.00      0.00       0  mysqld

# Time        UID       PID  minflt/s  majflt/s     VSZ     RSS   %MEM   kB_rd/s   kB_wr/s kB_ccwr/s iodelay  Command
1576695417    117     30138      0.00      0.00 1781148   90444   2.40      0.00      0.00      0.00       0  mysqld

# Time        UID       PID  minflt/s  majflt/s     VSZ     RSS   %MEM   kB_rd/s   kB_wr/s kB_ccwr/s iodelay  Command
1576695418    117     30138      0.00      0.00 1781148   90444   2.40      0.00      0.00      0.00       0  mysqld

# Time        UID       PID  minflt/s  majflt/s     VSZ     RSS   %MEM   kB_rd/s   kB_wr/s kB_ccwr/s iodelay  Command
1576695419    117     30138      0.00      0.00 1781148   90444   2.40      0.00      0.00      0.00       0  mysqld

# Time        UID       PID  minflt/s  majflt/s     VSZ     RSS   %MEM   kB_rd/s   kB_wr/s kB_ccwr/s iodelay  Command
1576695420    117     30138      0.00      0.00 1781148   90444   2.40      0.00      0.00      0.00       0  mysqld

# Time        UID       PID  minflt/s  majflt/s     VSZ     RSS   %MEM   kB_rd/s   kB_wr/s kB_ccwr/s iodelay  Command
1576695421    117     30138      0.00      0.00 1781148   90444   2.40      0.00      0.00      0.00       0  mysqld

# Time        UID       PID  minflt/s  majflt/s     VSZ     RSS   %MEM   kB_rd/s   kB_wr/s kB_ccwr/s iodelay  Command
1576695422    117     30138      0.00      0.00 1781148   90444   2.40      0.00      0.00      0.00       0  mysqld

# Time        UID       PID  minflt/s  majflt/s     VSZ     RSS   %MEM   kB_rd/s   kB_wr/s kB_ccwr/s iodelay  Command
1576695423    117     30138      0.00      0.00 1781148   90444   2.40      0.00      0.00      0.00       0  mysqld

# Time        UID       PID  minflt/s  majflt/s     VSZ     RSS   %MEM   kB_rd/s   kB_wr/s kB_ccwr/s iodelay  Command
1576695424    117     30138      0.00      0.00 1781148   90444   2.40      0.00      0.00      0.00       0  mysqld

# Time        UID       PID  minflt/s  majflt/s     VSZ     RSS   %MEM   kB_rd/s   kB_wr/s kB_ccwr/s iodelay  Command
1576695425    117     30138      0.00      0.00 1781148   90444   2.40      0.00      0.00      0.00       0  mysqld

# Time        UID       PID  minflt/s  majflt/s     VSZ     RSS   %MEM   kB_rd/s   kB_wr/s kB_ccwr/s iodelay  Command
1576695426    117     30138      0.00      0.00 1781148   90444   2.40      0.00      0.00      0.00       0  mysqld

# Time        UID       PID  minflt/s  majflt/s     VSZ     RSS   %MEM   kB_rd/s   kB_wr/s kB_ccwr/s iodelay  Command
1576695427    117     30138      0.00      0.00 1781148   90444   2.40      0.00      0.00      0.00       0  mysqld

# Time        UID       PID  minflt/s  majflt/s     VSZ     RSS   %MEM   kB_rd/s   kB_wr/s kB_ccwr/s iodelay  Command
1576695428    117     30138      0.00      0.00 1781148   90444   2.40      0.00      0.00      0.00       0  mysqld

# Time        UID       PID  minflt/s  majflt/s     VSZ     RSS   %MEM   kB_rd/s   kB_wr/s kB_ccwr/s iodelay  Command
1576695429    117     30138      0.00      0.00 1781148   90444   2.40      0.00      0.00      0.00       0  mysqld

# Time        UID       PID  minflt/s  majflt/s     VSZ     RSS   %MEM   kB_rd/s   kB_wr/s kB_ccwr/s iodelay  Command
1576695430    117     30138      0.00      0.00 1781148   90444   2.40      0.00      0.00      0.00       0  mysqld

# Time        UID       PID  minflt/s  majflt/s     VSZ     RSS   %MEM   kB_rd/s   kB_wr/s kB_ccwr/s iodelay  Command
1576695431    117     30138      0.00      0.00 1781148   90444   2.40      0.00      0.00      0.00       0  mysqld

# Time        UID       PID  minflt/s  majflt/s     VSZ     RSS   %MEM   kB_rd/s   kB_wr/s kB_ccwr/s iodelay  Command
1576695432    117     30138      0.00      0.00 1781148   90444   2.40      0.00      0.00      0.00       0  mysqld

# Time        UID       PID  minflt/s  majflt/s     VSZ     RSS   %MEM   kB_rd/s   kB_wr/s kB_ccwr/s iodelay  Command
1576695433    117     30138      0.00      0.00 1781148   90444   2.40      0.00      0.00      0.00       0  mysqld

# Time        UID       PID  minflt/s  majflt/s     VSZ     RSS   %MEM   kB_rd/s   kB_wr/s kB_ccwr/s iodelay  Command
1576695434    117     30138      0.00      0.00 1781148   90444   2.40      0.00      0.00      0.00       0  mysqld

# Time        UID       PID  minflt/s  majflt/s     VSZ     RSS   %MEM   kB_rd/s   kB_wr/s kB_ccwr/s iodelay  Command
1576695435    117     30138      0.00      0.00 1781148   90444   2.40      0.00      0.00      0.00       0  mysqld

# Time        UID       PID  minflt/s  majflt/s     VSZ     RSS   %MEM   kB_rd/s   kB_wr/s kB_ccwr/s iodelay  Command
1576695436    117     30138      0.00      0.00 1781148   90444   2.40      0.00      0.00      0.00       0  mysqld

# Time        UID       PID  minflt/s  majflt/s     VSZ     RSS   %MEM   kB_rd/s   kB_wr/s kB_ccwr/s iodelay  Command
1576695437    117     30138      0.00      0.00 1781148   90444   2.40      0.00      0.00      0.00       0  mysqld

# Time        UID       PID  minflt/s  majflt/s     VSZ     RSS   %MEM   kB_rd/s   kB_wr/s kB_ccwr/s iodelay  Command
1576695438    117     30138     20.00      0.00 1846984   90444   2.40      0.00      0.00      0.00       0  mysqld

# Time        UID       PID  minflt/s  majflt/s     VSZ     RSS   %MEM   kB_rd/s   kB_wr/s kB_ccwr/s iodelay  Command
1576695439    117     30138      0.00      0.00 1846984   90444   2.40      0.00      0.00      0.00       0  mysqld

# Time        UID       PID  minflt/s  majflt/s     VSZ     RSS   %MEM   kB_rd/s   kB_wr/s kB_ccwr/s iodelay  Command
1576695440    117     30138      0.00      0.00 1846984   90444   2.40      0.00      0.00      0.00       0  mysqld

# Time        UID       PID  minflt/s  majflt/s     VSZ     RSS   %MEM   kB_rd/s   kB_wr/s kB_ccwr/s iodelay  Command
1576695441    117     30138      0.00      0.00 1846984   90444   2.40      0.00      0.00      0.00       0  mysqld

# Time        UID       PID  minflt/s  majflt/s     VSZ     RSS   %MEM   kB_rd/s   kB_wr/s kB_ccwr/s iodelay  Command
1576695442    117     30138      0.00      0.00 1846984   90444   2.40      0.00      0.00      0.00       0  mysqld

# Time        UID       PID  minflt/s  majflt/s     VSZ     RSS   %MEM   kB_rd/s   kB_wr/s kB_ccwr/s iodelay  Command
1576695443    117     30138      0.00      0.00 1846984   90444   2.40      0.00      0.00      0.00       0  mysqld

# Time        UID       PID  minflt/s  majflt/s     VSZ     RSS   %MEM   kB_rd/s   kB_wr/s kB_ccwr/s iodelay  Command
1576695444    117     30138      0.00      0.00 1846984   90444   2.40      0.00      0.00      0.00       0  mysqld

# Time        UID       PID  minflt/s  majflt/s     VSZ     RSS   %MEM   kB_rd/s   kB_wr/s kB_ccwr/s iodelay  Command
1576695445    117     30138      0.00      0.00 1846984   90444   2.40      0.00      0.00      0.00       0  mysqld

# Time        UID       PID  minflt/s  majflt/s     VSZ     RSS   %MEM   kB_rd/s   kB_wr/s kB_ccwr/s iodelay  Command
1576695446    117     30138      0.00      0.00 1846984   90444   2.40      0.00      0.00      0.00       0  mysqld

# Time        UID       PID  minflt/s  majflt/s     VSZ     RSS   %MEM   kB_rd/s   kB_wr/s kB_ccwr/s iodelay  Command
1576695447    117     30138      0.00      0.00 1846984   90444   2.40      0.00      0.00      0.00       0  mysqld

# Time        UID       PID  minflt/s  majflt/s     VSZ     RSS   %MEM   kB_rd/s   kB_wr/s kB_ccwr/s iodelay  Command
1576695448    117     30138      0.00      0.00 1846984   90444   2.40      0.00      0.00      0.00       0  mysqld

# Time        UID       PID  minflt/s  majflt/s     VSZ     RSS   %MEM   kB_rd/s   kB_wr/s kB_ccwr/s iodelay  Command
1576695449    117     30138      0.00      0.00 1846984   90444   2.40      0.00      0.00      0.00       0  mysqld

# Time        UID       PID  minflt/s  majflt/s     VSZ     RSS   %MEM   kB_rd/s   kB_wr/s kB_ccwr/s iodelay  Command
1576695450    117     30138      0.00      0.00 1846984   90444   2.40      0.00      0.00      0.00       0  mysqld

# Time        UID       PID  minflt/s  majflt/s     VSZ     RSS   %MEM   kB_rd/s   kB_wr/s kB_ccwr/s iodelay  Command
1576695451    117     30138      0.00      0.00 1846984   90444   2.40      0.00      0.00      0.00       0  mysqld

# Time        UID       PID  minflt/s  majflt/s     VSZ     RSS   %MEM   kB_rd/s   kB_wr/s kB_ccwr/s iodelay  Command
1576695452    117     30138      0.00      0.00 1846984   90444   2.40      0.00      0.00      0.00       0  mysqld

# Time        UID       PID  minflt/s  majflt/s     VSZ     RSS   %MEM   kB_rd/s   kB_wr/s kB_ccwr/s iodelay  Command
1576695453    117     30138      0.00      0.00 1846984   90444   2.40      0.00      0.00      0.00       0  mysqld

# Time        UID       PID  minflt/s  majflt/s     VSZ     RSS   %MEM   kB_rd/s   kB_wr/s kB_ccwr/s iodelay  Command
1576695454    117     30138      0.00      0.00 1846984   90444   2.40      0.00      0.00      0.00       0  mysqld

# Time        UID       PID  minflt/s  majflt/s     VSZ     RSS   %MEM   kB_rd/s   kB_wr/s kB_ccwr/s iodelay  Command
1576695455    117     30138      1.00      0.00 1846984   90444   2.40      0.00      0.00      0.00       0  mysqld

# Time        UID       PID  minflt/s  majflt/s     VSZ     RSS   %MEM   kB_rd/s   kB_wr/s kB_ccwr/s iodelay  Command
1576695456    117     30138      0.00      0.00 1846984   90444   2.40      0.00      0.00      0.00       0  mysqld

# Time        UID       PID  minflt/s  majflt/s     VSZ     RSS   %MEM   kB_rd/s   kB_wr/s kB_ccwr/s iodelay  Command
1576695457    117     30138      0.00      0.00 1846984   90444   2.40      0.00      0.00      0.00       0  mysqld

# Time        UID       PID  minflt/s  majflt/s     VSZ     RSS   %MEM   kB_rd/s   kB_wr/s kB_ccwr/s iodelay  Command
1576695458    117     30138      0.00      0.00 1846984   90444   2.40      0.00      0.00      0.00       0  mysqld

# Time        UID       PID  minflt/s  majflt/s     VSZ     RSS   %MEM   kB_rd/s   kB_wr/s kB_ccwr/s iodelay  Command
1576695459    117     30138      0.00      0.00 1846984   90444   2.40      0.00      0.00      0.00       0  mysqld

# Time        UID       PID  minflt/s  majflt/s     VSZ     RSS   %MEM   kB_rd/s   kB_wr/s kB_ccwr/s iodelay  Command
1576695460    117     30138      0.00      0.00 1846984   90444   2.40      0.00      0.00      0.00       0  mysqld

# Time        UID       PID  minflt/s  majflt/s     VSZ     RSS   %MEM   kB_rd/s   kB_wr/s kB_ccwr/s iodelay  Command
1576695461    117     30138      0.00      0.00 1846984   90444   2.40      0.00      0.00      0.00       0  mysqld

# Time        UID       PID  minflt/s  majflt/s     VSZ     RSS   %MEM   kB_rd/s   kB_wr/s kB_ccwr/s iodelay  Command
1576695462    117     30138      0.00      0.00 1846984   90444   2.40      0.00      0.00      0.00       0  mysqld

# Time        UID       PID  minflt/s  majflt/s     VSZ     RSS   %MEM   kB_rd/s   kB_wr/s kB_ccwr/s iodelay  Command
1576695463    117     30138      0.00      0.00 1846984   90444   2.40      0.00      0.00      0.00       0  mysqld

# Time        UID       PID  minflt/s  majflt/s     VSZ     RSS   %MEM   kB_rd/s   kB_wr/s kB_ccwr/s iodelay  Command
1576695464    117     30138      0.00      0.00 1846984   90444   2.40      0.00      0.00      0.00       0  mysqld

# Time        UID       PID  minflt/s  majflt/s     VSZ     RSS   %MEM   kB_rd/s   kB_wr/s kB_ccwr/s iodelay  Command
1576695465    117     30138      0.00      0.00 1846984   90444   2.40      0.00      0.00      0.00       0  mysqld

# Time        UID       PID  minflt/s  majflt/s     VSZ     RSS   %MEM   kB_rd/s   kB_wr/s kB_ccwr/s iodelay  Command
1576695466    117     30138      0.00      0.00 1846984   90444   2.40      0.00      0.00      0.00       0  mysqld

# Time        UID       PID  minflt/s  majflt/s     VSZ     RSS   %MEM   kB_rd/s   kB_wr/s kB_ccwr/s iodelay  Command
1576695467    117     30138      0.00      0.00 1846984   90444   2.40      0.00      0.00      0.00       0  mysqld

# Time        UID       PID  minflt/s  majflt/s     VSZ     RSS   %MEM   kB_rd/s   kB_wr/s kB_ccwr/s iodelay  Command
1576695468    117     30138      0.00      0.00 1846984   90444   2.40      0.00      0.00      0.00       0  mysqld

# Time        UID       PID  minflt/s  majflt/s     VSZ     RSS   %MEM   kB_rd/s   kB_wr/s kB_ccwr/s iodelay  Command
1576695469    117     30138      0.00      0.00 1846984   90444   2.40      0.00      0.00      0.00       0  mysqld

# Time        UID       PID  minflt/s  majflt/s     VSZ     RSS   %MEM   kB_rd/s   kB_wr/s kB_ccwr/s iodelay  Command
1576695470    117     30138      0.00      0.00 1846984   90444   2.40      0.00      0.00      0.00       0  mysqld

# Time        UID       PID  minflt/s  majflt/s     VSZ     RSS   %MEM   kB_rd/s   kB_wr/s kB_ccwr/s iodelay  Command
1576695471    117     30138      0.00      0.00 1846984   91596   2.43      0.00      0.00      0.00       0  mysqld

# Time        UID       PID  minflt/s  majflt/s     VSZ     RSS   %MEM   kB_rd/s   kB_wr/s kB_ccwr/s iodelay  Command
1576695472    117     30138      0.00      0.00 1846984   91596   2.43      0.00      0.00      0.00       0  mysqld

# Time        UID       PID  minflt/s  majflt/s     VSZ     RSS   %MEM   kB_rd/s   kB_wr/s kB_ccwr/s iodelay  Command
1576695473    117     30138      0.00      0.00 1846984   91596   2.43      0.00      0.00      0.00       0  mysqld

# Time        UID       PID  minflt/s  majflt/s     VSZ     RSS   %MEM   kB_rd/s   kB_wr/s kB_ccwr/s iodelay  Command
1576695474    117     30138      0.00      0.00 1846984   91596   2.43      0.00      0.00      0.00       0  mysqld

# Time        UID       PID  minflt/s  majflt/s     VSZ     RSS   %MEM   kB_rd/s   kB_wr/s kB_ccwr/s iodelay  Command
1576695475    117     30138      0.00      0.00 1846984   91596   2.43      0.00      0.00      0.00       0  mysqld

# Time        UID       PID  minflt/s  majflt/s     VSZ     RSS   %MEM   kB_rd/s   kB_wr/s kB_ccwr/s iodelay  Command
1576695476    117     30138      0.00      0.00 1846984   91596   2.43      0.00      0.00      0.00       0  mysqld

# Time        UID       PID  minflt/s  majflt/s     VSZ     RSS   %MEM   kB_rd/s   kB_wr/s kB_ccwr/s iodelay  Command
1576695477    117     30138      8.00      0.00 1846984   91596   2.43      0.00      0.00      0.00       0  mysqld

# Time        UID       PID  minflt/s  majflt/s     VSZ     RSS   %MEM   kB_rd/s   kB_wr/s kB_ccwr/s iodelay  Command
1576695478    117     30138      0.00      0.00 1846984   91596   2.43      0.00      0.00      0.00       0  mysqld

# Time        UID       PID  minflt/s  majflt/s     VSZ     RSS   %MEM   kB_rd/s   kB_wr/s kB_ccwr/s iodelay  Command
1576695479    117     30138      0.00      0.00 1846984   91596   2.43      0.00      0.00      0.00       0  mysqld

# Time        UID       PID  minflt/s  majflt/s     VSZ     RSS   %MEM   kB_rd/s   kB_wr/s kB_ccwr/s iodelay  Command
1576695480    117     30138      0.00      0.00 1846984   91596   2.43      0.00      0.00      0.00       0  mysqld

# Time        UID       PID  minflt/s  majflt/s     VSZ     RSS   %MEM   kB_rd/s   kB_wr/s kB_ccwr/s iodelay  Command
1576695481    117     30138      0.00      0.00 1846984   91596   2.43      0.00      0.00      0.00       0  mysqld

# Time        UID       PID  minflt/s  majflt/s     VSZ     RSS   %MEM   kB_rd/s   kB_wr/s kB_ccwr/s iodelay  Command
1576695482    117     30138     20.00      0.00 1912820   91596   2.43      0.00      0.00      0.00       0  mysqld

# Time        UID       PID  minflt/s  majflt/s     VSZ     RSS   %MEM   kB_rd/s   kB_wr/s kB_ccwr/s iodelay  Command
1576695483    117     30138      0.00      0.00 1912820   91596   2.43      0.00      0.00      0.00       0  mysqld

# Time        UID       PID  minflt/s  majflt/s     VSZ     RSS   %MEM   kB_rd/s   kB_wr/s kB_ccwr/s iodelay  Command
1576695484    117     30138      0.00      0.00 1912820   91596   2.43      0.00      0.00      0.00       0  mysqld

# Time        UID       PID  minflt/s  majflt/s     VSZ     RSS   %MEM   kB_rd/s   kB_wr/s kB_ccwr/s iodelay  Command
1576695485    117     30138      0.00      0.00 1912820   91596   2.43      0.00      0.00      0.00       0  mysqld

# Time        UID       PID  minflt/s  majflt/s     VSZ     RSS   %MEM   kB_rd/s   kB_wr/s kB_ccwr/s iodelay  Command
1576695486    117     30138      0.00      0.00 1912820   91596   2.43      0.00      0.00      0.00       0  mysqld

# Time        UID       PID  minflt/s  majflt/s     VSZ     RSS   %MEM   kB_rd/s   kB_wr/s kB_ccwr/s iodelay  Command
1576695487    117     30138      0.00      0.00 1912820   91596   2.43      0.00      0.00      0.00       0  mysqld

# Time        UID       PID  minflt/s  majflt/s     VSZ     RSS   %MEM   kB_rd/s   kB_wr/s kB_ccwr/s iodelay  Command
1576695488    117     30138      0.00      0.00 1912820   91596   2.43      0.00      0.00      0.00       0  mysqld

# Time        UID       PID  minflt/s  majflt/s     VSZ     RSS   %MEM   kB_rd/s   kB_wr/s kB_ccwr/s iodelay  Command
1576695489    117     30138      0.00      0.00 1912820   91596   2.43      0.00      0.00      0.00       0  mysqld

# Time        UID       PID  minflt/s  majflt/s     VSZ     RSS   %MEM   kB_rd/s   kB_wr/s kB_ccwr/s iodelay  Command
1576695490    117     30138      0.00      0.00 1912820   91596   2.43      0.00      0.00      0.00       0  mysqld

# Time        UID       PID  minflt/s  majflt/s     VSZ     RSS   %MEM   kB_rd/s   kB_wr/s kB_ccwr/s iodelay  Command
1576695491    117     30138      0.00      0.00 1912820   91596   2.43      0.00      0.00      0.00       0  mysqld

# Time        UID       PID  minflt/s  majflt/s     VSZ     RSS   %MEM   kB_rd/s   kB_wr/s kB_ccwr/s iodelay  Command
1576695492    117     30138      0.00      0.00 1912820   91596   2.43      0.00      0.00      0.00       0  mysqld

# Time        UID       PID  minflt/s  majflt/s     VSZ     RSS   %MEM   kB_rd/s   kB_wr/s kB_ccwr/s iodelay  Command
1576695493    117     30138      0.00      0.00 1912820   91596   2.43      0.00      0.00      0.00       0  mysqld

# Time        UID       PID  minflt/s  majflt/s     VSZ     RSS   %MEM   kB_rd/s   kB_wr/s kB_ccwr/s iodelay  Command
1576695494    117     30138      0.00      0.00 1912820   91596   2.43      0.00      0.00      0.00       0  mysqld

# Time        UID       PID  minflt/s  majflt/s     VSZ     RSS   %MEM   kB_rd/s   kB_wr/s kB_ccwr/s iodelay  Command
1576695495    117     30138      0.00      0.00 1912820   91596   2.43      0.00      0.00      0.00       0  mysqld

# Time        UID       PID  minflt/s  majflt/s     VSZ     RSS   %MEM   kB_rd/s   kB_wr/s kB_ccwr/s iodelay  Command
1576695496    117     30138      0.00      0.00 1912820   91596   2.43      0.00      0.00      0.00       0  mysqld

# Time        UID       PID  minflt/s  majflt/s     VSZ     RSS   %MEM   kB_rd/s   kB_wr/s kB_ccwr/s iodelay  Command
1576695497    117     30138      0.00      0.00 1912820   91596   2.43      0.00      0.00      0.00       0  mysqld

# Time        UID       PID  minflt/s  majflt/s     VSZ     RSS   %MEM   kB_rd/s   kB_wr/s kB_ccwr/s iodelay  Command
1576695498    117     30138      0.00      0.00 1912820   91596   2.43      0.00      0.00      0.00       0  mysqld

# Time        UID       PID  minflt/s  majflt/s     VSZ     RSS   %MEM   kB_rd/s   kB_wr/s kB_ccwr/s iodelay  Command
1576695499    117     30138      0.00      0.00 1912820   91596   2.43      0.00      0.00      0.00       0  mysqld

# Time        UID       PID  minflt/s  majflt/s     VSZ     RSS   %MEM   kB_rd/s   kB_wr/s kB_ccwr/s iodelay  Command
1576695500    117     30138      1.00      0.00 1912820   91596   2.43      0.00      0.00      0.00       0  mysqld

# Time        UID       PID  minflt/s  majflt/s     VSZ     RSS   %MEM   kB_rd/s   kB_wr/s kB_ccwr/s iodelay  Command
1576695501    117     30138      0.00      0.00 1912820   91596   2.43      0.00      0.00      0.00       0  mysqld

# Time        UID       PID  minflt/s  majflt/s     VSZ     RSS   %MEM   kB_rd/s   kB_wr/s kB_ccwr/s iodelay  Command
1576695502    117     30138      0.00      0.00 1912820   91596   2.43      0.00      0.00      0.00       0  mysqld

# Time        UID       PID  minflt/s  majflt/s     VSZ     RSS   %MEM   kB_rd/s   kB_wr/s kB_ccwr/s iodelay  Command
1576695503    117     30138      0.00      0.00 1912820   91596   2.43      0.00      0.00      0.00       0  mysqld

# Time        UID       PID  minflt/s  majflt/s     VSZ     RSS   %MEM   kB_rd/s   kB_wr/s kB_ccwr/s iodelay  Command
1576695504    117     30138      0.00      0.00 1912820   91596   2.43      0.00      0.00      0.00       0  mysqld

# Time        UID       PID  minflt/s  majflt/s     VSZ     RSS   %MEM   kB_rd/s   kB_wr/s kB_ccwr/s iodelay  Command
1576695505    117     30138      0.00      0.00 1912820   91596   2.43      0.00      0.00      0.00       0  mysqld

# Time        UID       PID  minflt/s  majflt/s     VSZ     RSS   %MEM   kB_rd/s   kB_wr/s kB_ccwr/s iodelay  Command
1576695506    117     30138      0.00      0.00 1912820   91596   2.43      0.00      0.00      0.00       0  mysqld

# Time        UID       PID  minflt/s  majflt/s     VSZ     RSS   %MEM   kB_rd/s   kB_wr/s kB_ccwr/s iodelay  Command
1576695507    117     30138      0.00      0.00 1912820   91596   2.43      0.00      0.00      0.00       0  mysqld

# Time        UID       PID  minflt/s  majflt/s     VSZ     RSS   %MEM   kB_rd/s   kB_wr/s kB_ccwr/s iodelay  Command
1576695508    117     30138      0.00      0.00 1912820   91596   2.43      0.00      0.00      0.00       0  mysqld

# Time        UID       PID  minflt/s  majflt/s     VSZ     RSS   %MEM   kB_rd/s   kB_wr/s kB_ccwr/s iodelay  Command
1576695509    117     30138      0.00      0.00 1912820   91596   2.43      0.00      0.00      0.00       0  mysqld

