1576696414 1576696414115 496.3906
1576696415 1576696415371 324.2475
1576696416 1576696416704 336.2821
1576696417 1576696417266 309.8857
1576696418 1576696418475 330.6022
1576696418 1576696418526 354.5193
1576696418 1576696418707 399.9807
1576696419 1576696419273 306.3078
1576696419 1576696419878 279.2011
1576696421 1576696421211 377.0713
1576696421 1576696421438 276.7348
1576696421 1576696421651 366.0715
1576696421 1576696421932 572.9438
1576696421 1576696421942 531.6578
1576696421 1576696421993 560.3868
1576696422 1576696422167 505.5578
1576696423 1576696423669 338.5174
1576696423 1576696423913 247.3133
1576696425 1576696425621 292.5433
1576696426 1576696426743 308.301
1576696426 1576696426890 311.8668
1576696431 1576696431654 382.4027
1576696433 1576696433399 289.4808
1576696434 1576696434008 367.3131
1576696434 1576696434766 403.3195
1576696434 1576696434860 337.8809
1576696435 1576696435166 248.538
1576696435 1576696435383 273.7173
1576696436 1576696436981 289.5883
1576696441 1576696441747 248.5432
1576696443 1576696443739 259.4917
1576696443 1576696443898 313.755
1576696444 1576696444556 481.945
1576696444 1576696444916 250.8251
1576696445 1576696445594 367.7052
1576696445 1576696445602 447.6853
1576696446 1576696446095 337.9755
1576696447 1576696447228 356.3542
1576696448 1576696448141 362.647
1576696449 1576696449890 339.2406
1576696450 1576696450922 472.8119
1576696450 1576696450931 495.6785
1576696451 1576696451930 304.8926
1576696452 1576696452131 296.4061
1576696453 1576696453468 295.2827
1576696453 1576696453744 251.8896
1576696453 1576696453936 304.2399
1576696454 1576696454289 250.1747
1576696454 1576696454436 319.901
1576696456 1576696456641 306.5969
1576696457 1576696457324 270.0913
1576696458 1576696458386 281.961
1576696460 1576696460019 303.2685
1576696460 1576696460243 249.7736
1576696463 1576696463514 413.9158
1576696463 1576696463522 473.2188
1576696463 1576696463763 248.6378
1576696465 1576696465651 329.8586
1576696465 1576696465841 308.5784
1576696465 1576696465983 321.5771
1576696466 1576696466471 356.7963
1576696467 1576696467801 305.4054
1576696468 1576696468314 377.122
1576696471 1576696471592 282.4851
1576696474 1576696474360 342.2251
1576696474 1576696474520 318.48
1576696475 1576696475587 339.8397
1576696477 1576696477222 324.2773
1576696477 1576696477736 377.1185
1576696478 1576696478145 294.0338
1576696478 1576696478506 360.4029
1576696478 1576696478518 364.3259
1576696478 1576696478757 491.9368
1576696478 1576696478808 457.6011
1576696479 1576696479783 337.2319
1576696479 1576696479975 303.0443
1576696480 1576696480631 277.7148
1576696480 1576696480829 399.8829
1576696480 1576696480881 443.4753
1576696482 1576696482756 325.5295
1576696483 1576696483577 380.558
1576696483 1576696483804 271.9346
1576696484 1576696484296 361.6273
1576696484 1576696484802 302.1372
1576696486 1576696486214 238.864
1576696488 1576696488079 324.7322
1576696488 1576696488999 343.1318
1576696491 1576696491867 285.099
1576696495 1576696495246 302.9315
1576696496 1576696496270 389.7483
1576696499 1576696499346 309.2405
1576696500 1576696500480 330.7053
1576696502 1576696502968 785.875
1576696503 1576696503065 601.1612
1576696503 1576696503073 840.6797
1576696505 1576696505486 340.3777
1576696505 1576696505899 459.7
1576696508 1576696508251 288.8483
1576696508 1576696508630 252.9066
1576696508 1576696508794 315.1437
