1576695750 1576695750380 595.4701
1576695752 1576695752122 262.1177
1576695752 1576695752362 147.0046
1576695752 1576695752366 138.955
1576695755 1576695755600 200.954
1576695755 1576695755604 190.7119
1576695757 1576695757234 185.0174
1576695757 1576695757855 228.9768
1576695758 1576695758087 156.5898
1576695758 1576695758565 237.0575
1576695760 1576695760002 216.2706
1576695763 1576695763278 219.052
1576695763 1576695763409 137.4413
1576695763 1576695763997 167.2835
1576695764 1576695764001 266.1082
1576695765 1576695765633 267.3132
1576695766 1576695766349 260.6351
1576695767 1576695767275 236.0442
1576695767 1576695767279 143.9623
1576695767 1576695767384 145.0764
1576695767 1576695767790 227.7147
1576695767 1576695767802 254.2545
1576695770 1576695770136 195.1703
1576695770 1576695770956 187.8337
1576695774 1576695774030 248.8278
1576695774 1576695774861 147.6804
1576695774 1576695774852 263.7369
1576695775 1576695775259 252.0514
1576695775 1576695775369 137.0132
1576695776 1576695776804 136.7016
1576695777 1576695777530 273.1796
1576695779 1576695779147 201.4953
1576695779 1576695779890 142.1053
1576695780 1576695780690 166.4994
1576695780 1576695780695 200.5425
1576695781 1576695781404 214.3296
1576695782 1576695782322 200.8475
1576695784 1576695784473 178.5168
1576695784 1576695784590 136.2113
1576695784 1576695784742 136.5183
1576695786 1576695786315 201.3785
1576695787 1576695787543 243.7275
1576695788 1576695788057 174.5127
1576695788 1576695788467 265.0128
1576695790 1576695790513 167.9776
1576695790 1576695790928 211.4795
1576695791 1576695791433 190.9978
1576695791 1576695791802 212.7463
1576695791 1576695791865 137.4283
1576695793 1576695793177 232.7546
1576695794 1576695794097 233.0662
1576695794 1576695794289 135.7848
1576695795 1576695795429 214.2167
1576695796 1576695796147 243.1113
1576695796 1576695796182 138.1129
1576695796 1576695796819 137.4834
1576695797 1576695797475 248.1158
1576695798 1576695798601 234.8327
1576695798 1576695798649 142.1608
1576695799 1576695799013 240.0344
1576695799 1576695799426 240.4552
1576695800 1576695800661 138.3786
1576695801 1576695801368 181.7065
1576695805 1576695805158 239.7606
1576695805 1576695805976 201.8685
1576695806 1576695806107 136.6655
1576695807 1576695807115 165.2391
1576695807 1576695807117 275.9324
1576695807 1576695807821 125.0143
1576695808 1576695808242 139.9689
1576695812 1576695812121 386.2777
1576695813 1576695813042 192.5701
1576695813 1576695813656 246.6179
1576695814 1576695814168 179.4341
1576695815 1576695815396 175.2595
1576695817 1576695817650 175.9393
1576695818 1576695818471 201.948
1576695821 1576695821747 228.3018
1576695822 1576695822666 182.4155
1576695823 1576695823283 227.0702
1576695825 1576695825126 171.0668
1576695825 1576695825176 143.5984
1576695825 1576695825562 160.7462
1576695825 1576695825570 276.2432
1576695826 1576695826153 246.0939
1576695826 1576695826220 136.5734
1576695828 1576695828362 140.6884
1576695829 1576695829111 124.8468
1576695829 1576695829334 136.9786
1576695829 1576695829401 138.6923
1576695830 1576695830153 200.197
1576695830 1576695830157 234.127
1576695832 1576695832499 256.3819
1576695833 1576695833684 136.5282
1576695834 1576695834757 174.9368
1576695835 1576695835677 201.8588
1576695837 1576695837523 182.6697
1576695838 1576695838649 215.6376
1576695838 1576695838866 135.1087
1576695840 1576695840281 171.4477
