1576695941 1576695941448 275.7487
1576695941 1576695941462 510.0257
1576695942 1576695942097 256.7428
1576695942 1576695942347 159.0862
1576695943 1576695943006 229.5893
1576695943 1576695943519 200.4043
1576695945 1576695945467 270.8443
1576695947 1576695947203 217.8725
1576695948 1576695948236 193.6895
1576695949 1576695949664 226.2511
1576695953 1576695953491 161.3641
1576695953 1576695953513 169.0943
1576695953 1576695953764 154.4561
1576695954 1576695954034 152.8116
1576695954 1576695954111 172.9686
1576695955 1576695955602 229.1839
1576695956 1576695956924 235.076
1576695957 1576695957124 155.2095
1576695958 1576695958866 255.9513
1576695958 1576695958940 173.3243
1576695959 1576695959724 157.3767
1576695959 1576695959791 170.846
1576695959 1576695959987 153.8376
1576695960 1576695960063 166.7444
1576695961 1576695961848 196.5238
1576695962 1576695962463 215.4391
1576695962 1576695962661 154.7597
1576695963 1576695963601 194.0684
1576695963 1576695963613 187.8192
1576695964 1576695964306 206.7473
1576695965 1576695965739 238.3381
1576695967 1576695967276 243.5395
1576695968 1576695968722 270.8378
1576695968 1576695968737 295.8811
1576695968 1576695968852 177.6626
1576695969 1576695969424 195.9948
1576695971 1576695971885 197.0183
1576695973 1576695973215 211.541
1576695973 1576695973630 209.6252
1576695973 1576695973651 166.0626
1576695973 1576695973782 162.4698
1576695974 1576695974239 279.7923
1576695975 1576695975367 217.8595
1576695975 1576695975629 160.3522
1576695977 1576695977105 271.2617
1576695978 1576695978040 143.1592
1576695978 1576695978997 141.4702
1576695980 1576695980372 143.0249
1576695980 1576695980442 153.8703
1576695982 1576695982319 140.4834
1576695982 1576695982610 140.7872
1576695983 1576695983331 142.4235
1576695984 1576695984504 142.313
1576695987 1576695987481 142.6159
1576695987 1576695987902 142.5418
1576695988 1576695988023 138.9303
1576695988 1576695988561 143.2091
1576695989 1576695989782 140.0819
1576695990 1576695990306 139.3177
1576695990 1576695990569 142.5759
1576695990 1576695990711 140.621
1576695990 1576695990944 137.7267
1576695991 1576695991065 151.3446
1576695991 1576695991934 139.8385
1576695992 1576695992797 141.4239
1576695993 1576695993019 140.5215
1576695993 1576695993785 140.767
1576695995 1576695995551 141.3324
1576695995 1576695995690 141.0721
1576695997 1576695997086 139.9715
1576695997 1576695997140 159.0343
1576695997 1576695997228 152.1345
1576695997 1576695997978 139.3517
1576695998 1576695998115 138.8151
1576695998 1576695998411 141.4459
1576696000 1576696000246 226.6644
1576696000 1576696000861 189.7999
1576696002 1576696002195 459.9949
1576696003 1576696003024 153.1737
1576696004 1576696004036 250.803
1576696005 1576696005675 275.4054
1576696006 1576696006299 201.789
1576696006 1576696006804 168.2356
1576696006 1576696006918 163.1327
1576696008 1576696008747 231.1488
1576696008 1576696008956 154.5791
1576696010 1576696010492 224.3424
1576696012 1576696012944 211.3648
1576696013 1576696013563 199.5746
1576696013 1576696013584 183.4372
1576696014 1576696014070 233.3012
1576696015 1576696015606 277.5613
1576696018 1576696018065 232.092
1576696018 1576696018104 176.3164
1576696018 1576696018906 157.6717
1576696020 1576696020218 201.6645
1576696020 1576696020717 212.0865
1576696020 1576696020975 156.3474
1576696023 1576696023010 154.4829
1576696023 1576696023492 294.5327
