Linux 4.19.0-6-amd64 (debian) 	12/18/2019 	_x86_64_	(4 CPU)

# Time        UID       PID  minflt/s  majflt/s     VSZ     RSS   %MEM   kB_rd/s   kB_wr/s kB_ccwr/s iodelay  Command
1576695941    117     30416      1.00      0.00 1713112   90052   2.39      0.00   2100.00      0.00       0  mysqld

# Time        UID       PID  minflt/s  majflt/s     VSZ     RSS   %MEM   kB_rd/s   kB_wr/s kB_ccwr/s iodelay  Command
1576695942    117     30416    130.00      0.00 1846984   90576   2.40      0.00      0.00      0.00       0  mysqld

# Time        UID       PID  minflt/s  majflt/s     VSZ     RSS   %MEM   kB_rd/s   kB_wr/s kB_ccwr/s iodelay  Command
1576695943    117     30416      0.00      0.00 1846984   90576   2.40      0.00      0.00      0.00       0  mysqld

# Time        UID       PID  minflt/s  majflt/s     VSZ     RSS   %MEM   kB_rd/s   kB_wr/s kB_ccwr/s iodelay  Command
1576695944    117     30416      0.00      0.00 1846984   90576   2.40      0.00      0.00      0.00       0  mysqld

# Time        UID       PID  minflt/s  majflt/s     VSZ     RSS   %MEM   kB_rd/s   kB_wr/s kB_ccwr/s iodelay  Command
1576695945    117     30416      0.00      0.00 1846984   90576   2.40      0.00      0.00      0.00       0  mysqld

# Time        UID       PID  minflt/s  majflt/s     VSZ     RSS   %MEM   kB_rd/s   kB_wr/s kB_ccwr/s iodelay  Command
1576695946    117     30416      0.00      0.00 1846984   90576   2.40      0.00      0.00      0.00       0  mysqld

# Time        UID       PID  minflt/s  majflt/s     VSZ     RSS   %MEM   kB_rd/s   kB_wr/s kB_ccwr/s iodelay  Command
1576695947    117     30416      0.00      0.00 1846984   90576   2.40      0.00      0.00      0.00       0  mysqld

# Time        UID       PID  minflt/s  majflt/s     VSZ     RSS   %MEM   kB_rd/s   kB_wr/s kB_ccwr/s iodelay  Command
1576695948    117     30416      0.00      0.00 1846984   90576   2.40      0.00      0.00      0.00       0  mysqld

# Time        UID       PID  minflt/s  majflt/s     VSZ     RSS   %MEM   kB_rd/s   kB_wr/s kB_ccwr/s iodelay  Command
1576695949    117     30416      0.00      0.00 1846984   90576   2.40      0.00      0.00      0.00       0  mysqld

# Time        UID       PID  minflt/s  majflt/s     VSZ     RSS   %MEM   kB_rd/s   kB_wr/s kB_ccwr/s iodelay  Command
1576695950    117     30416      0.00      0.00 1846984   90576   2.40      0.00      0.00      0.00       0  mysqld

# Time        UID       PID  minflt/s  majflt/s     VSZ     RSS   %MEM   kB_rd/s   kB_wr/s kB_ccwr/s iodelay  Command
1576695951    117     30416      0.00      0.00 1846984   90576   2.40      0.00      0.00      0.00       0  mysqld

# Time        UID       PID  minflt/s  majflt/s     VSZ     RSS   %MEM   kB_rd/s   kB_wr/s kB_ccwr/s iodelay  Command
1576695952    117     30416      0.00      0.00 1846984   90576   2.40      0.00      0.00      0.00       0  mysqld

# Time        UID       PID  minflt/s  majflt/s     VSZ     RSS   %MEM   kB_rd/s   kB_wr/s kB_ccwr/s iodelay  Command
1576695953    117     30416      0.00      0.00 1846984   91600   2.43      0.00      0.00      0.00       0  mysqld

# Time        UID       PID  minflt/s  majflt/s     VSZ     RSS   %MEM   kB_rd/s   kB_wr/s kB_ccwr/s iodelay  Command
1576695954    117     30416      0.00      0.00 1846984   91600   2.43      0.00      0.00      0.00       0  mysqld

# Time        UID       PID  minflt/s  majflt/s     VSZ     RSS   %MEM   kB_rd/s   kB_wr/s kB_ccwr/s iodelay  Command
1576695955    117     30416      0.00      0.00 1846984   91600   2.43      0.00      0.00      0.00       0  mysqld

# Time        UID       PID  minflt/s  majflt/s     VSZ     RSS   %MEM   kB_rd/s   kB_wr/s kB_ccwr/s iodelay  Command
1576695956    117     30416      0.00      0.00 1846984   91600   2.43      0.00      0.00      0.00       0  mysqld

# Time        UID       PID  minflt/s  majflt/s     VSZ     RSS   %MEM   kB_rd/s   kB_wr/s kB_ccwr/s iodelay  Command
1576695957    117     30416      0.00      0.00 1846984   91600   2.43      0.00      0.00      0.00       0  mysqld

# Time        UID       PID  minflt/s  majflt/s     VSZ     RSS   %MEM   kB_rd/s   kB_wr/s kB_ccwr/s iodelay  Command
1576695958    117     30416      0.00      0.00 1846984   91600   2.43      0.00      0.00      0.00       0  mysqld

# Time        UID       PID  minflt/s  majflt/s     VSZ     RSS   %MEM   kB_rd/s   kB_wr/s kB_ccwr/s iodelay  Command
1576695959    117     30416      0.00      0.00 1846984   91600   2.43      0.00      0.00      0.00       0  mysqld

# Time        UID       PID  minflt/s  majflt/s     VSZ     RSS   %MEM   kB_rd/s   kB_wr/s kB_ccwr/s iodelay  Command
1576695960    117     30416      0.00      0.00 1846984   91600   2.43      0.00      0.00      0.00       0  mysqld

# Time        UID       PID  minflt/s  majflt/s     VSZ     RSS   %MEM   kB_rd/s   kB_wr/s kB_ccwr/s iodelay  Command
1576695961    117     30416      0.00      0.00 1846984   91600   2.43      0.00      0.00      0.00       0  mysqld

# Time        UID       PID  minflt/s  majflt/s     VSZ     RSS   %MEM   kB_rd/s   kB_wr/s kB_ccwr/s iodelay  Command
1576695962    117     30416      0.00      0.00 1846984   91600   2.43      0.00      0.00      0.00       0  mysqld

# Time        UID       PID  minflt/s  majflt/s     VSZ     RSS   %MEM   kB_rd/s   kB_wr/s kB_ccwr/s iodelay  Command
1576695963    117     30416      0.00      0.00 1846984   91600   2.43      0.00      0.00      0.00       0  mysqld

# Time        UID       PID  minflt/s  majflt/s     VSZ     RSS   %MEM   kB_rd/s   kB_wr/s kB_ccwr/s iodelay  Command
1576695964    117     30416      0.00      0.00 1846984   91600   2.43      0.00      0.00      0.00       0  mysqld

# Time        UID       PID  minflt/s  majflt/s     VSZ     RSS   %MEM   kB_rd/s   kB_wr/s kB_ccwr/s iodelay  Command
1576695965    117     30416      0.00      0.00 1846984   91600   2.43      0.00      0.00      0.00       0  mysqld

# Time        UID       PID  minflt/s  majflt/s     VSZ     RSS   %MEM   kB_rd/s   kB_wr/s kB_ccwr/s iodelay  Command
1576695966    117     30416      0.00      0.00 1846984   91600   2.43      0.00      0.00      0.00       0  mysqld

# Time        UID       PID  minflt/s  majflt/s     VSZ     RSS   %MEM   kB_rd/s   kB_wr/s kB_ccwr/s iodelay  Command
1576695967    117     30416      0.00      0.00 1846984   91600   2.43      0.00      0.00      0.00       0  mysqld

# Time        UID       PID  minflt/s  majflt/s     VSZ     RSS   %MEM   kB_rd/s   kB_wr/s kB_ccwr/s iodelay  Command
1576695968    117     30416      0.00      0.00 1846984   91600   2.43      0.00      0.00      0.00       0  mysqld

# Time        UID       PID  minflt/s  majflt/s     VSZ     RSS   %MEM   kB_rd/s   kB_wr/s kB_ccwr/s iodelay  Command
1576695969    117     30416      0.00      0.00 1846984   91600   2.43      0.00      0.00      0.00       0  mysqld

# Time        UID       PID  minflt/s  majflt/s     VSZ     RSS   %MEM   kB_rd/s   kB_wr/s kB_ccwr/s iodelay  Command
1576695970    117     30416     20.00      0.00 1912820   91600   2.43      0.00      0.00      0.00       0  mysqld

# Time        UID       PID  minflt/s  majflt/s     VSZ     RSS   %MEM   kB_rd/s   kB_wr/s kB_ccwr/s iodelay  Command
1576695971    117     30416      0.00      0.00 1912820   91600   2.43      0.00      0.00      0.00       0  mysqld

# Time        UID       PID  minflt/s  majflt/s     VSZ     RSS   %MEM   kB_rd/s   kB_wr/s kB_ccwr/s iodelay  Command
1576695972    117     30416      0.00      0.00 1912820   91600   2.43      0.00      0.00      0.00       0  mysqld

# Time        UID       PID  minflt/s  majflt/s     VSZ     RSS   %MEM   kB_rd/s   kB_wr/s kB_ccwr/s iodelay  Command
1576695973    117     30416      0.00      0.00 1912820   91600   2.43      0.00      0.00      0.00       0  mysqld

# Time        UID       PID  minflt/s  majflt/s     VSZ     RSS   %MEM   kB_rd/s   kB_wr/s kB_ccwr/s iodelay  Command
1576695974    117     30416      0.00      0.00 1912820   91600   2.43      0.00      0.00      0.00       0  mysqld

# Time        UID       PID  minflt/s  majflt/s     VSZ     RSS   %MEM   kB_rd/s   kB_wr/s kB_ccwr/s iodelay  Command
1576695975    117     30416      0.00      0.00 1912820   91600   2.43      0.00      0.00      0.00       0  mysqld

# Time        UID       PID  minflt/s  majflt/s     VSZ     RSS   %MEM   kB_rd/s   kB_wr/s kB_ccwr/s iodelay  Command
1576695976    117     30416      0.00      0.00 1912820   91600   2.43      0.00      0.00      0.00       0  mysqld

# Time        UID       PID  minflt/s  majflt/s     VSZ     RSS   %MEM   kB_rd/s   kB_wr/s kB_ccwr/s iodelay  Command
1576695977    117     30416      0.00      0.00 1912820   91600   2.43      0.00      0.00      0.00       0  mysqld

# Time        UID       PID  minflt/s  majflt/s     VSZ     RSS   %MEM   kB_rd/s   kB_wr/s kB_ccwr/s iodelay  Command
1576695978    117     30416      0.00      0.00 1912820   91600   2.43      0.00      0.00      0.00       0  mysqld

# Time        UID       PID  minflt/s  majflt/s     VSZ     RSS   %MEM   kB_rd/s   kB_wr/s kB_ccwr/s iodelay  Command
1576695979    117     30416      0.00      0.00 1912820   91600   2.43      0.00      0.00      0.00       0  mysqld

# Time        UID       PID  minflt/s  majflt/s     VSZ     RSS   %MEM   kB_rd/s   kB_wr/s kB_ccwr/s iodelay  Command
1576695980    117     30416      0.00      0.00 1912820   91600   2.43      0.00      0.00      0.00       0  mysqld

# Time        UID       PID  minflt/s  majflt/s     VSZ     RSS   %MEM   kB_rd/s   kB_wr/s kB_ccwr/s iodelay  Command
1576695981    117     30416      0.00      0.00 1912820   91600   2.43      0.00      0.00      0.00       0  mysqld

# Time        UID       PID  minflt/s  majflt/s     VSZ     RSS   %MEM   kB_rd/s   kB_wr/s kB_ccwr/s iodelay  Command
1576695982    117     30416      0.00      0.00 1912820   91600   2.43      0.00      0.00      0.00       0  mysqld

# Time        UID       PID  minflt/s  majflt/s     VSZ     RSS   %MEM   kB_rd/s   kB_wr/s kB_ccwr/s iodelay  Command
1576695983    117     30416      0.00      0.00 1912820   91600   2.43      0.00      0.00      0.00       0  mysqld

# Time        UID       PID  minflt/s  majflt/s     VSZ     RSS   %MEM   kB_rd/s   kB_wr/s kB_ccwr/s iodelay  Command
1576695984    117     30416      0.00      0.00 1912820   91600   2.43      0.00      0.00      0.00       0  mysqld

# Time        UID       PID  minflt/s  majflt/s     VSZ     RSS   %MEM   kB_rd/s   kB_wr/s kB_ccwr/s iodelay  Command
1576695985    117     30416      0.00      0.00 1912820   91600   2.43      0.00      0.00      0.00       0  mysqld

# Time        UID       PID  minflt/s  majflt/s     VSZ     RSS   %MEM   kB_rd/s   kB_wr/s kB_ccwr/s iodelay  Command
1576695986    117     30416      0.00      0.00 1912820   91600   2.43      0.00      0.00      0.00       0  mysqld

# Time        UID       PID  minflt/s  majflt/s     VSZ     RSS   %MEM   kB_rd/s   kB_wr/s kB_ccwr/s iodelay  Command
1576695987    117     30416      0.00      0.00 1912820   91600   2.43      0.00      0.00      0.00       0  mysqld

# Time        UID       PID  minflt/s  majflt/s     VSZ     RSS   %MEM   kB_rd/s   kB_wr/s kB_ccwr/s iodelay  Command
1576695988    117     30416      0.00      0.00 1912820   91600   2.43      0.00      0.00      0.00       0  mysqld

# Time        UID       PID  minflt/s  majflt/s     VSZ     RSS   %MEM   kB_rd/s   kB_wr/s kB_ccwr/s iodelay  Command
1576695989    117     30416      1.00      0.00 1912820   91600   2.43      0.00      0.00      0.00       0  mysqld

# Time        UID       PID  minflt/s  majflt/s     VSZ     RSS   %MEM   kB_rd/s   kB_wr/s kB_ccwr/s iodelay  Command
1576695990    117     30416      0.00      0.00 1912820   91600   2.43      0.00      0.00      0.00       0  mysqld

# Time        UID       PID  minflt/s  majflt/s     VSZ     RSS   %MEM   kB_rd/s   kB_wr/s kB_ccwr/s iodelay  Command
1576695991    117     30416      0.00      0.00 1912820   91600   2.43      0.00      0.00      0.00       0  mysqld

# Time        UID       PID  minflt/s  majflt/s     VSZ     RSS   %MEM   kB_rd/s   kB_wr/s kB_ccwr/s iodelay  Command
1576695992    117     30416      0.00      0.00 1912820   91600   2.43      0.00      0.00      0.00       0  mysqld

# Time        UID       PID  minflt/s  majflt/s     VSZ     RSS   %MEM   kB_rd/s   kB_wr/s kB_ccwr/s iodelay  Command
1576695993    117     30416      0.00      0.00 1912820   91600   2.43      0.00      0.00      0.00       0  mysqld

# Time        UID       PID  minflt/s  majflt/s     VSZ     RSS   %MEM   kB_rd/s   kB_wr/s kB_ccwr/s iodelay  Command
1576695994    117     30416      0.00      0.00 1912820   91600   2.43      0.00      0.00      0.00       0  mysqld

# Time        UID       PID  minflt/s  majflt/s     VSZ     RSS   %MEM   kB_rd/s   kB_wr/s kB_ccwr/s iodelay  Command
1576695995    117     30416      0.00      0.00 1912820   91600   2.43      0.00      0.00      0.00       0  mysqld

# Time        UID       PID  minflt/s  majflt/s     VSZ     RSS   %MEM   kB_rd/s   kB_wr/s kB_ccwr/s iodelay  Command
1576695996    117     30416      0.00      0.00 1912820   91600   2.43      0.00      0.00      0.00       0  mysqld

# Time        UID       PID  minflt/s  majflt/s     VSZ     RSS   %MEM   kB_rd/s   kB_wr/s kB_ccwr/s iodelay  Command
1576695997    117     30416      0.00      0.00 1912820   91600   2.43      0.00      0.00      0.00       0  mysqld

# Time        UID       PID  minflt/s  majflt/s     VSZ     RSS   %MEM   kB_rd/s   kB_wr/s kB_ccwr/s iodelay  Command
1576695998    117     30416      0.00      0.00 1912820   91600   2.43      0.00      0.00      0.00       0  mysqld

# Time        UID       PID  minflt/s  majflt/s     VSZ     RSS   %MEM   kB_rd/s   kB_wr/s kB_ccwr/s iodelay  Command
1576695999    117     30416      0.00      0.00 1912820   91600   2.43      0.00      0.00      0.00       0  mysqld

# Time        UID       PID  minflt/s  majflt/s     VSZ     RSS   %MEM   kB_rd/s   kB_wr/s kB_ccwr/s iodelay  Command
1576696000    117     30416      0.00      0.00 1912820   91600   2.43      0.00      0.00      0.00       0  mysqld

# Time        UID       PID  minflt/s  majflt/s     VSZ     RSS   %MEM   kB_rd/s   kB_wr/s kB_ccwr/s iodelay  Command
1576696001    117     30416      0.00      0.00 1912820   91600   2.43      0.00      0.00      0.00       0  mysqld

# Time        UID       PID  minflt/s  majflt/s     VSZ     RSS   %MEM   kB_rd/s   kB_wr/s kB_ccwr/s iodelay  Command
1576696002    117     30416      0.00      0.00 1912820   91600   2.43      0.00      0.00      0.00       0  mysqld

# Time        UID       PID  minflt/s  majflt/s     VSZ     RSS   %MEM   kB_rd/s   kB_wr/s kB_ccwr/s iodelay  Command
1576696003    117     30416      0.00      0.00 1912820   91600   2.43      0.00      0.00      0.00       0  mysqld

# Time        UID       PID  minflt/s  majflt/s     VSZ     RSS   %MEM   kB_rd/s   kB_wr/s kB_ccwr/s iodelay  Command
1576696004    117     30416      0.00      0.00 1912820   91600   2.43      0.00      0.00      0.00       0  mysqld

# Time        UID       PID  minflt/s  majflt/s     VSZ     RSS   %MEM   kB_rd/s   kB_wr/s kB_ccwr/s iodelay  Command
1576696005    117     30416      8.00      0.00 1912820   91600   2.43      0.00      0.00      0.00       0  mysqld

# Time        UID       PID  minflt/s  majflt/s     VSZ     RSS   %MEM   kB_rd/s   kB_wr/s kB_ccwr/s iodelay  Command
1576696006    117     30416      0.00      0.00 1912820   91600   2.43      0.00      0.00      0.00       0  mysqld

# Time        UID       PID  minflt/s  majflt/s     VSZ     RSS   %MEM   kB_rd/s   kB_wr/s kB_ccwr/s iodelay  Command
1576696007    117     30416      0.00      0.00 1912820   91600   2.43      0.00      0.00      0.00       0  mysqld

# Time        UID       PID  minflt/s  majflt/s     VSZ     RSS   %MEM   kB_rd/s   kB_wr/s kB_ccwr/s iodelay  Command
1576696008    117     30416      0.00      0.00 1912820   91600   2.43      0.00      0.00      0.00       0  mysqld

# Time        UID       PID  minflt/s  majflt/s     VSZ     RSS   %MEM   kB_rd/s   kB_wr/s kB_ccwr/s iodelay  Command
1576696009    117     30416      0.00      0.00 1912820   91600   2.43      0.00      0.00      0.00       0  mysqld

# Time        UID       PID  minflt/s  majflt/s     VSZ     RSS   %MEM   kB_rd/s   kB_wr/s kB_ccwr/s iodelay  Command
1576696010    117     30416      0.00      0.00 1912820   91600   2.43      0.00      0.00      0.00       0  mysqld

# Time        UID       PID  minflt/s  majflt/s     VSZ     RSS   %MEM   kB_rd/s   kB_wr/s kB_ccwr/s iodelay  Command
1576696011    117     30416      0.00      0.00 1912820   91600   2.43      0.00      0.00      0.00       0  mysqld

# Time        UID       PID  minflt/s  majflt/s     VSZ     RSS   %MEM   kB_rd/s   kB_wr/s kB_ccwr/s iodelay  Command
1576696012    117     30416      0.00      0.00 1912820   91600   2.43      0.00      0.00      0.00       0  mysqld

# Time        UID       PID  minflt/s  majflt/s     VSZ     RSS   %MEM   kB_rd/s   kB_wr/s kB_ccwr/s iodelay  Command
1576696013    117     30416      0.00      0.00 1912820   91600   2.43      0.00      0.00      0.00       0  mysqld

# Time        UID       PID  minflt/s  majflt/s     VSZ     RSS   %MEM   kB_rd/s   kB_wr/s kB_ccwr/s iodelay  Command
1576696014    117     30416      0.00      0.00 1912820   91600   2.43      0.00      0.00      0.00       0  mysqld

# Time        UID       PID  minflt/s  majflt/s     VSZ     RSS   %MEM   kB_rd/s   kB_wr/s kB_ccwr/s iodelay  Command
1576696015    117     30416      0.00      0.00 1912820   91600   2.43      0.00      0.00      0.00       0  mysqld

# Time        UID       PID  minflt/s  majflt/s     VSZ     RSS   %MEM   kB_rd/s   kB_wr/s kB_ccwr/s iodelay  Command
1576696016    117     30416      0.00      0.00 1912820   91600   2.43      0.00      0.00      0.00       0  mysqld

# Time        UID       PID  minflt/s  majflt/s     VSZ     RSS   %MEM   kB_rd/s   kB_wr/s kB_ccwr/s iodelay  Command
1576696017    117     30416      0.00      0.00 1912820   91600   2.43      0.00      0.00      0.00       0  mysqld

# Time        UID       PID  minflt/s  majflt/s     VSZ     RSS   %MEM   kB_rd/s   kB_wr/s kB_ccwr/s iodelay  Command
1576696018    117     30416      0.00      0.00 1912820   91600   2.43      0.00      0.00      0.00       0  mysqld

# Time        UID       PID  minflt/s  majflt/s     VSZ     RSS   %MEM   kB_rd/s   kB_wr/s kB_ccwr/s iodelay  Command
1576696019    117     30416      0.00      0.00 1912820   91600   2.43      0.00      0.00      0.00       0  mysqld

# Time        UID       PID  minflt/s  majflt/s     VSZ     RSS   %MEM   kB_rd/s   kB_wr/s kB_ccwr/s iodelay  Command
1576696020    117     30416      0.00      0.00 1912820   91600   2.43      0.00      0.00      0.00       0  mysqld

# Time        UID       PID  minflt/s  majflt/s     VSZ     RSS   %MEM   kB_rd/s   kB_wr/s kB_ccwr/s iodelay  Command
1576696021    117     30416      0.00      0.00 1912820   91600   2.43      0.00      0.00      0.00       0  mysqld

# Time        UID       PID  minflt/s  majflt/s     VSZ     RSS   %MEM   kB_rd/s   kB_wr/s kB_ccwr/s iodelay  Command
1576696022    117     30416      0.00      0.00 1912820   91600   2.43      0.00      0.00      0.00       0  mysqld

# Time        UID       PID  minflt/s  majflt/s     VSZ     RSS   %MEM   kB_rd/s   kB_wr/s kB_ccwr/s iodelay  Command
1576696023    117     30416      0.00      0.00 1912820   91600   2.43      0.00      0.00      0.00       0  mysqld

# Time        UID       PID  minflt/s  majflt/s     VSZ     RSS   %MEM   kB_rd/s   kB_wr/s kB_ccwr/s iodelay  Command
1576696024    117     30416      0.00      0.00 1912820   91600   2.43      0.00      0.00      0.00       0  mysqld

# Time        UID       PID  minflt/s  majflt/s     VSZ     RSS   %MEM   kB_rd/s   kB_wr/s kB_ccwr/s iodelay  Command
1576696025    117     30416      0.00      0.00 1912820   91600   2.43      0.00      0.00      0.00       0  mysqld

# Time        UID       PID  minflt/s  majflt/s     VSZ     RSS   %MEM   kB_rd/s   kB_wr/s kB_ccwr/s iodelay  Command
1576696026    117     30416      0.00      0.00 1912820   91600   2.43      0.00      0.00      0.00       0  mysqld

