1576697084 1576697084410 580.7438
1576697084 1576697084650 501.5911
1576697088 1576697088232 401.8731
1576697090 1576697090560 400.3492
1576697091 1576697091997 656.6414
1576697092 1576697092034 674.5324
1576697093 1576697093221 400.664
1576697095 1576697095000 409.7609
1576697096 1576697096264 400.3306
1576697097 1576697097646 401.0868
1576697098 1576697098721 426.9734
1576697099 1576697099075 552.0232
1576697099 1576697099296 539.292
1576697100 1576697100717 402.2738
1576697101 1576697101596 401.2703
1576697102 1576697102410 401.2827
1576697102 1576697102939 399.4262
1576697103 1576697103771 423.0913
1576697104 1576697104881 401.1493
1576697105 1576697105703 398.2154
1576697106 1576697106739 397.4502
1576697107 1576697107073 429.7468
1576697108 1576697108044 520.7531
1576697108 1576697108216 582.7441
1576697110 1576697110926 542.2553
1576697111 1576697111077 599.8491
1576697111 1576697111807 397.78
1576697113 1576697113133 401.2855
1576697114 1576697114644 575.4838
1576697118 1576697118304 402.4862
1576697119 1576697119236 402.3964
1576697120 1576697120410 680.6421
1576697120 1576697120417 693.5237
1576697120 1576697120717 617.0867
1576697123 1576697123357 404.0578
1576697123 1576697123811 408.6053
1576697125 1576697125495 413.7132
1576697125 1576697125847 559.2303
1576697126 1576697126069 552.4793
1576697127 1576697127395 399.3256
1576697130 1576697130972 602.0111
1576697131 1576697131062 636.1864
1576697134 1576697134980 399.5538
1576697135 1576697135690 435.3917
1576697135 1576697135963 511.8453
1576697136 1576697136244 470.6059
1576697139 1576697139796 403.664
1576697140 1576697140143 430.6412
1576697140 1576697140564 406.1647
1576697141 1576697141633 400.532
1576697142 1576697142451 400.4139
1576697143 1576697143108 400.5337
1576697145 1576697145485 495.8841
1576697145 1576697145681 562.7867
1576697146 1576697146398 400.9506
1576697148 1576697148843 409.1288
1576697149 1576697149310 399.1143
1576697151 1576697151182 398.1027
1576697151 1576697151526 463.7149
1576697151 1576697151806 482.4341
1576697153 1576697153971 400.8533
1576697154 1576697154799 657.3132
1576697154 1576697154835 659.8476
1576697158 1576697158270 568.3874
1576697158 1576697158393 615.0498
1576697159 1576697159329 398.5362
1576697159 1576697159875 398.5926
1576697160 1576697160380 432.3252
1576697160 1576697160648 500.4572
1576697161 1576697161708 399.9392
1576697162 1576697162056 426.5184
1576697165 1576697165397 399.2443
1576697169 1576697169569 626.0176
1576697169 1576697169669 683.8753
1576697169 1576697169928 648.9149
1576697172 1576697172749 403.5527
1576697174 1576697174115 405.0717
1576697177 1576697177104 733.0471
1576697177 1576697177303 653.1966
1576697177 1576697177546 652.4964
1576697178 1576697178173 405.7854
1576697180 1576697180035 402.3272
1576697180 1576697180577 399.117
1576697181 1576697181613 399.2513
1576697182 1576697182061 400.7236
1576697183 1576697183328 400.3987
1576697186 1576697186301 401.3778
1576697186 1576697186647 432.5838
1576697188 1576697188074 522.4801
1576697188 1576697188335 683.0062
1576697188 1576697188539 678.0487
1576697189 1576697189141 402.0195
1576697189 1576697189589 399.8083
1576697192 1576697192376 553.7826
1576697192 1576697192800 835.9615
1576697192 1576697192807 836.8
1576697196 1576697196675 398.2984
1576697197 1576697197223 413.3355
1576697197 1576697197503 469.2694
1576697197 1576697197928 398.5539
