1576695167 1576695167379 239.0226
1576695167 1576695167379 410.715
1576695167 1576695167846 100.5508
1576695168 1576695168014 100.2734
1576695169 1576695169120 105.2138
1576695169 1576695169908 104.9243
1576695170 1576695170965 105.4517
1576695171 1576695171991 111.9409
1576695172 1576695172354 104.3242
1576695172 1576695172393 103.4464
1576695172 1576695172442 103.6264
1576695172 1576695172996 103.8662
1576695173 1576695173011 105.1053
1576695173 1576695173528 106.1826
1576695178 1576695178573 102.3628
1576695180 1576695180901 165.5023
1576695182 1576695182435 181.4897
1576695184 1576695184688 182.2513
1576695185 1576695185919 176.2197
1576695186 1576695186841 239.6147
1576695187 1576695187658 185.7659
1576695189 1576695189297 213.9101
1576695189 1576695189503 112.4954
1576695190 1576695190014 226.417
1576695197 1576695197079 236.5306
1576695198 1576695198000 181.382
1576695198 1576695198511 236.5721
1576695201 1576695201173 187.3077
1576695201 1576695201898 175.0649
1576695202 1576695202006 114.8969
1576695203 1576695203531 160.6983
1576695204 1576695204351 231.2437
1576695205 1576695205236 197.4321
1576695209 1576695209300 212.3408
1576695210 1576695210905 200.7276
1576695211 1576695211211 192.0562
1576695211 1576695211417 113.1396
1576695211 1576695211828 177.8712
1576695213 1576695213463 241.2543
1576695213 1576695213464 151.3199
1576695215 1576695215103 165.223
1576695215 1576695215185 115.6916
1576695215 1576695215921 155.8747
1576695216 1576695216066 112.579
1576695217 1576695217046 144.8646
1576695217 1576695217662 224.5404
1576695217 1576695217817 114.2816
1576695218 1576695218277 210.5738
1576695219 1576695219301 143.2115
1576695220 1576695220017 146.5679
1576695220 1576695220017 181.1445
1576695221 1576695221859 154.8197
1576695223 1576695223296 188.4753
1576695224 1576695224420 181.6694
1576695225 1576695225258 112.841
1576695226 1576695226058 140.9858
1576695226 1576695226766 128.6701
1576695226 1576695226766 145.6823
1576695227 1576695227391 203.4688
1576695227 1576695227453 113.6976
1576695228 1576695228518 403.6311
1576695228 1576695228518 294.0665
1576695229 1576695229338 237.179
1576695231 1576695231177 229.2895
1576695231 1576695231387 119.6442
1576695231 1576695231523 111.6743
1576695232 1576695232942 111.8097
1576695233 1576695233635 179.698
1576695233 1576695233828 112.1666
1576695234 1576695234352 199.6078
1576695234 1576695234865 140.9178
1576695235 1576695235296 110.9154
1576695235 1576695235785 146.4106
1576695235 1576695235852 112.6093
1576695239 1576695239800 238.949
1576695240 1576695240906 162.9972
1576695242 1576695242442 190.1914
1576695243 1576695243263 144.5424
1576695245 1576695245212 246.2162
1576695246 1576695246332 235.7528
1576695246 1576695246427 111.6548
1576695247 1576695247460 154.7706
1576695248 1576695248280 173.1291
1576695248 1576695248688 155.2085
1576695251 1576695251388 112.5209
1576695251 1576695251867 130.6324
1576695251 1576695251867 143.7883
1576695254 1576695254441 272.6537
1576695255 1576695255143 189.3475
1576695256 1576695256980 203.3914
1576695257 1576695257699 177.531
1576695258 1576695258931 151.2602
1576695258 1576695258932 170.0858
1576695259 1576695259645 199.5442
1576695259 1576695259856 116.8002
1576695260 1576695260671 199.2408
1576695261 1576695261285 242.3063
1576695265 1576695265175 227.3235
1576695265 1576695265221 112.2039
1576695265 1576695265995 193.0186
